#
# A fatal error has been detected by the Java Runtime Environment:
#
#  EXCEPTION_ACCESS_VIOLATION (0xc0000005) at pc=0x00007ffc199f6e7a, pid=35064, tid=23448
#
# JRE version: OpenJDK Runtime Environment (23.0.1+11) (build 23.0.1+11-39)
# Java VM: OpenJDK 64-Bit Server VM (23.0.1+11-39, mixed mode, sharing, tiered, compressed oops, compressed class ptrs, g1 gc, windows-amd64)
# Problematic frame:
# C  [CoreMessaging.dll+0x16e7a]
#
# No core dump will be written. Minidumps are not enabled by default on client versions of Windows
#
# If you would like to submit a bug report, please visit:
#   https://bugreport.java.com/bugreport/crash.jsp
# The crash happened outside the Java Virtual Machine in native code.
# See problematic frame for where to report the bug.
#

---------------  S U M M A R Y ------------

Command Line: -Dfile.encoding=UTF-8 -Duser.country=US -Duser.language=en -Duser.variant SimpleSimulation.Main

Host: AMD Ryzen 7 7800X3D 8-Core Processor           , 16 cores, 31G,  Windows 10 , 64 bit Build 19041 (10.0.19041.5198)
Time: Wed Jan  8 21:28:51 2025 Pacific Standard Time elapsed time: 0.644976 seconds (0d 0h 0m 0s)

---------------  T H R E A D  ---------------

Current thread (0x0000022db42f1c20):  JavaThread "main"             [_thread_in_native, id=23448, stack(0x000000b193d00000,0x000000b193e00000) (1024K)]

Stack: [0x000000b193d00000,0x000000b193e00000],  sp=0x000000b193dfedc0,  free space=1019k
Native frames: (J=compiled Java code, j=interpreted, Vv=VM code, C=native code)
C  [CoreMessaging.dll+0x16e7a]  (no source info available)
C  [CoreMessaging.dll+0x16d51]  (no source info available)
C  [USER32.dll+0xef5c]  (no source info available)
C  [USER32.dll+0xe684]  (no source info available)
C  [glfw.dll+0x11a0c]  (no source info available)
C  0x0000022dc60dd307  (no source info available)

The last pc belongs to native method entry point (kind = native) (printed below).
Java frames: (J=compiled Java code, j=interpreted, Vv=VM code)
j  org.lwjgl.system.JNI.invokeV(J)V+0
j  org.lwjgl.glfw.GLFW.glfwPollEvents()V+5
j  SimpleSimulation.engine.Window.loop()V+19
j  SimpleSimulation.engine.Window.run()V+19
j  SimpleSimulation.Main.main([Ljava/lang/String;)V+5
v  ~StubRoutines::call_stub 0x0000022dc60d0fcd

siginfo: EXCEPTION_ACCESS_VIOLATION (0xc0000005), reading address 0x0000000000000000


Registers:
RAX=0x0000000000000001, RBX=0x0000000000000000, RCX=0xd76b2becc8a60000, RDX=0x0000022ddbed4e00
RSP=0x000000b193dfedc0, RBP=0x0000000000000001, RSI=0x0000000000000000, RDI=0x0000000000000004
R8 =0x00007ffc199f6d51, R9 =0x0000000000000000, R10=0x0000000000000000, R11=0x0000000000000246
R12=0x0000000000000001, R13=0x0000000000000000, R14=0x0000000000000000, R15=0x0000000000000001
RIP=0x00007ffc199f6e7a, EFLAGS=0x0000000000010202


Register to memory mapping:

RAX=0x0000000000000001 is an unknown value
RBX=0x0 is null
RCX=0xd76b2becc8a60000 is an unknown value
RDX=0x0000022ddbed4e00 points into unknown readable memory: 0x00007ffc19a79d58 | 58 9d a7 19 fc 7f 00 00
RSP=0x000000b193dfedc0 is pointing into the stack for thread: 0x0000022db42f1c20
RBP=0x0000000000000001 is an unknown value
RSI=0x0 is null
RDI=0x0000000000000004 is an unknown value
R8 =0x00007ffc199f6d51 CoreMessaging.dll
R9 =0x0 is null
R10=0x0 is null
R11=0x0000000000000246 is an unknown value
R12=0x0000000000000001 is an unknown value
R13=0x0 is null
R14=0x0 is null
R15=0x0000000000000001 is an unknown value

Top of Stack: (sp=0x000000b193dfedc0)
0x000000b193dfedc0:   0000000000000000 0000000000000000
0x000000b193dfedd0:   0000000080000022 0000000000000000
0x000000b193dfede0:   0000000000000000 0000000093dfef68
0x000000b193dfedf0:   0000000000000000 0000000000000000
0x000000b193dfee00:   0000000000000000 0000000000000000
0x000000b193dfee10:   000000008000ffff 0000022ddbed4e00
0x000000b193dfee20:   000000000000001e 0000022ddbed56c0
0x000000b193dfee30:   0000022ddbed4f40 00007ffc216a9993
0x000000b193dfee40:   0000000000000000 00000000014004be
0x000000b193dfee50:   0000000000000001 00007ffc00000000
0x000000b193dfee60:   0000000000000000 000000b193925800
0x000000b193dfee70:   fffffffffffffffe 00007ffc213f2332
0x000000b193dfee80:   0000000000000000 0000000000000000
0x000000b193dfee90:   00000000014004be 00007ffc199f6d51
0x000000b193dfeea0:   0000000000000000 0000000000000000
0x000000b193dfeeb0:   00000000014004be 00007ffc213dec40
0x000000b193dfeec0:   00007ffc213df163 0000000000000000
0x000000b193dfeed0:   0000000000000000 0000000000000000
0x000000b193dfeee0:   0000d7dab8332606 0000000000000000
0x000000b193dfeef0:   0000000000000060 0000000000000001
0x000000b193dfef00:   0000000080000022 00000000014004be
0x000000b193dfef10:   000000b193dff268 00007ffc213def5c
0x000000b193dfef20:   0000000000000001 0000000000000060
0x000000b193dfef30:   0000000000000001 00000000014004be
0x000000b193dfef40:   0000000000000000 00000000001203a6
0x000000b193dfef50:   0000000000000000 00007ffc213f10db
0x000000b193dfef60:   0000000000000000 0000000000000000
0x000000b193dfef70:   0000000000000000 0000000100000000
0x000000b193dfef80:   0000000080000022 0000000000000000
0x000000b193dfef90:   0000000000000000 0000000000000000
0x000000b193dfefa0:   0000000000000000 00007ffc2145f070
0x000000b193dfefb0:   0000022ddb402650 00007ffc21731374 

Instructions: (pc=0x00007ffc199f6e7a)
0x00007ffc199f6d7a:   00 00 00 e8 ee 12 04 00 84 c0 74 40 e8 09 13 04
0x00007ffc199f6d8a:   00 33 d2 48 8b cf e8 47 c9 ff ff eb 2f f6 05 62
0x00007ffc199f6d9a:   ab 0b 00 20 74 1c 48 8d 44 24 30 41 b9 01 00 00
0x00007ffc199f6daa:   00 48 8d 15 8e 53 08 00 48 89 44 24 20 e8 b8 1a
0x00007ffc199f6dba:   06 00 b2 01 48 8b cf e8 4a e3 06 00 48 8b 5c 24
0x00007ffc199f6dca:   58 49 8b c6 4c 8b 74 24 50 48 8b 4c 24 40 48 33
0x00007ffc199f6dda:   cc e8 30 fb 03 00 48 83 c4 60 5f 5e 5d c3 e8 93
0x00007ffc199f6dea:   bf 05 00 cc e8 6d bf 05 00 cc e8 87 bf 05 00 cc
0x00007ffc199f6dfa:   66 90 f7 6c 01 00 41 6d 01 00 97 6d 01 00 f4 6d
0x00007ffc199f6e0a:   01 00 f4 6d 01 00 53 6d 01 00 78 6d 01 00 8b 6d
0x00007ffc199f6e1a:   01 00 cc cc cc cc 48 8b c4 57 41 56 41 57 48 81
0x00007ffc199f6e2a:   ec c0 00 00 00 48 c7 40 d8 fe ff ff ff 48 89 58
0x00007ffc199f6e3a:   08 48 89 70 10 45 0f b6 f8 8b fa 48 8b d9 33 f6
0x00007ffc199f6e4a:   48 89 74 24 38 89 70 88 89 70 c0 4c 8b 84 24 d8
0x00007ffc199f6e5a:   00 00 00 45 33 c9 8d 56 01 48 8d 4c 24 50 e8 e7
0x00007ffc199f6e6a:   33 00 00 84 c0 0f 84 f0 01 00 00 48 89 74 24 30
0x00007ffc199f6e7a:   48 8b 1b 48 85 db 0f 84 c8 9f 04 00 8b 0d f8 81
0x00007ffc199f6e8a:   0b 00 ff 15 ae f3 07 00 48 8d 88 88 00 00 00 b8
0x00007ffc199f6e9a:   00 00 00 80 48 03 c3 41 be ff ff ff ff 49 3b c6
0x00007ffc199f6eaa:   76 0d e8 67 6b 05 00 48 8b c8 e8 8f 9b ff ff 4c
0x00007ffc199f6eba:   8d 8c 24 f8 00 00 00 4c 8d 44 24 40 8b d3 e8 c3
0x00007ffc199f6eca:   01 00 00 48 8b 44 24 40 48 8b 10 48 85 d2 74 14
0x00007ffc199f6eda:   48 8b 42 08 48 8d 0d 2b 9b 08 00 48 3b c1 0f 85
0x00007ffc199f6eea:   6f 9f 04 00 48 8d 4c 24 30 e8 0c ac fe ff 4c 8d
0x00007ffc199f6efa:   4c 24 38 44 8b c7 41 0f b6 d7 48 8b 5c 24 30 48
0x00007ffc199f6f0a:   8b cb e8 ef 1b 00 00 90 48 85 db 74 09 48 8b cb
0x00007ffc199f6f1a:   e8 65 83 ff ff 90 8b 44 24 60 a8 40 75 04 89 74
0x00007ffc199f6f2a:   24 50 a8 10 74 6b 48 8b 5c 24 70 4c 8b c3 48 8b
0x00007ffc199f6f3a:   0b e8 b4 0f 04 00 89 73 20 80 3d e6 90 0b 00 00
0x00007ffc199f6f4a:   74 44 48 8b 4c 24 58 48 83 c1 78 48 8b 54 24 70
0x00007ffc199f6f5a:   48 83 c2 f8 48 3b ca 0f 87 1a 9f 04 00 48 8b c2
0x00007ffc199f6f6a:   48 2b c1 48 3d c0 01 00 00 0f 83 08 9f 04 00 48 


Stack slot to memory mapping:

stack at sp + 0 slots: 0x0 is null
stack at sp + 1 slots: 0x0 is null
stack at sp + 2 slots: 0x0000000080000022 is an unknown value
stack at sp + 3 slots: 0x0 is null
stack at sp + 4 slots: 0x0 is null
stack at sp + 5 slots: 0x0000000093dfef68 is an unknown value
stack at sp + 6 slots: 0x0 is null
stack at sp + 7 slots: 0x0 is null

Lock stack of current Java thread (top to bottom):

native method entry point (kind = native)  [0x0000022dc60dcee0, 0x0000022dc60ddb38]  3160 bytes
[MachCode]
  0x0000022dc60dcee0: 488b 4b08 | 0fb7 492e | 584c 8d74 | ccf8 6800 | 0000 0068 | 0000 0000 | 5055 488b | ec41 5568 
  0x0000022dc60dcf00: 0000 0000 | 4c8b 6b08 | 4d8d 6d38 | 5348 8b53 | 0848 8b52 | 0848 8b52 | 1848 8b52 | 7048 8b12 
  0x0000022dc60dcf20: 5248 8b53 | 1048 85d2 | 0f84 0700 | 0000 4881 | c210 0100 | 0052 488b | 5308 488b | 5208 488b 
  0x0000022dc60dcf40: 5210 5249 | 8bc6 482b | c548 c1e8 | 0350 6800 | 0000 0068 | f7ff ffff | 41c6 8771 | 0400 0001 
  0x0000022dc60dcf60: 488b 4310 | 4885 c074 | 208b 88cc | 0000 0083 | c102 8988 | cc00 0000 | 2388 e000 | 0000 0f84 
  0x0000022dc60dcf80: 000b 0000 | e9cf 0000 | 0048 8b43 | 1848 85c0 | 0f85 b000 | 0000 e805 | 0000 00e9 | 9900 0000 
  0x0000022dc60dcfa0: 488b d348 | 8d44 2408 | 4c89 6dc0 | 498b cfc5 | f877 4989 | afb0 0300 | 0049 8987 | a003 0000 
  0x0000022dc60dcfc0: 4883 ec20 | 40f6 c40f | 0f84 1900 | 0000 4883 | ec08 48b8 | 9026 29c3 | fb7f 0000 | ffd0 4883 
  0x0000022dc60dcfe0: c408 e90c | 0000 0048 | b890 2629 | c3fb 7f00 | 00ff d048 | 83c4 2049 | c787 a003 | 0000 0000 
  0x0000022dc60dd000: 0000 49c7 | 87b0 0300 | 0000 0000 | 0049 c787 | a803 0000 | 0000 0000 | c5f8 7749 | 837f 0800 
  0x0000022dc60dd020: 0f84 0500 | 0000 e995 | 3eff ff4c | 8b6d c04c | 8b75 c84e | 8d74 f500 | c348 8b43 | 1848 85c0 
  0x0000022dc60dd040: 0f84 1200 | 0000 8b48 | 0883 c102 | 8948 0823 | 481c 0f84 | 2c0a 0000 | 493b a7e8 | 0400 000f 
  0x0000022dc60dd060: 8748 0000 | 0089 8424 | 00f0 ffff | 8984 2400 | e0ff ff89 | 8424 00d0 | ffff 8984 | 2400 c0ff 
  0x0000022dc60dd080: ff89 8424 | 00b0 ffff | 8984 2400 | a0ff ff89 | 8424 0090 | ffff 8984 | 2400 80ff | ff49 3ba7 
  0x0000022dc60dd0a0: e004 0000 | 7607 4989 | a7e8 0400 | 0041 c687 | 7104 0000 | 0049 ba41 | adb0 c3fb | 7f00 0041 
  0x0000022dc60dd0c0: 803a 000f | 843e 0000 | 0048 8b55 | e849 8bcf | 4883 ec20 | 40f6 c40f | 0f84 1900 | 0000 4883 
  0x0000022dc60dd0e0: ec08 48b8 | 10ee 60c3 | fb7f 0000 | ffd0 4883 | c408 e90c | 0000 0048 | b810 ee60 | c3fb 7f00 
  0x0000022dc60dd100: 00ff d048 | 83c4 2048 | 8b5d e84c | 8b5b 0845 | 0fb7 5b2e | 41c1 e303 | 492b e348 | 83ec 2048 
  0x0000022dc60dd120: 83e4 f04c | 8b5b 604d | 85db 0f85 | ab00 0000 | e805 0000 | 00e9 9900 | 0000 488b | d348 8d44 
  0x0000022dc60dd140: 2408 4c89 | 6dc0 498b | cfc5 f877 | 4989 afb0 | 0300 0049 | 8987 a003 | 0000 4883 | ec20 40f6 
  0x0000022dc60dd160: c40f 0f84 | 1900 0000 | 4883 ec08 | 48b8 f04d | 29c3 fb7f | 0000 ffd0 | 4883 c408 | e90c 0000 
  0x0000022dc60dd180: 0048 b8f0 | 4d29 c3fb | 7f00 00ff | d048 83c4 | 2049 c787 | a003 0000 | 0000 0000 | 49c7 87b0 
  0x0000022dc60dd1a0: 0300 0000 | 0000 0049 | c787 a803 | 0000 0000 | 0000 c5f8 | 7749 837f | 0800 0f84 | 0500 0000 
  0x0000022dc60dd1c0: e9fb 3cff | ff4c 8b6d | c04c 8b75 | c84e 8d74 | f500 c348 | 8b5d e84c | 8b5b 6041 | ffd3 488b 
  0x0000022dc60dd1e0: 5de8 4889 | 4518 448b | 5b28 41f6 | c308 0f84 | 1b00 0000 | 4c8b 5b08 | 4d8b 5b08 | 4d8b 5b18 
  0x0000022dc60dd200: 4d8b 5b70 | 4d8b 1b4c | 895d 1048 | 8d55 1048 | 8b43 5849 | ba60 3c61 | c3fb 7f00 | 0049 3bc2 
  0x0000022dc60dd220: 0f85 ab00 | 0000 e805 | 0000 00e9 | 9900 0000 | 488b d348 | 8d44 2408 | 4c89 6dc0 | 498b cfc5 
  0x0000022dc60dd240: f877 4989 | afb0 0300 | 0049 8987 | a003 0000 | 4883 ec20 | 40f6 c40f | 0f84 1900 | 0000 4883 
  0x0000022dc60dd260: ec08 48b8 | f04d 29c3 | fb7f 0000 | ffd0 4883 | c408 e90c | 0000 0048 | b8f0 4d29 | c3fb 7f00 
  0x0000022dc60dd280: 00ff d048 | 83c4 2049 | c787 a003 | 0000 0000 | 0000 49c7 | 87b0 0300 | 0000 0000 | 0049 c787 
  0x0000022dc60dd2a0: a803 0000 | 0000 0000 | c5f8 7749 | 837f 0800 | 0f84 0500 | 0000 e905 | 3cff ff4c | 8b6d c04c 
  0x0000022dc60dd2c0: 8b75 c84e | 8d74 f500 | c348 8b5d | e848 8b43 | 5849 8d8f | c003 0000 | c5f8 7749 | 89af b003 
  0x0000022dc60dd2e0: 0000 49ba | d8d2 0dc6 | 2d02 0000 | 4d89 97a8 | 0300 0049 | 89a7 a003 | 0000 41c7 | 8744 0400 
  0x0000022dc60dd300: 0004 0000 | 00ff d0c5 | f877 4883 | ec10 c5fb | 1104 2448 | 83ec 1048 | 8904 2448 | c744 2408 
  0x0000022dc60dd320: 0000 0000 | 41c7 8744 | 0400 0005 | 0000 00f0 | 8344 24c0 | 0049 3baf | 4804 0000 | 0f87 0e00 
  0x0000022dc60dd340: 0000 4183 | bf40 0400 | 0000 0f84 | 2000 0000 | 498b cf4c | 8be4 4883 | ec20 4883 | e4f0 48b8 
  0x0000022dc60dd360: 90a9 2ac3 | fb7f 0000 | ffd0 498b | e44d 33e4 | 41c7 8744 | 0400 0008 | 0000 0049 | c787 a003 
  0x0000022dc60dd380: 0000 0000 | 0000 49c7 | 87b0 0300 | 0000 0000 | 0049 c787 | a803 0000 | 0000 0000 | c5f8 774d 
  0x0000022dc60dd3a0: 8b9f 3004 | 0000 41c7 | 8300 0100 | 0000 0000 | 0049 bbda | a50d c62d | 0200 004c | 3b5d 180f 
  0x0000022dc60dd3c0: 8524 0300 | 0048 8b04 | 2448 83c4 | 1048 85c0 | 0f84 fe02 | 0000 a803 | 0f85 0800 | 0000 488b 
  0x0000022dc60dd3e0: 00e9 ee02 | 0000 a801 | 0f85 0900 | 0000 488b | 40fe e9dd | 0200 0048 | 8b40 ff41 | 807f 3800 
  0x0000022dc60dd400: 0f84 ce02 | 0000 4883 | f800 0f84 | c402 0000 | 4d8b 5f28 | 4983 fb00 | 0f84 1400 | 0000 4983 
  0x0000022dc60dd420: eb08 4d89 | 5f28 4d03 | 5f30 4989 | 03e9 a202 | 0000 4881 | ec50 0100 | 0048 8904 | 2448 894c 
  0x0000022dc60dd440: 2408 4889 | 5424 1048 | 8974 2418 | 4889 7c24 | 204c 8944 | 2428 4c89 | 4c24 304c | 8954 2438 
  0x0000022dc60dd460: 4c89 5c24 | 40c5 fb11 | 4424 50c5 | fb11 4c24 | 58c5 fb11 | 5424 60c5 | fb11 5c24 | 68c5 fb11 
  0x0000022dc60dd480: 6424 70c5 | fb11 6c24 | 78c5 fb11 | b424 8000 | 0000 c5fb | 11bc 2488 | 0000 00c5 | 7b11 8424 
  0x0000022dc60dd4a0: 9000 0000 | c57b 118c | 2498 0000 | 00c5 7b11 | 9424 a000 | 0000 c57b | 119c 24a8 | 0000 00c5 
  0x0000022dc60dd4c0: 7b11 a424 | b000 0000 | c57b 11ac | 24b8 0000 | 00c5 7b11 | b424 c000 | 0000 c57b | 11bc 24c8 
  0x0000022dc60dd4e0: 0000 0062 | e1ff 0811 | 4424 1a62 | e1ff 0811 | 4c24 1b62 | e1ff 0811 | 5424 1c62 | e1ff 0811 
  0x0000022dc60dd500: 5c24 1d62 | e1ff 0811 | 6424 1e62 | e1ff 0811 | 6c24 1f62 | e1ff 0811 | 7424 2062 | e1ff 0811 
  0x0000022dc60dd520: 7c24 2162 | 61ff 0811 | 4424 2262 | 61ff 0811 | 4c24 2362 | 61ff 0811 | 5424 2462 | 61ff 0811 
  0x0000022dc60dd540: 5c24 2562 | 61ff 0811 | 6424 2662 | 61ff 0811 | 6c24 2762 | 61ff 0811 | 7424 2862 | 61ff 0811 
  0x0000022dc60dd560: 7c24 2949 | 8bd7 488b | c848 83ec | 2040 f6c4 | 0f0f 8419 | 0000 0048 | 83ec 0848 | b8e0 071e 
  0x0000022dc60dd580: c3fb 7f00 | 00ff d048 | 83c4 08e9 | 0c00 0000 | 48b8 e007 | 1ec3 fb7f | 0000 ffd0 | 4883 c420 
  0x0000022dc60dd5a0: 6261 ff08 | 107c 2429 | 6261 ff08 | 1074 2428 | 6261 ff08 | 106c 2427 | 6261 ff08 | 1064 2426 
  0x0000022dc60dd5c0: 6261 ff08 | 105c 2425 | 6261 ff08 | 1054 2424 | 6261 ff08 | 104c 2423 | 6261 ff08 | 1044 2422 
  0x0000022dc60dd5e0: 62e1 ff08 | 107c 2421 | 62e1 ff08 | 1074 2420 | 62e1 ff08 | 106c 241f | 62e1 ff08 | 1064 241e 
  0x0000022dc60dd600: 62e1 ff08 | 105c 241d | 62e1 ff08 | 1054 241c | 62e1 ff08 | 104c 241b | 62e1 ff08 | 1044 241a 
  0x0000022dc60dd620: c57b 10bc | 24c8 0000 | 00c5 7b10 | b424 c000 | 0000 c57b | 10ac 24b8 | 0000 00c5 | 7b10 a424 
  0x0000022dc60dd640: b000 0000 | c57b 109c | 24a8 0000 | 00c5 7b10 | 9424 a000 | 0000 c57b | 108c 2498 | 0000 00c5 
  0x0000022dc60dd660: 7b10 8424 | 9000 0000 | c5fb 10bc | 2488 0000 | 00c5 fb10 | b424 8000 | 0000 c5fb | 106c 2478 
  0x0000022dc60dd680: c5fb 1064 | 2470 c5fb | 105c 2468 | c5fb 1054 | 2460 c5fb | 104c 2458 | c5fb 1044 | 2450 4c8b 
  0x0000022dc60dd6a0: 5c24 404c | 8b54 2438 | 4c8b 4c24 | 304c 8b44 | 2428 488b | 7c24 2048 | 8b74 2418 | 488b 5424 
  0x0000022dc60dd6c0: 1048 8b4c | 2408 488b | 0424 4881 | c450 0100 | 00c5 f877 | 4889 4510 | 4883 ec10 | 4889 0424 
  0x0000022dc60dd6e0: 48c7 4424 | 0800 0000 | 0041 83bf | c804 0000 | 020f 85bf | 0000 0048 | 81ec 8000 | 0000 4889 
  0x0000022dc60dd700: 4424 7848 | 894c 2470 | 4889 5424 | 6848 895c | 2460 4889 | 6c24 5048 | 8974 2448 | 4889 7c24 
  0x0000022dc60dd720: 404c 8944 | 2438 4c89 | 4c24 304c | 8954 2428 | 4c89 5c24 | 204c 8964 | 2418 4c89 | 6c24 104c 
  0x0000022dc60dd740: 8974 2408 | 4c89 3c24 | 4c8b e448 | 83ec 2048 | 83e4 f048 | b8c0 2261 | c3fb 7f00 | 00ff d049 
  0x0000022dc60dd760: 8be4 4c8b | 3c24 4c8b | 7424 084c | 8b6c 2410 | 4c8b 6424 | 184c 8b5c | 2420 4c8b | 5424 284c 
  0x0000022dc60dd780: 8b4c 2430 | 4c8b 4424 | 3848 8b7c | 2440 488b | 7424 4848 | 8b6c 2450 | 488b 5c24 | 6048 8b54 
  0x0000022dc60dd7a0: 2468 488b | 4c24 7048 | 8b44 2478 | 4881 c480 | 0000 004d | 33e4 488b | 5de8 4c8b | 6b08 4d8d 
  0x0000022dc60dd7c0: 6d38 4983 | 7f08 000f | 84bb 0000 | 00e8 0500 | 0000 e996 | 0000 0048 | 8d44 2408 | 4c89 6dc0 
  0x0000022dc60dd7e0: 498b cfc5 | f877 4989 | afb0 0300 | 0049 8987 | a003 0000 | 4883 ec20 | 40f6 c40f | 0f84 1900 
  0x0000022dc60dd800: 0000 4883 | ec08 48b8 | 006c 29c3 | fb7f 0000 | ffd0 4883 | c408 e90c | 0000 0048 | b800 6c29 
  0x0000022dc60dd820: c3fb 7f00 | 00ff d048 | 83c4 2049 | c787 a003 | 0000 0000 | 0000 49c7 | 87b0 0300 | 0000 0000 
  0x0000022dc60dd840: 0049 c787 | a803 0000 | 0000 0000 | c5f8 7749 | 837f 0800 | 0f84 0500 | 0000 e961 | 36ff ff4c 
  0x0000022dc60dd860: 8b6d c04c | 8b75 c84e | 8d74 f500 | c348 b930 | d588 c3fb | 7f00 0048 | 83e4 f048 | b870 4a4f 
  0x0000022dc60dd880: c3fb 7f00 | 00ff d0f4 | 448b 5b28 | 41f6 c320 | 0f84 7901 | 0000 488d | 55a8 4c8b | 5a08 4d85 
  0x0000022dc60dd8a0: db0f 85bb | 0000 00e8 | 0500 0000 | e996 0000 | 0048 8d44 | 2408 4c89 | 6dc0 498b | cfc5 f877 
  0x0000022dc60dd8c0: 4989 afb0 | 0300 0049 | 8987 a003 | 0000 4883 | ec20 40f6 | c40f 0f84 | 1900 0000 | 4883 ec08 
  0x0000022dc60dd8e0: 48b8 306b | 29c3 fb7f | 0000 ffd0 | 4883 c408 | e90c 0000 | 0048 b830 | 6b29 c3fb | 7f00 00ff 
  0x0000022dc60dd900: d048 83c4 | 2049 c787 | a003 0000 | 0000 0000 | 49c7 87b0 | 0300 0000 | 0000 0049 | c787 a803 
  0x0000022dc60dd920: 0000 0000 | 0000 c5f8 | 7749 837f | 0800 0f84 | 0500 0000 | e987 35ff | ff4c 8b6d | c04c 8b75 
  0x0000022dc60dd940: c84e 8d74 | f500 c348 | b930 d588 | c3fb 7f00 | 0048 83e4 | f048 b870 | 4a4f c3fb | 7f00 00ff 
  0x0000022dc60dd960: d0f4 4c89 | 6dc0 4c8b | 4a08 48c7 | 4208 0000 | 0000 458b | 8718 0600 | 004f 3b4c | 07f8 0f85 
  0x0000022dc60dd980: 4900 0000 | 4183 af18 | 0600 0008 | 4f3b 4c07 | f00f 842a | 0000 0049 | 8b01 a802 | 0f85 1200 
  0x0000022dc60dd9a0: 0000 4c8b | c049 83c8 | 01f0 4d0f | b101 0f84 | 0d00 0000 | 4183 8718 | 0600 0008 | e90c 0000 
  0x0000022dc60dd9c0: 0049 ff8f | 5005 0000 | e93e 0000 | 004c 894a | 0848 8bca | 4883 ec20 | 40f6 c40f | 0f84 1900 
  0x0000022dc60dd9e0: 0000 4883 | ec08 48b8 | f03d 29c3 | fb7f 0000 | ffd0 4883 | c408 e90c | 0000 0048 | b8f0 3d29 
  0x0000022dc60dda00: c3fb 7f00 | 00ff d048 | 83c4 204c | 8b6d c049 | ba41 adb0 | c3fb 7f00 | 0041 803a | 000f 843e 
  0x0000022dc60dda20: 0000 0048 | 8b55 e849 | 8bcf 4883 | ec20 40f6 | c40f 0f84 | 1900 0000 | 4883 ec08 | 48b8 10ee 
  0x0000022dc60dda40: 60c3 fb7f | 0000 ffd0 | 4883 c408 | e90c 0000 | 0048 b810 | ee60 c3fb | 7f00 00ff | d048 83c4 
  0x0000022dc60dda60: 2048 8b04 | 2448 83c4 | 10c5 fb10 | 0424 4883 | c410 4c8b | 5d18 41ff | d34c 8b5d | f8c9 5f49 
  0x0000022dc60dda80: 8be3 ffe7 | ba00 0000 | 00e8 0500 | 0000 e996 | 0000 0048 | 8d44 2408 | 4c89 6dc0 | 498b cfc5 
  0x0000022dc60ddaa0: f877 4989 | afb0 0300 | 0049 8987 | a003 0000 | 4883 ec20 | 40f6 c40f | 0f84 1900 | 0000 4883 
  0x0000022dc60ddac0: ec08 48b8 | a031 29c3 | fb7f 0000 | ffd0 4883 | c408 e90c | 0000 0048 | b8a0 3129 | c3fb 7f00 
  0x0000022dc60ddae0: 00ff d048 | 83c4 2049 | c787 a003 | 0000 0000 | 0000 49c7 | 87b0 0300 | 0000 0000 | 0049 c787 
  0x0000022dc60ddb00: a803 0000 | 0000 0000 | c5f8 7749 | 837f 0800 | 0f84 0500 | 0000 e9a5 | 33ff ff4c | 8b6d c04c 
  0x0000022dc60ddb20: 8b75 c84e | 8d74 f500 | c348 8b5d | e8e9 26f5 | ffff 660f | 1f44 0000 
[/MachCode]

---------------  P R O C E S S  ---------------

Threads class SMR info:
_java_thread_list=0x0000022e2f5163b0, length=15, elements={
0x0000022db42f1c20, 0x0000022dda538e60, 0x0000022dda53ad20, 0x0000022dda53ca80,
0x0000022dda53da20, 0x0000022dda53e570, 0x0000022ddb102180, 0x0000022ddb10b010,
0x0000022ddb1110c0, 0x0000022ddb1dfed0, 0x0000022ddb2bede0, 0x0000022ddb2c6090,
0x0000022e2f090550, 0x0000022e2f092c20, 0x0000022e2f517820
}

Java Threads: ( => current thread )
=>0x0000022db42f1c20 JavaThread "main"                              [_thread_in_native, id=23448, stack(0x000000b193d00000,0x000000b193e00000) (1024K)]
  0x0000022dda538e60 JavaThread "Reference Handler"          daemon [_thread_blocked, id=1620, stack(0x000000b194500000,0x000000b194600000) (1024K)]
  0x0000022dda53ad20 JavaThread "Finalizer"                  daemon [_thread_blocked, id=36372, stack(0x000000b194600000,0x000000b194700000) (1024K)]
  0x0000022dda53ca80 JavaThread "Signal Dispatcher"          daemon [_thread_blocked, id=34436, stack(0x000000b194700000,0x000000b194800000) (1024K)]
  0x0000022dda53da20 JavaThread "Attach Listener"            daemon [_thread_blocked, id=5236, stack(0x000000b194800000,0x000000b194900000) (1024K)]
  0x0000022dda53e570 JavaThread "Service Thread"             daemon [_thread_blocked, id=35236, stack(0x000000b194900000,0x000000b194a00000) (1024K)]
  0x0000022ddb102180 JavaThread "Monitor Deflation Thread"   daemon [_thread_blocked, id=2800, stack(0x000000b194a00000,0x000000b194b00000) (1024K)]
  0x0000022ddb10b010 JavaThread "C2 CompilerThread0"         daemon [_thread_blocked, id=21048, stack(0x000000b194b00000,0x000000b194c00000) (1024K)]
  0x0000022ddb1110c0 JavaThread "C1 CompilerThread0"         daemon [_thread_blocked, id=4964, stack(0x000000b194c00000,0x000000b194d00000) (1024K)]
  0x0000022ddb1dfed0 JavaThread "C1 CompilerThread1"         daemon [_thread_blocked, id=21668, stack(0x000000b194d00000,0x000000b194e00000) (1024K)]
  0x0000022ddb2bede0 JavaThread "Notification Thread"        daemon [_thread_blocked, id=22796, stack(0x000000b194e00000,0x000000b194f00000) (1024K)]
  0x0000022ddb2c6090 JavaThread "Common-Cleaner"             daemon [_thread_blocked, id=21844, stack(0x000000b194f00000,0x000000b195000000) (1024K)]
  0x0000022e2f090550 JavaThread "C1 CompilerThread2"         daemon [_thread_blocked, id=29388, stack(0x000000b195000000,0x000000b195100000) (1024K)]
  0x0000022e2f092c20 JavaThread "C1 CompilerThread3"         daemon [_thread_blocked, id=35392, stack(0x000000b195800000,0x000000b195900000) (1024K)]
  0x0000022e2f517820 JavaThread "C2 CompilerThread1"         daemon [_thread_blocked, id=6336, stack(0x000000b195900000,0x000000b195a00000) (1024K)]
Total: 15

Other Threads:
  0x0000022dda520ec0 VMThread "VM Thread"                           [id=34588, stack(0x000000b194400000,0x000000b194500000) (1024K)]
  0x0000022dda50d580 WatcherThread "VM Periodic Task Thread"        [id=38412, stack(0x000000b194300000,0x000000b194400000) (1024K)]
  0x0000022db65e7820 WorkerThread "GC Thread#0"                     [id=22180, stack(0x000000b193e00000,0x000000b193f00000) (1024K)]
  0x0000022db65fe230 ConcurrentGCThread "G1 Main Marker"            [id=9192, stack(0x000000b193f00000,0x000000b194000000) (1024K)]
  0x0000022db65ff4e0 WorkerThread "G1 Conc#0"                       [id=14920, stack(0x000000b194000000,0x000000b194100000) (1024K)]
  0x0000022dda3e1990 ConcurrentGCThread "G1 Refine#0"               [id=38456, stack(0x000000b194100000,0x000000b194200000) (1024K)]
  0x0000022dda3e2130 ConcurrentGCThread "G1 Service"                [id=19020, stack(0x000000b194200000,0x000000b194300000) (1024K)]
Total: 7

Threads with active compile tasks:
Total: 0

VM state: not at safepoint (normal execution)

VM Mutex/Monitor currently owned by a thread: None

Heap address: 0x000000060cc00000, size: 7988 MB, Compressed Oops mode: Zero based, Oop shift amount: 3

CDS archive(s) mapped at: [0x0000022ddc000000-0x0000022ddcd70000-0x0000022ddcd70000), size 14090240, SharedBaseAddress: 0x0000022ddc000000, ArchiveRelocationMode: 1.
Compressed class space mapped at: 0x0000022ddd000000-0x0000022e1d000000, reserved size: 1073741824
Narrow klass base: 0x0000022ddc000000, Narrow klass shift: 0, Narrow klass range: 0x41000000

GC Precious Log:
 CardTable entry size: 512
 Card Set container configuration: InlinePtr #cards 4 size 8 Array Of Cards #cards 32 size 80 Howl #buckets 8 coarsen threshold 7372 Howl Bitmap #cards 1024 size 144 coarsen threshold 921 Card regions per heap region 1 cards per card region 8192
 CPUs: 16 total, 16 available
 Memory: 31937M
 Large Page Support: Disabled
 NUMA Support: Disabled
 Compressed Oops: Enabled (Zero based)
 Heap Region Size: 4M
 Heap Min Capacity: 8M
 Heap Initial Capacity: 500M
 Heap Max Capacity: 7988M
 Pre-touch: Disabled
 Parallel Workers: 13
 Concurrent Workers: 3
 Concurrent Refinement Workers: 13
 Periodic GC: Disabled

Heap:
 garbage-first heap   total reserved 8179712K, committed 512000K, used 16384K [0x000000060cc00000, 0x0000000800000000)
  region size 4096K, 5 young (20480K), 0 survivors (0K)
 Metaspace       used 6796K, committed 6976K, reserved 1114112K
  class space    used 346K, committed 448K, reserved 1048576K

Heap Regions: E=young(eden), S=young(survivor), O=old, HS=humongous(starts), HC=humongous(continues), CS=collection set, F=free, TAMS=top-at-mark-start, PB=parsable bottom
|   0|0x000000060cc00000, 0x000000060cc00000, 0x000000060d000000|  0%| F|  |TAMS 0x000000060cc00000| PB 0x000000060cc00000| Untracked |  0
|   1|0x000000060d000000, 0x000000060d000000, 0x000000060d400000|  0%| F|  |TAMS 0x000000060d000000| PB 0x000000060d000000| Untracked |  0
|   2|0x000000060d400000, 0x000000060d400000, 0x000000060d800000|  0%| F|  |TAMS 0x000000060d400000| PB 0x000000060d400000| Untracked |  0
|   3|0x000000060d800000, 0x000000060d800000, 0x000000060dc00000|  0%| F|  |TAMS 0x000000060d800000| PB 0x000000060d800000| Untracked |  0
|   4|0x000000060dc00000, 0x000000060dc00000, 0x000000060e000000|  0%| F|  |TAMS 0x000000060dc00000| PB 0x000000060dc00000| Untracked |  0
|   5|0x000000060e000000, 0x000000060e000000, 0x000000060e400000|  0%| F|  |TAMS 0x000000060e000000| PB 0x000000060e000000| Untracked |  0
|   6|0x000000060e400000, 0x000000060e400000, 0x000000060e800000|  0%| F|  |TAMS 0x000000060e400000| PB 0x000000060e400000| Untracked |  0
|   7|0x000000060e800000, 0x000000060e800000, 0x000000060ec00000|  0%| F|  |TAMS 0x000000060e800000| PB 0x000000060e800000| Untracked |  0
|   8|0x000000060ec00000, 0x000000060ec00000, 0x000000060f000000|  0%| F|  |TAMS 0x000000060ec00000| PB 0x000000060ec00000| Untracked |  0
|   9|0x000000060f000000, 0x000000060f000000, 0x000000060f400000|  0%| F|  |TAMS 0x000000060f000000| PB 0x000000060f000000| Untracked |  0
|  10|0x000000060f400000, 0x000000060f400000, 0x000000060f800000|  0%| F|  |TAMS 0x000000060f400000| PB 0x000000060f400000| Untracked |  0
|  11|0x000000060f800000, 0x000000060f800000, 0x000000060fc00000|  0%| F|  |TAMS 0x000000060f800000| PB 0x000000060f800000| Untracked |  0
|  12|0x000000060fc00000, 0x000000060fc00000, 0x0000000610000000|  0%| F|  |TAMS 0x000000060fc00000| PB 0x000000060fc00000| Untracked |  0
|  13|0x0000000610000000, 0x0000000610000000, 0x0000000610400000|  0%| F|  |TAMS 0x0000000610000000| PB 0x0000000610000000| Untracked |  0
|  14|0x0000000610400000, 0x0000000610400000, 0x0000000610800000|  0%| F|  |TAMS 0x0000000610400000| PB 0x0000000610400000| Untracked |  0
|  15|0x0000000610800000, 0x0000000610800000, 0x0000000610c00000|  0%| F|  |TAMS 0x0000000610800000| PB 0x0000000610800000| Untracked |  0
|  16|0x0000000610c00000, 0x0000000610c00000, 0x0000000611000000|  0%| F|  |TAMS 0x0000000610c00000| PB 0x0000000610c00000| Untracked |  0
|  17|0x0000000611000000, 0x0000000611000000, 0x0000000611400000|  0%| F|  |TAMS 0x0000000611000000| PB 0x0000000611000000| Untracked |  0
|  18|0x0000000611400000, 0x0000000611400000, 0x0000000611800000|  0%| F|  |TAMS 0x0000000611400000| PB 0x0000000611400000| Untracked |  0
|  19|0x0000000611800000, 0x0000000611800000, 0x0000000611c00000|  0%| F|  |TAMS 0x0000000611800000| PB 0x0000000611800000| Untracked |  0
|  20|0x0000000611c00000, 0x0000000611c00000, 0x0000000612000000|  0%| F|  |TAMS 0x0000000611c00000| PB 0x0000000611c00000| Untracked |  0
|  21|0x0000000612000000, 0x0000000612000000, 0x0000000612400000|  0%| F|  |TAMS 0x0000000612000000| PB 0x0000000612000000| Untracked |  0
|  22|0x0000000612400000, 0x0000000612400000, 0x0000000612800000|  0%| F|  |TAMS 0x0000000612400000| PB 0x0000000612400000| Untracked |  0
|  23|0x0000000612800000, 0x0000000612800000, 0x0000000612c00000|  0%| F|  |TAMS 0x0000000612800000| PB 0x0000000612800000| Untracked |  0
|  24|0x0000000612c00000, 0x0000000612c00000, 0x0000000613000000|  0%| F|  |TAMS 0x0000000612c00000| PB 0x0000000612c00000| Untracked |  0
|  25|0x0000000613000000, 0x0000000613000000, 0x0000000613400000|  0%| F|  |TAMS 0x0000000613000000| PB 0x0000000613000000| Untracked |  0
|  26|0x0000000613400000, 0x0000000613400000, 0x0000000613800000|  0%| F|  |TAMS 0x0000000613400000| PB 0x0000000613400000| Untracked |  0
|  27|0x0000000613800000, 0x0000000613800000, 0x0000000613c00000|  0%| F|  |TAMS 0x0000000613800000| PB 0x0000000613800000| Untracked |  0
|  28|0x0000000613c00000, 0x0000000613c00000, 0x0000000614000000|  0%| F|  |TAMS 0x0000000613c00000| PB 0x0000000613c00000| Untracked |  0
|  29|0x0000000614000000, 0x0000000614000000, 0x0000000614400000|  0%| F|  |TAMS 0x0000000614000000| PB 0x0000000614000000| Untracked |  0
|  30|0x0000000614400000, 0x0000000614400000, 0x0000000614800000|  0%| F|  |TAMS 0x0000000614400000| PB 0x0000000614400000| Untracked |  0
|  31|0x0000000614800000, 0x0000000614800000, 0x0000000614c00000|  0%| F|  |TAMS 0x0000000614800000| PB 0x0000000614800000| Untracked |  0
|  32|0x0000000614c00000, 0x0000000614c00000, 0x0000000615000000|  0%| F|  |TAMS 0x0000000614c00000| PB 0x0000000614c00000| Untracked |  0
|  33|0x0000000615000000, 0x0000000615000000, 0x0000000615400000|  0%| F|  |TAMS 0x0000000615000000| PB 0x0000000615000000| Untracked |  0
|  34|0x0000000615400000, 0x0000000615400000, 0x0000000615800000|  0%| F|  |TAMS 0x0000000615400000| PB 0x0000000615400000| Untracked |  0
|  35|0x0000000615800000, 0x0000000615800000, 0x0000000615c00000|  0%| F|  |TAMS 0x0000000615800000| PB 0x0000000615800000| Untracked |  0
|  36|0x0000000615c00000, 0x0000000615c00000, 0x0000000616000000|  0%| F|  |TAMS 0x0000000615c00000| PB 0x0000000615c00000| Untracked |  0
|  37|0x0000000616000000, 0x0000000616000000, 0x0000000616400000|  0%| F|  |TAMS 0x0000000616000000| PB 0x0000000616000000| Untracked |  0
|  38|0x0000000616400000, 0x0000000616400000, 0x0000000616800000|  0%| F|  |TAMS 0x0000000616400000| PB 0x0000000616400000| Untracked |  0
|  39|0x0000000616800000, 0x0000000616800000, 0x0000000616c00000|  0%| F|  |TAMS 0x0000000616800000| PB 0x0000000616800000| Untracked |  0
|  40|0x0000000616c00000, 0x0000000616c00000, 0x0000000617000000|  0%| F|  |TAMS 0x0000000616c00000| PB 0x0000000616c00000| Untracked |  0
|  41|0x0000000617000000, 0x0000000617000000, 0x0000000617400000|  0%| F|  |TAMS 0x0000000617000000| PB 0x0000000617000000| Untracked |  0
|  42|0x0000000617400000, 0x0000000617400000, 0x0000000617800000|  0%| F|  |TAMS 0x0000000617400000| PB 0x0000000617400000| Untracked |  0
|  43|0x0000000617800000, 0x0000000617800000, 0x0000000617c00000|  0%| F|  |TAMS 0x0000000617800000| PB 0x0000000617800000| Untracked |  0
|  44|0x0000000617c00000, 0x0000000617c00000, 0x0000000618000000|  0%| F|  |TAMS 0x0000000617c00000| PB 0x0000000617c00000| Untracked |  0
|  45|0x0000000618000000, 0x0000000618000000, 0x0000000618400000|  0%| F|  |TAMS 0x0000000618000000| PB 0x0000000618000000| Untracked |  0
|  46|0x0000000618400000, 0x0000000618400000, 0x0000000618800000|  0%| F|  |TAMS 0x0000000618400000| PB 0x0000000618400000| Untracked |  0
|  47|0x0000000618800000, 0x0000000618800000, 0x0000000618c00000|  0%| F|  |TAMS 0x0000000618800000| PB 0x0000000618800000| Untracked |  0
|  48|0x0000000618c00000, 0x0000000618c00000, 0x0000000619000000|  0%| F|  |TAMS 0x0000000618c00000| PB 0x0000000618c00000| Untracked |  0
|  49|0x0000000619000000, 0x0000000619000000, 0x0000000619400000|  0%| F|  |TAMS 0x0000000619000000| PB 0x0000000619000000| Untracked |  0
|  50|0x0000000619400000, 0x0000000619400000, 0x0000000619800000|  0%| F|  |TAMS 0x0000000619400000| PB 0x0000000619400000| Untracked |  0
|  51|0x0000000619800000, 0x0000000619800000, 0x0000000619c00000|  0%| F|  |TAMS 0x0000000619800000| PB 0x0000000619800000| Untracked |  0
|  52|0x0000000619c00000, 0x0000000619c00000, 0x000000061a000000|  0%| F|  |TAMS 0x0000000619c00000| PB 0x0000000619c00000| Untracked |  0
|  53|0x000000061a000000, 0x000000061a000000, 0x000000061a400000|  0%| F|  |TAMS 0x000000061a000000| PB 0x000000061a000000| Untracked |  0
|  54|0x000000061a400000, 0x000000061a400000, 0x000000061a800000|  0%| F|  |TAMS 0x000000061a400000| PB 0x000000061a400000| Untracked |  0
|  55|0x000000061a800000, 0x000000061a800000, 0x000000061ac00000|  0%| F|  |TAMS 0x000000061a800000| PB 0x000000061a800000| Untracked |  0
|  56|0x000000061ac00000, 0x000000061ac00000, 0x000000061b000000|  0%| F|  |TAMS 0x000000061ac00000| PB 0x000000061ac00000| Untracked |  0
|  57|0x000000061b000000, 0x000000061b000000, 0x000000061b400000|  0%| F|  |TAMS 0x000000061b000000| PB 0x000000061b000000| Untracked |  0
|  58|0x000000061b400000, 0x000000061b400000, 0x000000061b800000|  0%| F|  |TAMS 0x000000061b400000| PB 0x000000061b400000| Untracked |  0
|  59|0x000000061b800000, 0x000000061b800000, 0x000000061bc00000|  0%| F|  |TAMS 0x000000061b800000| PB 0x000000061b800000| Untracked |  0
|  60|0x000000061bc00000, 0x000000061bc00000, 0x000000061c000000|  0%| F|  |TAMS 0x000000061bc00000| PB 0x000000061bc00000| Untracked |  0
|  61|0x000000061c000000, 0x000000061c000000, 0x000000061c400000|  0%| F|  |TAMS 0x000000061c000000| PB 0x000000061c000000| Untracked |  0
|  62|0x000000061c400000, 0x000000061c400000, 0x000000061c800000|  0%| F|  |TAMS 0x000000061c400000| PB 0x000000061c400000| Untracked |  0
|  63|0x000000061c800000, 0x000000061c800000, 0x000000061cc00000|  0%| F|  |TAMS 0x000000061c800000| PB 0x000000061c800000| Untracked |  0
|  64|0x000000061cc00000, 0x000000061cc00000, 0x000000061d000000|  0%| F|  |TAMS 0x000000061cc00000| PB 0x000000061cc00000| Untracked |  0
|  65|0x000000061d000000, 0x000000061d000000, 0x000000061d400000|  0%| F|  |TAMS 0x000000061d000000| PB 0x000000061d000000| Untracked |  0
|  66|0x000000061d400000, 0x000000061d400000, 0x000000061d800000|  0%| F|  |TAMS 0x000000061d400000| PB 0x000000061d400000| Untracked |  0
|  67|0x000000061d800000, 0x000000061d800000, 0x000000061dc00000|  0%| F|  |TAMS 0x000000061d800000| PB 0x000000061d800000| Untracked |  0
|  68|0x000000061dc00000, 0x000000061dc00000, 0x000000061e000000|  0%| F|  |TAMS 0x000000061dc00000| PB 0x000000061dc00000| Untracked |  0
|  69|0x000000061e000000, 0x000000061e000000, 0x000000061e400000|  0%| F|  |TAMS 0x000000061e000000| PB 0x000000061e000000| Untracked |  0
|  70|0x000000061e400000, 0x000000061e400000, 0x000000061e800000|  0%| F|  |TAMS 0x000000061e400000| PB 0x000000061e400000| Untracked |  0
|  71|0x000000061e800000, 0x000000061e800000, 0x000000061ec00000|  0%| F|  |TAMS 0x000000061e800000| PB 0x000000061e800000| Untracked |  0
|  72|0x000000061ec00000, 0x000000061ec00000, 0x000000061f000000|  0%| F|  |TAMS 0x000000061ec00000| PB 0x000000061ec00000| Untracked |  0
|  73|0x000000061f000000, 0x000000061f000000, 0x000000061f400000|  0%| F|  |TAMS 0x000000061f000000| PB 0x000000061f000000| Untracked |  0
|  74|0x000000061f400000, 0x000000061f400000, 0x000000061f800000|  0%| F|  |TAMS 0x000000061f400000| PB 0x000000061f400000| Untracked |  0
|  75|0x000000061f800000, 0x000000061f800000, 0x000000061fc00000|  0%| F|  |TAMS 0x000000061f800000| PB 0x000000061f800000| Untracked |  0
|  76|0x000000061fc00000, 0x000000061fc00000, 0x0000000620000000|  0%| F|  |TAMS 0x000000061fc00000| PB 0x000000061fc00000| Untracked |  0
|  77|0x0000000620000000, 0x0000000620000000, 0x0000000620400000|  0%| F|  |TAMS 0x0000000620000000| PB 0x0000000620000000| Untracked |  0
|  78|0x0000000620400000, 0x0000000620400000, 0x0000000620800000|  0%| F|  |TAMS 0x0000000620400000| PB 0x0000000620400000| Untracked |  0
|  79|0x0000000620800000, 0x0000000620800000, 0x0000000620c00000|  0%| F|  |TAMS 0x0000000620800000| PB 0x0000000620800000| Untracked |  0
|  80|0x0000000620c00000, 0x0000000620c00000, 0x0000000621000000|  0%| F|  |TAMS 0x0000000620c00000| PB 0x0000000620c00000| Untracked |  0
|  81|0x0000000621000000, 0x0000000621000000, 0x0000000621400000|  0%| F|  |TAMS 0x0000000621000000| PB 0x0000000621000000| Untracked |  0
|  82|0x0000000621400000, 0x0000000621400000, 0x0000000621800000|  0%| F|  |TAMS 0x0000000621400000| PB 0x0000000621400000| Untracked |  0
|  83|0x0000000621800000, 0x0000000621800000, 0x0000000621c00000|  0%| F|  |TAMS 0x0000000621800000| PB 0x0000000621800000| Untracked |  0
|  84|0x0000000621c00000, 0x0000000621c00000, 0x0000000622000000|  0%| F|  |TAMS 0x0000000621c00000| PB 0x0000000621c00000| Untracked |  0
|  85|0x0000000622000000, 0x0000000622000000, 0x0000000622400000|  0%| F|  |TAMS 0x0000000622000000| PB 0x0000000622000000| Untracked |  0
|  86|0x0000000622400000, 0x0000000622400000, 0x0000000622800000|  0%| F|  |TAMS 0x0000000622400000| PB 0x0000000622400000| Untracked |  0
|  87|0x0000000622800000, 0x0000000622800000, 0x0000000622c00000|  0%| F|  |TAMS 0x0000000622800000| PB 0x0000000622800000| Untracked |  0
|  88|0x0000000622c00000, 0x0000000622c00000, 0x0000000623000000|  0%| F|  |TAMS 0x0000000622c00000| PB 0x0000000622c00000| Untracked |  0
|  89|0x0000000623000000, 0x0000000623000000, 0x0000000623400000|  0%| F|  |TAMS 0x0000000623000000| PB 0x0000000623000000| Untracked |  0
|  90|0x0000000623400000, 0x0000000623400000, 0x0000000623800000|  0%| F|  |TAMS 0x0000000623400000| PB 0x0000000623400000| Untracked |  0
|  91|0x0000000623800000, 0x0000000623800000, 0x0000000623c00000|  0%| F|  |TAMS 0x0000000623800000| PB 0x0000000623800000| Untracked |  0
|  92|0x0000000623c00000, 0x0000000623c00000, 0x0000000624000000|  0%| F|  |TAMS 0x0000000623c00000| PB 0x0000000623c00000| Untracked |  0
|  93|0x0000000624000000, 0x0000000624000000, 0x0000000624400000|  0%| F|  |TAMS 0x0000000624000000| PB 0x0000000624000000| Untracked |  0
|  94|0x0000000624400000, 0x0000000624400000, 0x0000000624800000|  0%| F|  |TAMS 0x0000000624400000| PB 0x0000000624400000| Untracked |  0
|  95|0x0000000624800000, 0x0000000624800000, 0x0000000624c00000|  0%| F|  |TAMS 0x0000000624800000| PB 0x0000000624800000| Untracked |  0
|  96|0x0000000624c00000, 0x0000000624c00000, 0x0000000625000000|  0%| F|  |TAMS 0x0000000624c00000| PB 0x0000000624c00000| Untracked |  0
|  97|0x0000000625000000, 0x0000000625000000, 0x0000000625400000|  0%| F|  |TAMS 0x0000000625000000| PB 0x0000000625000000| Untracked |  0
|  98|0x0000000625400000, 0x0000000625400000, 0x0000000625800000|  0%| F|  |TAMS 0x0000000625400000| PB 0x0000000625400000| Untracked |  0
|  99|0x0000000625800000, 0x0000000625800000, 0x0000000625c00000|  0%| F|  |TAMS 0x0000000625800000| PB 0x0000000625800000| Untracked |  0
| 100|0x0000000625c00000, 0x0000000625c00000, 0x0000000626000000|  0%| F|  |TAMS 0x0000000625c00000| PB 0x0000000625c00000| Untracked |  0
| 101|0x0000000626000000, 0x0000000626000000, 0x0000000626400000|  0%| F|  |TAMS 0x0000000626000000| PB 0x0000000626000000| Untracked |  0
| 102|0x0000000626400000, 0x0000000626400000, 0x0000000626800000|  0%| F|  |TAMS 0x0000000626400000| PB 0x0000000626400000| Untracked |  0
| 103|0x0000000626800000, 0x0000000626800000, 0x0000000626c00000|  0%| F|  |TAMS 0x0000000626800000| PB 0x0000000626800000| Untracked |  0
| 104|0x0000000626c00000, 0x0000000626c00000, 0x0000000627000000|  0%| F|  |TAMS 0x0000000626c00000| PB 0x0000000626c00000| Untracked |  0
| 105|0x0000000627000000, 0x0000000627000000, 0x0000000627400000|  0%| F|  |TAMS 0x0000000627000000| PB 0x0000000627000000| Untracked |  0
| 106|0x0000000627400000, 0x0000000627400000, 0x0000000627800000|  0%| F|  |TAMS 0x0000000627400000| PB 0x0000000627400000| Untracked |  0
| 107|0x0000000627800000, 0x0000000627800000, 0x0000000627c00000|  0%| F|  |TAMS 0x0000000627800000| PB 0x0000000627800000| Untracked |  0
| 108|0x0000000627c00000, 0x0000000627c00000, 0x0000000628000000|  0%| F|  |TAMS 0x0000000627c00000| PB 0x0000000627c00000| Untracked |  0
| 109|0x0000000628000000, 0x0000000628000000, 0x0000000628400000|  0%| F|  |TAMS 0x0000000628000000| PB 0x0000000628000000| Untracked |  0
| 110|0x0000000628400000, 0x0000000628400000, 0x0000000628800000|  0%| F|  |TAMS 0x0000000628400000| PB 0x0000000628400000| Untracked |  0
| 111|0x0000000628800000, 0x0000000628800000, 0x0000000628c00000|  0%| F|  |TAMS 0x0000000628800000| PB 0x0000000628800000| Untracked |  0
| 112|0x0000000628c00000, 0x0000000628c00000, 0x0000000629000000|  0%| F|  |TAMS 0x0000000628c00000| PB 0x0000000628c00000| Untracked |  0
| 113|0x0000000629000000, 0x0000000629000000, 0x0000000629400000|  0%| F|  |TAMS 0x0000000629000000| PB 0x0000000629000000| Untracked |  0
| 114|0x0000000629400000, 0x0000000629400000, 0x0000000629800000|  0%| F|  |TAMS 0x0000000629400000| PB 0x0000000629400000| Untracked |  0
| 115|0x0000000629800000, 0x0000000629800000, 0x0000000629c00000|  0%| F|  |TAMS 0x0000000629800000| PB 0x0000000629800000| Untracked |  0
| 116|0x0000000629c00000, 0x0000000629c00000, 0x000000062a000000|  0%| F|  |TAMS 0x0000000629c00000| PB 0x0000000629c00000| Untracked |  0
| 117|0x000000062a000000, 0x000000062a000000, 0x000000062a400000|  0%| F|  |TAMS 0x000000062a000000| PB 0x000000062a000000| Untracked |  0
| 118|0x000000062a400000, 0x000000062a400000, 0x000000062a800000|  0%| F|  |TAMS 0x000000062a400000| PB 0x000000062a400000| Untracked |  0
| 119|0x000000062a800000, 0x000000062a800000, 0x000000062ac00000|  0%| F|  |TAMS 0x000000062a800000| PB 0x000000062a800000| Untracked |  0
| 120|0x000000062ac00000, 0x000000062ac7ae80, 0x000000062b000000| 12%| E|  |TAMS 0x000000062ac00000| PB 0x000000062ac00000| Complete |  0
| 121|0x000000062b000000, 0x000000062b400000, 0x000000062b400000|100%| E|CS|TAMS 0x000000062b000000| PB 0x000000062b000000| Complete |  0
| 122|0x000000062b400000, 0x000000062b800000, 0x000000062b800000|100%| E|CS|TAMS 0x000000062b400000| PB 0x000000062b400000| Complete |  0
| 123|0x000000062b800000, 0x000000062bc00000, 0x000000062bc00000|100%| E|CS|TAMS 0x000000062b800000| PB 0x000000062b800000| Complete |  0
| 124|0x000000062bc00000, 0x000000062c000000, 0x000000062c000000|100%| E|CS|TAMS 0x000000062bc00000| PB 0x000000062bc00000| Complete |  0

Card table byte_map: [0x0000022dcf4a0000,0x0000022dd0440000] _byte_map_base: 0x0000022dcc43a000

Marking Bits: (CMBitMap*) 0x0000022db65e7f30
 Bits: [0x0000022dd0440000, 0x0000022dd8110000)

Polling page: 0x0000022db4440000

Metaspace:

Usage:
  Non-class:      6.30 MB used.
      Class:    346.52 KB used.
       Both:      6.64 MB used.

Virtual space:
  Non-class space:       64.00 MB reserved,       6.38 MB ( 10%) committed,  1 nodes.
      Class space:        1.00 GB reserved,     448.00 KB ( <1%) committed,  1 nodes.
             Both:        1.06 GB reserved,       6.81 MB ( <1%) committed. 

Chunk freelists:
   Non-Class:  7.57 MB
       Class:  15.54 MB
        Both:  23.11 MB

MaxMetaspaceSize: unlimited
CompressedClassSpaceSize: 1.00 GB
Initial GC threshold: 21.00 MB
Current GC threshold: 21.00 MB
CDS: on
 - commit_granule_bytes: 65536.
 - commit_granule_words: 8192.
 - virtual_space_node_default_size: 8388608.
 - enlarge_chunks_in_place: 1.
 - use_allocation_guard: 0.


Internal statistics:

num_allocs_failed_limit: 0.
num_arena_births: 106.
num_arena_deaths: 0.
num_vsnodes_births: 2.
num_vsnodes_deaths: 0.
num_space_committed: 108.
num_space_uncommitted: 0.
num_chunks_returned_to_freelist: 0.
num_chunks_taken_from_freelist: 292.
num_chunk_merges: 0.
num_chunk_splits: 212.
num_chunks_enlarged: 167.
num_inconsistent_stats: 0.

CodeHeap 'non-profiled nmethods': size=119232Kb used=286Kb max_used=286Kb free=118945Kb
 bounds [0x0000022dc6810000, 0x0000022dc6a80000, 0x0000022dcdc80000]
CodeHeap 'profiled nmethods': size=119104Kb used=1492Kb max_used=1492Kb free=117611Kb
 bounds [0x0000022dbec80000, 0x0000022dbeef0000, 0x0000022dc60d0000]
CodeHeap 'non-nmethods': size=7424Kb used=4166Kb max_used=4166Kb free=3257Kb
 bounds [0x0000022dc60d0000, 0x0000022dc64f0000, 0x0000022dc6810000]
CodeCache: size=245760Kb, used=5944Kb, max_used=5944Kb, free=239813Kb
 total_blobs=2343, nmethods=1156, adapters=1090, full_count=0
Compilation: enabled, stopped_count=0, restarted_count=0

Compilation events (20 events):
Event: 0.597 Thread 0x0000022ddb1110c0 1143   !   3       java.util.zip.ZipFile$ZipFileInputStream::close (59 bytes)
Event: 0.597 Thread 0x0000022ddb1110c0 nmethod 1143 0x0000022dbedef688 code [0x0000022dbedef7c0, 0x0000022dbedefbf0]
Event: 0.598 Thread 0x0000022ddb1dfed0 1144       1       java.lang.reflect.Method::getName (5 bytes)
Event: 0.598 Thread 0x0000022ddb1dfed0 nmethod 1144 0x0000022dc6856988 code [0x0000022dc6856aa0, 0x0000022dc6856b70]
Event: 0.598 Thread 0x0000022ddb1dfed0 1145       3       jdk.internal.loader.NativeLibraries$NativeLibraryImpl::find (9 bytes)
Event: 0.598 Thread 0x0000022ddb1dfed0 nmethod 1145 0x0000022dbedefc08 code [0x0000022dbedefd20, 0x0000022dbedefe60]
Event: 0.599 Thread 0x0000022ddb1110c0 1146   !   3       java.util.concurrent.ConcurrentHashMap::computeIfAbsent (576 bytes)
Event: 0.599 Thread 0x0000022e2f090550 1147       3       java.lang.invoke.MethodType::insertParameterTypes (121 bytes)
Event: 0.599 Thread 0x0000022e2f092c20 1149       3       java.lang.invoke.MemberName::getInvocationType (56 bytes)
Event: 0.600 Thread 0x0000022e2f092c20 nmethod 1149 0x0000022dbedeff08 code [0x0000022dbedf00c0, 0x0000022dbedf0900]
Event: 0.600 Thread 0x0000022e2f092c20 1150       3       jdk.internal.org.objectweb.asm.ByteVector::put11 (52 bytes)
Event: 0.600 Thread 0x0000022e2f090550 nmethod 1147 0x0000022dbedf0988 code [0x0000022dbedf0c00, 0x0000022dbedf1b40]
Event: 0.600 Thread 0x0000022e2f092c20 nmethod 1150 0x0000022dbedf1c08 code [0x0000022dbedf1d40, 0x0000022dbedf1f50]
Event: 0.600 Thread 0x0000022ddb1110c0 nmethod 1146 0x0000022dbedf1f88 code [0x0000022dbedf2340, 0x0000022dbedf46e8]
Event: 0.600 Thread 0x0000022e2f090550 1151       3       java.lang.ref.Reference::clear (5 bytes)
Event: 0.600 Thread 0x0000022e2f090550 nmethod 1151 0x0000022dbedf4788 code [0x0000022dbedf48a0, 0x0000022dbedf49d8]
Event: 0.601 Thread 0x0000022e2f090550 1153       3       java.lang.Class::getComponentType (14 bytes)
Event: 0.601 Thread 0x0000022e2f090550 nmethod 1153 0x0000022dbedf4a88 code [0x0000022dbedf4bc0, 0x0000022dbedf4d70]
Event: 0.602 Thread 0x0000022ddb1dfed0 1156       3       java.lang.invoke.MethodType::toMethodDescriptorString (28 bytes)
Event: 0.602 Thread 0x0000022ddb1dfed0 nmethod 1156 0x0000022dbedf4d88 code [0x0000022dbedf4ec0, 0x0000022dbedf50a8]

GC Heap History (0 events):
No events

Dll operation events (9 events):
Event: 0.004 Loaded shared library C:\Users\Dash\.jdks\openjdk-23.0.1\bin\java.dll
Event: 0.019 Loaded shared library C:\Users\Dash\.jdks\openjdk-23.0.1\bin\jsvml.dll
Event: 0.038 Loaded shared library C:\Users\Dash\.jdks\openjdk-23.0.1\bin\net.dll
Event: 0.038 Loaded shared library C:\Users\Dash\.jdks\openjdk-23.0.1\bin\nio.dll
Event: 0.040 Loaded shared library C:\Users\Dash\.jdks\openjdk-23.0.1\bin\zip.dll
Event: 0.073 Loaded shared library C:\Users\Dash\.jdks\openjdk-23.0.1\bin\jimage.dll
Event: 0.083 Loaded shared library C:\Users\Dash\AppData\Local\Temp\lwjgl_Dash\3.3.5+5\x64\lwjgl.dll
Event: 0.288 Loaded shared library C:\Users\Dash\AppData\Local\Temp\lwjgl_Dash\3.3.5+5\x64\lwjgl_opengl.dll
Event: 0.465 Loaded shared library C:\Users\Dash\.jdks\openjdk-23.0.1\bin\verify.dll

Deoptimization events (14 events):
Event: 0.052 Thread 0x0000022db42f1c20 Uncommon trap: trap_request=0xffffff45 fr.pc=0x0000022dc68190b4 relative=0x0000000000000274
Event: 0.052 Thread 0x0000022db42f1c20 Uncommon trap: reason=unstable_if action=reinterpret pc=0x0000022dc68190b4 method=jdk.internal.util.ArraysSupport.hashCodeOfUnsigned([BIII)I @ 1 c2
Event: 0.052 Thread 0x0000022db42f1c20 DEOPT PACKING pc=0x0000022dc68190b4 sp=0x000000b193dfd700
Event: 0.052 Thread 0x0000022db42f1c20 DEOPT UNPACKING pc=0x0000022dc6127982 sp=0x000000b193dfd5c0 mode 2
Event: 0.520 Thread 0x0000022db42f1c20 DEOPT PACKING pc=0x0000022dbed7522f sp=0x000000b193dfe1a0
Event: 0.520 Thread 0x0000022db42f1c20 DEOPT UNPACKING pc=0x0000022dc61284c2 sp=0x000000b193dfd5c0 mode 0
Event: 0.520 Thread 0x0000022db42f1c20 DEOPT PACKING pc=0x0000022dbed233d3 sp=0x000000b193dfe170
Event: 0.520 Thread 0x0000022db42f1c20 DEOPT UNPACKING pc=0x0000022dc61284c2 sp=0x000000b193dfd608 mode 0
Event: 0.521 Thread 0x0000022db42f1c20 DEOPT PACKING pc=0x0000022dbed233d3 sp=0x000000b193dfe170
Event: 0.521 Thread 0x0000022db42f1c20 DEOPT UNPACKING pc=0x0000022dc61284c2 sp=0x000000b193dfd608 mode 0
Event: 0.521 Thread 0x0000022db42f1c20 DEOPT PACKING pc=0x0000022dbed233d3 sp=0x000000b193dfe170
Event: 0.521 Thread 0x0000022db42f1c20 DEOPT UNPACKING pc=0x0000022dc61284c2 sp=0x000000b193dfd608 mode 0
Event: 0.532 Thread 0x0000022db42f1c20 DEOPT PACKING pc=0x0000022dbecb3b8d sp=0x000000b193dfdbb0
Event: 0.532 Thread 0x0000022db42f1c20 DEOPT UNPACKING pc=0x0000022dc61284c2 sp=0x000000b193dfd000 mode 0

Classes loaded (20 events):
Event: 0.483 Loading class sun/security/provider/SHA2$SHA256
Event: 0.483 Loading class sun/security/provider/SHA2
Event: 0.483 Loading class sun/security/provider/SHA2 done
Event: 0.483 Loading class sun/security/provider/SHA2$SHA256 done
Event: 0.484 Loading class java/io/DeleteOnExitHook
Event: 0.484 Loading class java/io/DeleteOnExitHook done
Event: 0.484 Loading class java/io/DeleteOnExitHook$1
Event: 0.484 Loading class java/io/DeleteOnExitHook$1 done
Event: 0.484 Loading class java/io/FileOutputStream$1
Event: 0.484 Loading class java/io/FileOutputStream$1 done
Event: 0.558 Loading class jdk/internal/module/ModulePatcher$PatchedModuleReader
Event: 0.558 Loading class jdk/internal/module/ModulePatcher$PatchedModuleReader done
Event: 0.558 Loading class sun/net/www/protocol/jrt/Handler
Event: 0.558 Loading class sun/net/www/protocol/jrt/Handler done
Event: 0.561 Loading class sun/text/resources/cldr/FormatData_en
Event: 0.561 Loading class sun/text/resources/cldr/FormatData_en done
Event: 0.561 Loading class sun/text/resources/cldr/FormatData_en_US
Event: 0.561 Loading class sun/text/resources/cldr/FormatData_en_US done
Event: 0.567 Loading class java/lang/SecurityException
Event: 0.567 Loading class java/lang/SecurityException done

Classes unloaded (0 events):
No events

Classes redefined (0 events):
No events

Internal exceptions (20 events):
Event: 0.116 Thread 0x0000022db42f1c20 Exception <a 'java/lang/NoSuchMethodError'{0x000000062b96de10}: 'java.lang.Object java.lang.invoke.Invokers$Holder.linkToTargetMethod(java.lang.Object, long, java.lang.Object)'> (0x000000062b96de10) 
thrown [s\open\src\hotspot\share\interpreter\linkResolver.cpp, line 796]
Event: 0.117 Thread 0x0000022db42f1c20 Exception <a 'java/lang/NoSuchMethodError'{0x000000062b9752b0}: 'int java.lang.invoke.DirectMethodHandle$Holder.invokeStaticInit(java.lang.Object, java.lang.Object, java.lang.Object, long)'> (0x000000062b9752b0) 
thrown [s\open\src\hotspot\share\interpreter\linkResolver.cpp, line 796]
Event: 0.129 Thread 0x0000022db42f1c20 Exception <a 'sun/nio/fs/WindowsException'{0x000000062ba2f2d8}> (0x000000062ba2f2d8) 
thrown [s\open\src\hotspot\share\prims\jni.cpp, line 520]
Event: 0.129 Thread 0x0000022db42f1c20 Exception <a 'sun/nio/fs/WindowsException'{0x000000062ba2f630}> (0x000000062ba2f630) 
thrown [s\open\src\hotspot\share\prims\jni.cpp, line 520]
Event: 0.132 Thread 0x0000022db42f1c20 Exception <a 'java/lang/NoSuchMethodError'{0x000000062ba47188}: 'int java.lang.invoke.Invokers$Holder.invokeExact_MT(java.lang.Object, java.lang.Object)'> (0x000000062ba47188) 
thrown [s\open\src\hotspot\share\interpreter\linkResolver.cpp, line 796]
Event: 0.268 Thread 0x0000022db42f1c20 Exception <a 'java/lang/NoSuchMethodError'{0x000000062baa1490}: 'void java.lang.invoke.DirectMethodHandle$Holder.invokeStaticInit(java.lang.Object, long, double, double)'> (0x000000062baa1490) 
thrown [s\open\src\hotspot\share\interpreter\linkResolver.cpp, line 796]
Event: 0.269 Thread 0x0000022db42f1c20 Exception <a 'java/lang/NoSuchMethodError'{0x000000062bab0e08}: 'void java.lang.invoke.DirectMethodHandle$Holder.invokeStaticInit(java.lang.Object, long, int, int, int)'> (0x000000062bab0e08) 
thrown [s\open\src\hotspot\share\interpreter\linkResolver.cpp, line 796]
Event: 0.271 Thread 0x0000022db42f1c20 Exception <a 'java/lang/NoSuchMethodError'{0x000000062bacaba8}: 'void java.lang.invoke.DirectMethodHandle$Holder.invokeStaticInit(java.lang.Object, long, int, int, int, int)'> (0x000000062bacaba8) 
thrown [s\open\src\hotspot\share\interpreter\linkResolver.cpp, line 796]
Event: 0.285 Thread 0x0000022db42f1c20 Exception <a 'java/lang/NoSuchMethodError'{0x000000062baeea68}: 'void java.lang.System.load(java.lang.String, java.lang.Class)'> (0x000000062baeea68) 
thrown [s\open\src\hotspot\share\interpreter\linkResolver.cpp, line 796]
Event: 0.285 Thread 0x0000022db42f1c20 Exception <a 'java/lang/NoSuchMethodError'{0x000000062baf14f8}: 'void java.lang.System.loadLibrary(java.lang.String, java.lang.Class)'> (0x000000062baf14f8) 
thrown [s\open\src\hotspot\share\interpreter\linkResolver.cpp, line 796]
Event: 0.287 Thread 0x0000022db42f1c20 Exception <a 'sun/nio/fs/WindowsException'{0x000000062bb00cb0}> (0x000000062bb00cb0) 
thrown [s\open\src\hotspot\share\prims\jni.cpp, line 520]
Event: 0.287 Thread 0x0000022db42f1c20 Exception <a 'sun/nio/fs/WindowsException'{0x000000062bb01040}> (0x000000062bb01040) 
thrown [s\open\src\hotspot\share\prims\jni.cpp, line 520]
Event: 0.290 Thread 0x0000022db42f1c20 Exception <a 'sun/nio/fs/WindowsException'{0x000000062bb0dae8}> (0x000000062bb0dae8) 
thrown [s\open\src\hotspot\share\prims\jni.cpp, line 520]
Event: 0.290 Thread 0x0000022db42f1c20 Exception <a 'sun/nio/fs/WindowsException'{0x000000062bb0ddb8}> (0x000000062bb0ddb8) 
thrown [s\open\src\hotspot\share\prims\jni.cpp, line 520]
Event: 0.475 Thread 0x0000022db42f1c20 Exception <a 'java/lang/NoSuchMethodError'{0x000000062b4d3e38}: 'java.lang.Object java.lang.invoke.DirectMethodHandle$Holder.invokeStaticInit(java.lang.Object, int, int, int, int)'> (0x000000062b4d3e38) 
thrown [s\open\src\hotspot\share\interpreter\linkResolver.cpp, line 796]
Event: 0.482 Thread 0x0000022db42f1c20 Exception <a 'java/lang/NoSuchMethodError'{0x000000062b642b80}: 'java.lang.Object java.lang.invoke.DirectMethodHandle$Holder.invokeStaticInit(java.lang.Object, java.lang.Object, int, int, int, int)'> (0x000000062b642b80) 
thrown [s\open\src\hotspot\share\interpreter\linkResolver.cpp, line 796]
Event: 0.491 Thread 0x0000022db42f1c20 Exception <a 'sun/nio/fs/WindowsException'{0x000000062b696280}> (0x000000062b696280) 
thrown [s\open\src\hotspot\share\prims\jni.cpp, line 520]
Event: 0.491 Thread 0x0000022db42f1c20 Exception <a 'sun/nio/fs/WindowsException'{0x000000062b6965e0}> (0x000000062b6965e0) 
thrown [s\open\src\hotspot\share\prims\jni.cpp, line 520]
Event: 0.517 Thread 0x0000022db42f1c20 Exception <a 'sun/nio/fs/WindowsException'{0x000000062b720d18}> (0x000000062b720d18) 
thrown [s\open\src\hotspot\share\prims\jni.cpp, line 520]
Event: 0.517 Thread 0x0000022db42f1c20 Exception <a 'sun/nio/fs/WindowsException'{0x000000062b721088}> (0x000000062b721088) 
thrown [s\open\src\hotspot\share\prims\jni.cpp, line 520]

VM Operations (6 events):
Event: 0.041 Executing VM operation: HandshakeAllThreads (Deoptimize)
Event: 0.041 Executing VM operation: HandshakeAllThreads (Deoptimize) done
Event: 0.079 Executing VM operation: HandshakeAllThreads (Deoptimize)
Event: 0.079 Executing VM operation: HandshakeAllThreads (Deoptimize) done
Event: 0.557 Executing VM operation: HandshakeAllThreads (Deoptimize)
Event: 0.557 Executing VM operation: HandshakeAllThreads (Deoptimize) done

Memory protections (0 events):
No events

Nmethod flushes (0 events):
No events

Events (17 events):
Event: 0.012 Thread 0x0000022db42f1c20 Thread added: 0x0000022db42f1c20
Event: 0.018 Thread 0x0000022db42f1c20 Thread added: 0x0000022dda538e60
Event: 0.018 Thread 0x0000022db42f1c20 Thread added: 0x0000022dda53ad20
Event: 0.018 Thread 0x0000022db42f1c20 Thread added: 0x0000022dda53ca80
Event: 0.018 Thread 0x0000022db42f1c20 Thread added: 0x0000022dda53da20
Event: 0.018 Thread 0x0000022db42f1c20 Thread added: 0x0000022dda53e570
Event: 0.018 Thread 0x0000022db42f1c20 Thread added: 0x0000022ddb102180
Event: 0.019 Thread 0x0000022db42f1c20 Thread added: 0x0000022ddb10b010
Event: 0.019 Thread 0x0000022db42f1c20 Thread added: 0x0000022ddb1110c0
Event: 0.021 Thread 0x0000022ddb1110c0 Thread added: 0x0000022ddb1dfed0
Event: 0.033 Thread 0x0000022db42f1c20 Thread added: 0x0000022ddb2bede0
Event: 0.034 Thread 0x0000022db42f1c20 Thread added: 0x0000022ddb2c6090
Event: 0.111 Thread 0x0000022ddb1110c0 Thread added: 0x0000022ddb769f60
Event: 0.267 Thread 0x0000022ddb769f60 Thread exited: 0x0000022ddb769f60
Event: 0.289 Thread 0x0000022ddb1dfed0 Thread added: 0x0000022e2f090550
Event: 0.289 Thread 0x0000022ddb1dfed0 Thread added: 0x0000022e2f092c20
Event: 0.541 Thread 0x0000022ddb1110c0 Thread added: 0x0000022e2f517820


Dynamic libraries:
0x00007ff77ecb0000 - 0x00007ff77ecbe000 	C:\Users\Dash\.jdks\openjdk-23.0.1\bin\java.exe
0x00007ffc21690000 - 0x00007ffc21888000 	C:\Windows\SYSTEM32\ntdll.dll
0x00007ffc20050000 - 0x00007ffc20112000 	C:\Windows\System32\KERNEL32.DLL
0x00007ffc1efe0000 - 0x00007ffc1f2de000 	C:\Windows\System32\KERNELBASE.dll
0x00007ffc1f5b0000 - 0x00007ffc1f6b0000 	C:\Windows\System32\ucrtbase.dll
0x00007ffc19c90000 - 0x00007ffc19ca7000 	C:\Users\Dash\.jdks\openjdk-23.0.1\bin\jli.dll
0x00007ffc125e0000 - 0x00007ffc125fb000 	C:\Users\Dash\.jdks\openjdk-23.0.1\bin\VCRUNTIME140.dll
0x00007ffc213d0000 - 0x00007ffc2156d000 	C:\Windows\System32\USER32.dll
0x00007ffc1f390000 - 0x00007ffc1f3b2000 	C:\Windows\System32\win32u.dll
0x00007ffc21570000 - 0x00007ffc2159b000 	C:\Windows\System32\GDI32.dll
0x00007ffc1f460000 - 0x00007ffc1f577000 	C:\Windows\System32\gdi32full.dll
0x00007ffc1f3c0000 - 0x00007ffc1f45d000 	C:\Windows\System32\msvcp_win.dll
0x00007ffc131e0000 - 0x00007ffc1347a000 	C:\Windows\WinSxS\amd64_microsoft.windows.common-controls_6595b64144ccf1df_6.0.19041.4355_none_60b8b9eb71f62e16\COMCTL32.dll
0x00007ffc201d0000 - 0x00007ffc2026e000 	C:\Windows\System32\msvcrt.dll
0x00007ffc213a0000 - 0x00007ffc213cf000 	C:\Windows\System32\IMM32.DLL
0x00007ffc1bbb0000 - 0x00007ffc1bbbc000 	C:\Users\Dash\.jdks\openjdk-23.0.1\bin\vcruntime140_1.dll
0x00007ffbf7740000 - 0x00007ffbf77ce000 	C:\Users\Dash\.jdks\openjdk-23.0.1\bin\msvcp140.dll
0x00007ffbc2ec0000 - 0x00007ffbc3c0f000 	C:\Users\Dash\.jdks\openjdk-23.0.1\bin\server\jvm.dll
0x00007ffc20a70000 - 0x00007ffc20b21000 	C:\Windows\System32\ADVAPI32.dll
0x00007ffc215a0000 - 0x00007ffc2163f000 	C:\Windows\System32\sechost.dll
0x00007ffc1fd20000 - 0x00007ffc1fe43000 	C:\Windows\System32\RPCRT4.dll
0x00007ffc1f580000 - 0x00007ffc1f5a7000 	C:\Windows\System32\bcrypt.dll
0x00007ffc203e0000 - 0x00007ffc2044b000 	C:\Windows\System32\WS2_32.dll
0x00007ffc1e270000 - 0x00007ffc1e2bb000 	C:\Windows\SYSTEM32\POWRPROF.dll
0x00007ffc111e0000 - 0x00007ffc11207000 	C:\Windows\SYSTEM32\WINMM.dll
0x00007ffc19dd0000 - 0x00007ffc19dda000 	C:\Windows\SYSTEM32\VERSION.dll
0x00007ffc1e130000 - 0x00007ffc1e142000 	C:\Windows\SYSTEM32\UMPDC.dll
0x00007ffc1d570000 - 0x00007ffc1d582000 	C:\Windows\SYSTEM32\kernel.appcore.dll
0x00007ffc13090000 - 0x00007ffc1309a000 	C:\Users\Dash\.jdks\openjdk-23.0.1\bin\jimage.dll
0x00007ffc1ca10000 - 0x00007ffc1cbf4000 	C:\Windows\SYSTEM32\DBGHELP.DLL
0x00007ffbfe8f0000 - 0x00007ffbfe924000 	C:\Windows\SYSTEM32\dbgcore.DLL
0x00007ffc1eee0000 - 0x00007ffc1ef62000 	C:\Windows\System32\bcryptPrimitives.dll
0x00007ffc122e0000 - 0x00007ffc122fe000 	C:\Users\Dash\.jdks\openjdk-23.0.1\bin\java.dll
0x00007ffc1feb0000 - 0x00007ffc1ffdb000 	C:\Windows\System32\ole32.dll
0x00007ffc1f710000 - 0x00007ffc1fa63000 	C:\Windows\System32\combase.dll
0x00007ffc20b30000 - 0x00007ffc2129d000 	C:\Windows\System32\SHELL32.dll
0x00007ffc1cdb0000 - 0x00007ffc1d554000 	C:\Windows\SYSTEM32\windows.storage.dll
0x00007ffc1e760000 - 0x00007ffc1e78e000 	C:\Windows\SYSTEM32\Wldp.dll
0x00007ffc1fc50000 - 0x00007ffc1fd1d000 	C:\Windows\System32\OLEAUT32.dll
0x00007ffc20120000 - 0x00007ffc201cd000 	C:\Windows\System32\SHCORE.dll
0x00007ffc1fe50000 - 0x00007ffc1fea5000 	C:\Windows\System32\shlwapi.dll
0x00007ffc1ec60000 - 0x00007ffc1ec84000 	C:\Windows\SYSTEM32\profapi.dll
0x00007ffbc9f00000 - 0x00007ffbc9fd7000 	C:\Users\Dash\.jdks\openjdk-23.0.1\bin\jsvml.dll
0x00007ffc122d0000 - 0x00007ffc122e0000 	C:\Users\Dash\.jdks\openjdk-23.0.1\bin\net.dll
0x00007ffc1e4c0000 - 0x00007ffc1e52a000 	C:\Windows\system32\mswsock.dll
0x00007ffc0c2f0000 - 0x00007ffc0c306000 	C:\Users\Dash\.jdks\openjdk-23.0.1\bin\nio.dll
0x00007ffc0cd10000 - 0x00007ffc0cd27000 	C:\Users\Dash\.jdks\openjdk-23.0.1\bin\zip.dll
0x00007ffc0e290000 - 0x00007ffc0e30c000 	C:\Users\Dash\AppData\Local\Temp\lwjgl_Dash\3.3.5+5\x64\lwjgl.dll
0x00007ffc0e200000 - 0x00007ffc0e288000 	C:\Users\Dash\AppData\Local\Temp\lwjgl_Dash\3.3.5+5\x64\glfw.dll
0x00007ffbef100000 - 0x00007ffbef145000 	C:\Windows\SYSTEM32\dinput8.dll
0x00007ffc1bb80000 - 0x00007ffc1bb91000 	C:\Windows\SYSTEM32\xinput1_4.dll
0x00007ffc1ed30000 - 0x00007ffc1ed7e000 	C:\Windows\System32\cfgmgr32.dll
0x00007ffc1eac0000 - 0x00007ffc1eaf3000 	C:\Windows\SYSTEM32\DEVOBJ.dll
0x00007ffc1c600000 - 0x00007ffc1c62f000 	C:\Windows\SYSTEM32\dwmapi.dll
0x00007ffc0d810000 - 0x00007ffc0d962000 	C:\Windows\SYSTEM32\inputhost.dll
0x00007ffc199e0000 - 0x00007ffc19ad2000 	C:\Windows\SYSTEM32\CoreMessaging.dll
0x00007ffc1b520000 - 0x00007ffc1b677000 	C:\Windows\SYSTEM32\wintypes.dll
0x00007ffc1b390000 - 0x00007ffc1b486000 	C:\Windows\SYSTEM32\PROPSYS.dll
0x00007ffc19560000 - 0x00007ffc198bb000 	C:\Windows\SYSTEM32\CoreUIComponents.dll
0x00007ffc1dfc0000 - 0x00007ffc1dff3000 	C:\Windows\SYSTEM32\ntmarta.dll
0x00007ffc1c1c0000 - 0x00007ffc1c25e000 	C:\Windows\system32\uxtheme.dll
0x00007ffc1fa80000 - 0x00007ffc1fb95000 	C:\Windows\System32\MSCTF.dll
0x00007ffbb1380000 - 0x00007ffbb14a8000 	C:\Windows\SYSTEM32\opengl32.dll
0x00007ffbb1350000 - 0x00007ffbb137c000 	C:\Windows\SYSTEM32\GLU32.dll
0x00007ffc1fba0000 - 0x00007ffc1fc49000 	C:\Windows\System32\clbcatq.dll
0x00007ffbada20000 - 0x00007ffbb0008000 	C:\Windows\System32\DriverStore\FileRepository\nv_dispig.inf_amd64_0afec3f2050014a0\nvoglv64.dll
0x00007ffc20450000 - 0x00007ffc208be000 	C:\Windows\System32\SETUPAPI.dll
0x00007ffc1aac0000 - 0x00007ffc1aad4000 	C:\Windows\SYSTEM32\WTSAPI32.dll
0x00007ffc1e8f0000 - 0x00007ffc1e902000 	C:\Windows\SYSTEM32\msasn1.dll
0x00007ffc164c0000 - 0x00007ffc164f1000 	C:\Windows\SYSTEM32\cryptnet.dll
0x00007ffc1ed80000 - 0x00007ffc1eedc000 	C:\Windows\System32\CRYPT32.dll
0x00007ffc1e6d0000 - 0x00007ffc1e6dc000 	C:\Windows\SYSTEM32\cryptbase.dll
0x00007ffc16f70000 - 0x00007ffc170b7000 	C:\Windows\SYSTEM32\drvstore.dll
0x00007ffc1ef70000 - 0x00007ffc1efd9000 	C:\Windows\System32\WINTRUST.dll
0x00007ffc21380000 - 0x00007ffc2139d000 	C:\Windows\System32\imagehlp.dll
0x00007ffc1e6b0000 - 0x00007ffc1e6c8000 	C:\Windows\SYSTEM32\CRYPTSP.dll
0x00007ffc1dd70000 - 0x00007ffc1dda4000 	C:\Windows\system32\rsaenh.dll
0x00007ffc0ea60000 - 0x00007ffc10a4e000 	C:\Windows\System32\DriverStore\FileRepository\nv_dispig.inf_amd64_0afec3f2050014a0\nvgpucomp64.dll
0x00007ffc14450000 - 0x00007ffc1448b000 	C:\Windows\SYSTEM32\dxcore.dll
0x00007ffbf0650000 - 0x00007ffbf094b000 	C:\Windows\system32\nvspcap64.dll
0x00007ffc1d9f0000 - 0x00007ffc1da4b000 	C:\Windows\SYSTEM32\WINSTA.dll
0x00007ffc12690000 - 0x00007ffc12789000 	C:\Windows\SYSTEM32\textinputframework.dll
0x00007ffc0e1a0000 - 0x00007ffc0e1ff000 	C:\Users\Dash\AppData\Local\Temp\lwjgl_Dash\3.3.5+5\x64\lwjgl_opengl.dll
0x00007ffc0e050000 - 0x00007ffc0e060000 	C:\Users\Dash\.jdks\openjdk-23.0.1\bin\verify.dll
0x00007ffc1ec20000 - 0x00007ffc1ec4e000 	C:\Windows\SYSTEM32\USERENV.dll
0x00007ffc1e150000 - 0x00007ffc1e18b000 	C:\Windows\SYSTEM32\IPHLPAPI.DLL
0x00007ffc21640000 - 0x00007ffc21648000 	C:\Windows\System32\NSI.dll
0x00007ffbc8330000 - 0x00007ffbc8457000 	C:\Users\Dash\AppData\Local\Temp\lwjgl_Dash\3.3.5+5\x64\draco.dll
0x00007ffbc5600000 - 0x00007ffbc5cb6000 	C:\Users\Dash\AppData\Local\Temp\lwjgl_Dash\3.3.5+5\x64\assimp.dll

dbghelp: loaded successfully - version: 4.0.5 - missing functions: none
symbol engine: initialized successfully - sym options: 0x614 - pdb path: .;C:\Users\Dash\.jdks\openjdk-23.0.1\bin;C:\Windows\SYSTEM32;C:\Windows\WinSxS\amd64_microsoft.windows.common-controls_6595b64144ccf1df_6.0.19041.4355_none_60b8b9eb71f62e16;C:\Users\Dash\.jdks\openjdk-23.0.1\bin\server;C:\Users\Dash\AppData\Local\Temp\lwjgl_Dash\3.3.5+5\x64;C:\Windows\System32\DriverStore\FileRepository\nv_dispig.inf_amd64_0afec3f2050014a0

VM Arguments:
jvm_args: -Dfile.encoding=UTF-8 -Duser.country=US -Duser.language=en -Duser.variant 
java_command: SimpleSimulation.Main
java_class_path (initial): C:\Users\Dash\IdeaProjects\SimpleSimulation\build\classes\java\main;C:\Users\Dash\IdeaProjects\SimpleSimulation\build\classes\kotlin\main;C:\Users\Dash\IdeaProjects\SimpleSimulation\build\resources\main;C:\Users\Dash\.gradle\caches\modules-2\files-2.1\org.joml\joml\1.10.7\f8c3f2e7db281bde099342dd36133de4bbba390c\joml-1.10.7.jar;C:\Users\Dash\.gradle\caches\modules-2\files-2.1\org.jetbrains.kotlin\kotlin-stdlib-jdk8\1.8.20\73576ddf378c5b4f1f6b449fe6b119b8183fc078\kotlin-stdlib-jdk8-1.8.20.jar;C:\Users\Dash\.gradle\caches\modules-2\files-2.1\org.jetbrains.kotlin\kotlin-stdlib-jdk7\1.8.20\3aa51faf20aae8b31e1a4bc54f8370673d7b7df4\kotlin-stdlib-jdk7-1.8.20.jar;C:\Users\Dash\.gradle\caches\modules-2\files-2.1\org.jetbrains.kotlin\kotlin-stdlib\2.1.0\85f8b81009cda5890e54ba67d64b5e599c645020\kotlin-stdlib-2.1.0.jar;C:\Users\Dash\.gradle\caches\modules-2\files-2.1\org.jfree\jfreechart\1.5.5\4147651ba863c28090a585a6f1e91c7a9bcc1f12\jfreechart-1.5.5.jar;C:\Users\Dash\.gradle\caches\modules-2\files-2.1\org.lwjgl\lwjgl-assimp\3.3.5\d4d01769f70f3411ebf222d0572a0345ff053573\lwjgl-assimp-3.3.5.jar;C:\Users\Dash\.gradle\caches\modules-2\files-2.1\org.lwjgl\lwjgl-assimp\3.3.5\db3ec3c9d5a8ec9e7b1c1b3d6ed9f6786d86db5b\lwjgl-assimp-3.3.5-natives-windows.jar;C:\Users\Dash\.gradle\caches\modules-2\files-2.1\org.lwjgl\lwjgl-glfw\3.3.5\8e5cb628322a9485f44abee091a1b7354e310aaa\lwjgl-glfw-3.3.5.jar;C:\Users\Dash\.gradle\caches\modules-2\files-2.1\org.lwjgl\lwjgl-glfw\3.3.5\ec71ad4814b27850ac73580f593763e72dc5cbcc\lwjgl-glfw-3.3.5-natives-windows.jar;C:\Users\Dash\.gradle\caches\modules-2\files-2.1\org.lwjgl\lwjgl-openal\3.3.5\4d6cba81b906dbe3e51cd2bec632f292ec5c3106\lwjgl-openal-3.3.5.jar;C:\Users\Dash\.gradle\caches\modules-2\files-2.1\org.lwjgl\lwjgl-openal\3.3.5\3f68307286b25d28f9eba20fbc0ef281466b72b0\lwjgl-openal-3.3.5-natives-windows.jar;C:\Users\Dash\.gradle\caches\modules-2\files-2.1\org.lwjgl\lwjgl-opengl\3.3.5\49abf45c8aa02b0d2d72193c3ec4a67169f9647f\lwjgl-opengl-3.3.5.jar;C:\Users\Dash\.gradle\caches\modules-2\files-2.1\org.lwjgl\lwjgl-opengl\3.3.5\70ef32dea2b32172e765c758a12201b195123ca\lwjgl-opengl-3.3.5-natives-windows.jar;C:\Users\Dash\.gradle\caches\modules-2\files-2.1\org.lwjgl\lwjgl-stb\3.3.5\e65dc8f8733cc019f72d92a27ac35db406c2aa1c\lwjgl-stb-3.3.5.jar;C:\Users\Dash\.gradle\caches\modules-2\files-2.1\org.lwjgl\lwjgl-stb\3.3.5\25f5de195819632b3abeb4d1d5a5f2b094dee7ca\lwjgl-stb-3.3.5-natives-windows.jar;C:\Users\Dash\.gradle\caches\modules-2\files-2.1\org.lwjgl\lwjgl\3.3.5\1d4d9c56e41dc3c04f6a44c4cb6ba6fdeb7010d8\lwjgl-3.3.5.jar;C:\Users\Dash\.gradle\caches\modules-2\files-2.1\org.lwjgl\lwjgl\3.3.5\c41b13feb6b9a492c7f6c19448b2354b467ea337\lwjgl-3.3.5-natives-windows.jar;C:\Users\Dash\.gradle\caches\modules-2\files-2.1\org.jetbrains\annotations\13.0\919f0dfe192fb4e063e7dacadee7f8bb9a2672a9\annotations-13.0.jar
Launcher Type: SUN_STANDARD

[Global flags]
     intx CICompilerCount                          = 12                                        {product} {ergonomic}
     uint ConcGCThreads                            = 3                                         {product} {ergonomic}
     uint G1ConcRefinementThreads                  = 13                                        {product} {ergonomic}
   size_t G1HeapRegionSize                         = 4194304                                   {product} {ergonomic}
   size_t InitialHeapSize                          = 524288000                                 {product} {ergonomic}
   size_t MarkStackSize                            = 4194304                                   {product} {ergonomic}
   size_t MarkStackSizeMax                         = 536870912                                 {product} {ergonomic}
   size_t MaxHeapSize                              = 8376025088                                {product} {ergonomic}
   size_t MaxNewSize                               = 5024776192                                {product} {ergonomic}
   size_t MinHeapDeltaBytes                        = 4194304                                   {product} {ergonomic}
   size_t MinHeapSize                              = 8388608                                   {product} {ergonomic}
    uintx NonNMethodCodeHeapSize                   = 7602176                                {pd product} {ergonomic}
    uintx NonProfiledCodeHeapSize                  = 122093568                              {pd product} {ergonomic}
    uintx ProfiledCodeHeapSize                     = 121962496                              {pd product} {ergonomic}
    uintx ReservedCodeCacheSize                    = 251658240                              {pd product} {ergonomic}
     bool SegmentedCodeCache                       = true                                      {product} {ergonomic}
   size_t SoftMaxHeapSize                          = 8376025088                             {manageable} {ergonomic}
     bool UseCompressedOops                        = true                           {product lp64_product} {ergonomic}
     bool UseG1GC                                  = true                                      {product} {ergonomic}
     bool UseLargePagesIndividualAllocation        = false                                  {pd product} {ergonomic}

Logging:
Log output configuration:
 #0: stdout all=warning uptime,level,tags foldmultilines=false
 #1: stderr all=off uptime,level,tags foldmultilines=false

Environment Variables:
PATH=C:\Program Files\Common Files\Oracle\Java\javapath;C:\Program Files (x86)\Common Files\Oracle\Java\java8path;C:\Program Files (x86)\Common Files\Oracle\Java\javapath;C:\Program Files\Eclipse Adoptium\jdk-17.0.10.7-hotspot\bin;C:\Windows\system32;C:\Windows;C:\Windows\System32\Wbem;C:\Windows\System32\WindowsPowerShell\v1.0\;C:\Windows\System32\OpenSSH\;C:\Program Files (x86)\NVIDIA Corporation\PhysX\Common;C:\Program Files\dotnet\;C:\Program Files\NVIDIA Corporation\NVIDIA app\NvDLISR;C:\Program Files\Git\cmd;C:\Users\Dash\AppData\Local\Programs\Python\Launcher\;C:\Users\Dash\AppData\Local\Microsoft\WindowsApps;C:\Users\Dash\AppData\Local\Programs\Microsoft VS Code\bin;C:\Users\Dash\.dotnet\tools;C:\Tools\Gradle\gradle-8.12\bin;
USERNAME=Dash
OS=Windows_NT
PROCESSOR_IDENTIFIER=AMD64 Family 25 Model 97 Stepping 2, AuthenticAMD
TMP=C:\Users\Dash\AppData\Local\Temp
TEMP=C:\Users\Dash\AppData\Local\Temp




Periodic native trim disabled

---------------  S Y S T E M  ---------------

OS:
 Windows 10 , 64 bit Build 19041 (10.0.19041.5198)
OS uptime: 4 days 1:46 hours

CPU: total 16 (initial active 16) (16 cores per cpu, 2 threads per core) family 25 model 97 stepping 2 microcode 0x0, cx8, cmov, fxsr, ht, mmx, 3dnowpref, sse, sse2, sse3, ssse3, sse4a, sse4.1, sse4.2, popcnt, lzcnt, tsc, tscinvbit, avx, avx2, aes, erms, clmul, bmi1, bmi2, adx, avx512f, avx512dq, avx512cd, avx512bw, avx512vl, sha, fma, vzeroupper, avx512_vpopcntdq, avx512_vpclmulqdq, avx512_vaes, avx512_vnni, clflush, clflushopt, avx512_vbmi2, avx512_vbmi, rdtscp, rdpid, fsrm, gfni, avx512_bitalg, f16c, pku, cet_ss, avx512_ifma
Processor Information for the first 16 processors :
  Max Mhz: 4201, Current Mhz: 4201, Mhz Limit: 4201

Memory: 4k page, system-wide physical 31937M (18812M free)
TotalPageFile size 36545M (AvailPageFile size 21248M)
current process WorkingSet (physical memory assigned to process): 125M, peak: 125M
current process commit charge ("private bytes"): 885M, peak: 886M

vm_info: OpenJDK 64-Bit Server VM (23.0.1+11-39) for windows-amd64 JRE (23.0.1+11-39), built on 2024-09-30T07:20:43Z with MS VC++ 17.6 (VS2022)

END.
