#
# A fatal error has been detected by the Java Runtime Environment:
#
#  EXCEPTION_ACCESS_VIOLATION (0xc0000005) at pc=0x00007ffc199f70e1, pid=33536, tid=12036
#
# JRE version: OpenJDK Runtime Environment (23.0.1+11) (build 23.0.1+11-39)
# Java VM: OpenJDK 64-Bit Server VM (23.0.1+11-39, mixed mode, sharing, tiered, compressed oops, compressed class ptrs, g1 gc, windows-amd64)
# Problematic frame:
# C  [CoreMessaging.dll+0x170e1]
#
# No core dump will be written. Minidumps are not enabled by default on client versions of Windows
#
# If you would like to submit a bug report, please visit:
#   https://bugreport.java.com/bugreport/crash.jsp
# The crash happened outside the Java Virtual Machine in native code.
# See problematic frame for where to report the bug.
#

---------------  S U M M A R Y ------------

Command Line: -Dfile.encoding=UTF-8 -Duser.country=US -Duser.language=en -Duser.variant SimpleSimulation.Main

Host: AMD Ryzen 7 7800X3D 8-Core Processor           , 16 cores, 31G,  Windows 10 , 64 bit Build 19041 (10.0.19041.5198)
Time: Wed Jan  8 21:29:20 2025 Pacific Standard Time elapsed time: 0.635328 seconds (0d 0h 0m 0s)

---------------  T H R E A D  ---------------

Current thread (0x00000159002ff780):  JavaThread "main"             [_thread_in_native, id=12036, stack(0x00000018fa700000,0x00000018fa800000) (1024K)]

Stack: [0x00000018fa700000,0x00000018fa800000],  sp=0x00000018fa7ff110,  free space=1020k
Native frames: (J=compiled Java code, j=interpreted, Vv=VM code, C=native code)
C  [CoreMessaging.dll+0x170e1]  (no source info available)
C  [CoreMessaging.dll+0x16ecd]  (no source info available)
C  [CoreMessaging.dll+0x16d51]  (no source info available)
C  [USER32.dll+0xef5c]  (no source info available)
C  [USER32.dll+0xe684]  (no source info available)
C  [glfw.dll+0x11a0c]  (no source info available)
C  0x00000159121ad307  (no source info available)

The last pc belongs to native method entry point (kind = native) (printed below).
Java frames: (J=compiled Java code, j=interpreted, Vv=VM code)
j  org.lwjgl.system.JNI.invokeV(J)V+0
j  org.lwjgl.glfw.GLFW.glfwPollEvents()V+5
j  SimpleSimulation.engine.Window.loop()V+19
j  SimpleSimulation.engine.Window.run()V+19
j  SimpleSimulation.Main.main([Ljava/lang/String;)V+5
v  ~StubRoutines::call_stub 0x00000159121a0fcd

siginfo: EXCEPTION_ACCESS_VIOLATION (0xc0000005), reading address 0x0000000000000048


Registers:
RAX=0x0000015927f01910, RBX=0x00000018fa7ff180, RCX=0x0000000000000000, RDX=0x0000000040000c02
RSP=0x00000018fa7ff110, RBP=0x0000000000000001, RSI=0x0000000000000000, RDI=0x0000000000000004
R8 =0x0000000000000040, R9 =0x00000018fa7ff238, R10=0x0000000000000002, R11=0x000001596d808e98
R12=0x0000000000000001, R13=0x0000000000000000, R14=0x00000000ffffffff, R15=0x0000000000000001
RIP=0x00007ffc199f70e1, EFLAGS=0x0000000000010202


Register to memory mapping:

RAX=0x0000015927f01910 points into unknown readable memory: 0x0000000000000000 | 00 00 00 00 00 00 00 00
RBX=0x00000018fa7ff180 is pointing into the stack for thread: 0x00000159002ff780
RCX=0x0 is null
RDX=0x0000000040000c02 is an unknown value
RSP=0x00000018fa7ff110 is pointing into the stack for thread: 0x00000159002ff780
RBP=0x0000000000000001 is an unknown value
RSI=0x0 is null
RDI=0x0000000000000004 is an unknown value
R8 =0x0000000000000040 is an unknown value
R9 =0x00000018fa7ff238 is pointing into the stack for thread: 0x00000159002ff780
R10=0x0000000000000002 is an unknown value
R11=0x000001596d808e98 points into unknown readable memory: 0x000001596d808e10 | 10 8e 80 6d 59 01 00 00
R12=0x0000000000000001 is an unknown value
R13=0x0 is null
R14=0x00000000ffffffff is an unknown value
R15=0x0000000000000001 is an unknown value

Top of Stack: (sp=0x00000018fa7ff110)
0x00000018fa7ff110:   0000000000000000 0000000000000001
0x00000018fa7ff120:   0000000000000004 0000000000000000
0x00000018fa7ff130:   0000000040000c02 00007ffc199f6ecd
0x00000018fa7ff140:   0000000000000070 000001590053bc30
0x00000018fa7ff150:   ffffffffffffffff 00007ffc213dec40
0x00000018fa7ff160:   00007ffc213df163 00000018fa7ff2e8
0x00000018fa7ff170:   0000000000000000 0000000000000000
0x00000018fa7ff180:   0000000000000000 0000000000000000
0x00000018fa7ff190:   000000008000ffff 000001596d808e10
0x00000018fa7ff1a0:   000000000000001e 000001596d809250
0x00000018fa7ff1b0:   000001596d808f50 00007ffc216a9993
0x00000018fa7ff1c0:   0000000000000000 000000000018023c
0x00000018fa7ff1d0:   0000000000000001 00007ffc00000000
0x00000018fa7ff1e0:   0000000000000001 00000018fa3f2800
0x00000018fa7ff1f0:   fffffffffffffffe 00007ffc213f2332
0x00000018fa7ff200:   0000000000000000 0000000000000000
0x00000018fa7ff210:   000000000018023c 00007ffc199f6d51
0x00000018fa7ff220:   000001590053bc30 0000000000000000
0x00000018fa7ff230:   000000000018023c 0000000000000000
0x00000018fa7ff240:   0000000000000000 00007ffc2145f070
0x00000018fa7ff250:   00000018fa7ff288 00007ffc21731374
0x00000018fa7ff260:   00004eedb58e1899 0000000000000000
0x00000018fa7ff270:   0000000000000060 0000000000000001
0x00000018fa7ff280:   0000000080000022 000000000018023c
0x00000018fa7ff290:   00000018fa7ff5e8 00007ffc213def5c
0x00000018fa7ff2a0:   0000000000000058 00000018fa7ff318
0x00000018fa7ff2b0:   0000000000000001 000000000018023c
0x00000018fa7ff2c0:   0000000000000000 0000000000000000
0x00000018fa7ff2d0:   0000000000000000 0000000000000000
0x00000018fa7ff2e0:   0000015900000000 0000000000000000
0x00000018fa7ff2f0:   0000000000000000 0000000100000000
0x00000018fa7ff300:   0000000080000022 0000000000000000 

Instructions: (pc=0x00007ffc199f70e1)
0x00007ffc199f6fe1:   60 a8 04 74 28 48 8b 4c 24 68 44 01 71 3c 75 07
0x00007ffc199f6ff1:   48 89 71 40 89 71 48 48 83 c1 10 ff 15 c6 f3 07
0x00007ffc199f7001:   00 48 89 74 24 68 8b 44 24 60 83 e0 fb 83 e0 bd
0x00007ffc199f7011:   89 44 24 60 48 85 db 74 34 48 8b 3b 48 89 33 48
0x00007ffc199f7021:   8b 4b 10 0f b6 53 08 83 fa 02 0f 85 b1 9e 04 00
0x00007ffc199f7031:   48 8b c1 ff 15 2e f7 07 00 48 8b cb e8 cb 01 04
0x00007ffc199f7041:   00 48 8b df 48 85 ff 75 d0 8b 44 24 60 a8 20 0f
0x00007ffc199f7051:   85 bf 9e 04 00 48 8b 4c 24 38 48 85 c9 74 05 e8
0x00007ffc199f7061:   0b 37 00 00 4c 8d 9c 24 c0 00 00 00 49 8b 5b 20
0x00007ffc199f7071:   49 8b 73 28 49 8b e3 41 5f 41 5e 5f c3 e8 fd bc
0x00007ffc199f7081:   05 00 90 cc cc cc cc cc cc cc cc cc cc cc cc 40
0x00007ffc199f7091:   53 48 83 ec 20 8b c2 49 8b d8 25 00 00 00 c0 4c
0x00007ffc199f70a1:   8b d9 3d 00 00 00 40 75 51 44 8b d2 41 83 e2 0f
0x00007ffc199f70b1:   74 48 8b c2 c1 e8 11 25 ff 1f 00 00 3b 41 30 7d
0x00007ffc199f70c1:   39 0f ae e8 8b c8 44 8b c2 49 8b 43 28 49 c1 e8
0x00007ffc199f70d1:   0a 41 83 e0 7f 49 ff c0 49 c1 e0 04 4c 03 04 c8
0x00007ffc199f70e1:   41 8b 40 08 83 e0 0f 44 3b d0 75 0e 0b c2 4c 89
0x00007ffc199f70f1:   03 41 89 01 48 83 c4 20 5b c3 e8 d0 a0 05 00 cc
0x00007ffc199f7101:   cc cc cc cc cc cc cc cc cc cc cc cc cc cc cc 4c
0x00007ffc199f7111:   89 44 24 18 89 54 24 10 48 89 4c 24 08 53 56 57
0x00007ffc199f7121:   41 54 41 55 41 56 41 57 48 81 ec 40 01 00 00 48
0x00007ffc199f7131:   c7 84 24 80 00 00 00 fe ff ff ff 45 8b e1 4c 8b
0x00007ffc199f7141:   f1 0f 57 c0 33 c0 0f 11 84 24 90 00 00 00 0f 11
0x00007ffc199f7151:   84 24 a0 00 00 00 0f 11 84 24 b0 00 00 00 48 89
0x00007ffc199f7161:   84 24 c0 00 00 00 66 48 0f 7e c2 4c 8b bc 24 a8
0x00007ffc199f7171:   01 00 00 49 8b cf e8 94 4c 02 00 33 db 41 89 5f
0x00007ffc199f7181:   08 49 89 5f 10 49 89 5f 18 41 88 5f 20 0f 10 84
0x00007ffc199f7191:   24 b8 00 00 00 41 0f 11 47 28 48 8b 8c 24 b0 01
0x00007ffc199f71a1:   00 00 48 85 c9 0f 84 fa 01 00 00 48 8b 01 33 d2
0x00007ffc199f71b1:   48 8b 40 30 ff 15 ad f5 07 00 84 c0 0f 85 e3 01
0x00007ffc199f71c1:   00 00 49 8b 46 30 44 8b 68 34 40 32 f6 49 83 be
0x00007ffc199f71d1:   98 00 00 00 00 0f 85 94 05 00 00 49 8b 4e 48 48 


Stack slot to memory mapping:

stack at sp + 0 slots: 0x0 is null
stack at sp + 1 slots: 0x0000000000000001 is an unknown value
stack at sp + 2 slots: 0x0000000000000004 is an unknown value
stack at sp + 3 slots: 0x0 is null
stack at sp + 4 slots: 0x0000000040000c02 is an unknown value
stack at sp + 5 slots: 0x00007ffc199f6ecd CoreMessaging.dll
stack at sp + 6 slots: 0x0000000000000070 is an unknown value
stack at sp + 7 slots: 0x000001590053bc30 points into unknown readable memory: 0x0000000040000c02 | 02 0c 00 40 00 00 00 00

Lock stack of current Java thread (top to bottom):

native method entry point (kind = native)  [0x00000159121acee0, 0x00000159121adb38]  3160 bytes
[MachCode]
  0x00000159121acee0: 488b 4b08 | 0fb7 492e | 584c 8d74 | ccf8 6800 | 0000 0068 | 0000 0000 | 5055 488b | ec41 5568 
  0x00000159121acf00: 0000 0000 | 4c8b 6b08 | 4d8d 6d38 | 5348 8b53 | 0848 8b52 | 0848 8b52 | 1848 8b52 | 7048 8b12 
  0x00000159121acf20: 5248 8b53 | 1048 85d2 | 0f84 0700 | 0000 4881 | c210 0100 | 0052 488b | 5308 488b | 5208 488b 
  0x00000159121acf40: 5210 5249 | 8bc6 482b | c548 c1e8 | 0350 6800 | 0000 0068 | f7ff ffff | 41c6 8771 | 0400 0001 
  0x00000159121acf60: 488b 4310 | 4885 c074 | 208b 88cc | 0000 0083 | c102 8988 | cc00 0000 | 2388 e000 | 0000 0f84 
  0x00000159121acf80: 000b 0000 | e9cf 0000 | 0048 8b43 | 1848 85c0 | 0f85 b000 | 0000 e805 | 0000 00e9 | 9900 0000 
  0x00000159121acfa0: 488b d348 | 8d44 2408 | 4c89 6dc0 | 498b cfc5 | f877 4989 | afb0 0300 | 0049 8987 | a003 0000 
  0x00000159121acfc0: 4883 ec20 | 40f6 c40f | 0f84 1900 | 0000 4883 | ec08 48b8 | 9026 29c3 | fb7f 0000 | ffd0 4883 
  0x00000159121acfe0: c408 e90c | 0000 0048 | b890 2629 | c3fb 7f00 | 00ff d048 | 83c4 2049 | c787 a003 | 0000 0000 
  0x00000159121ad000: 0000 49c7 | 87b0 0300 | 0000 0000 | 0049 c787 | a803 0000 | 0000 0000 | c5f8 7749 | 837f 0800 
  0x00000159121ad020: 0f84 0500 | 0000 e995 | 3eff ff4c | 8b6d c04c | 8b75 c84e | 8d74 f500 | c348 8b43 | 1848 85c0 
  0x00000159121ad040: 0f84 1200 | 0000 8b48 | 0883 c102 | 8948 0823 | 481c 0f84 | 2c0a 0000 | 493b a7e8 | 0400 000f 
  0x00000159121ad060: 8748 0000 | 0089 8424 | 00f0 ffff | 8984 2400 | e0ff ff89 | 8424 00d0 | ffff 8984 | 2400 c0ff 
  0x00000159121ad080: ff89 8424 | 00b0 ffff | 8984 2400 | a0ff ff89 | 8424 0090 | ffff 8984 | 2400 80ff | ff49 3ba7 
  0x00000159121ad0a0: e004 0000 | 7607 4989 | a7e8 0400 | 0041 c687 | 7104 0000 | 0049 ba41 | adb0 c3fb | 7f00 0041 
  0x00000159121ad0c0: 803a 000f | 843e 0000 | 0048 8b55 | e849 8bcf | 4883 ec20 | 40f6 c40f | 0f84 1900 | 0000 4883 
  0x00000159121ad0e0: ec08 48b8 | 10ee 60c3 | fb7f 0000 | ffd0 4883 | c408 e90c | 0000 0048 | b810 ee60 | c3fb 7f00 
  0x00000159121ad100: 00ff d048 | 83c4 2048 | 8b5d e84c | 8b5b 0845 | 0fb7 5b2e | 41c1 e303 | 492b e348 | 83ec 2048 
  0x00000159121ad120: 83e4 f04c | 8b5b 604d | 85db 0f85 | ab00 0000 | e805 0000 | 00e9 9900 | 0000 488b | d348 8d44 
  0x00000159121ad140: 2408 4c89 | 6dc0 498b | cfc5 f877 | 4989 afb0 | 0300 0049 | 8987 a003 | 0000 4883 | ec20 40f6 
  0x00000159121ad160: c40f 0f84 | 1900 0000 | 4883 ec08 | 48b8 f04d | 29c3 fb7f | 0000 ffd0 | 4883 c408 | e90c 0000 
  0x00000159121ad180: 0048 b8f0 | 4d29 c3fb | 7f00 00ff | d048 83c4 | 2049 c787 | a003 0000 | 0000 0000 | 49c7 87b0 
  0x00000159121ad1a0: 0300 0000 | 0000 0049 | c787 a803 | 0000 0000 | 0000 c5f8 | 7749 837f | 0800 0f84 | 0500 0000 
  0x00000159121ad1c0: e9fb 3cff | ff4c 8b6d | c04c 8b75 | c84e 8d74 | f500 c348 | 8b5d e84c | 8b5b 6041 | ffd3 488b 
  0x00000159121ad1e0: 5de8 4889 | 4518 448b | 5b28 41f6 | c308 0f84 | 1b00 0000 | 4c8b 5b08 | 4d8b 5b08 | 4d8b 5b18 
  0x00000159121ad200: 4d8b 5b70 | 4d8b 1b4c | 895d 1048 | 8d55 1048 | 8b43 5849 | ba60 3c61 | c3fb 7f00 | 0049 3bc2 
  0x00000159121ad220: 0f85 ab00 | 0000 e805 | 0000 00e9 | 9900 0000 | 488b d348 | 8d44 2408 | 4c89 6dc0 | 498b cfc5 
  0x00000159121ad240: f877 4989 | afb0 0300 | 0049 8987 | a003 0000 | 4883 ec20 | 40f6 c40f | 0f84 1900 | 0000 4883 
  0x00000159121ad260: ec08 48b8 | f04d 29c3 | fb7f 0000 | ffd0 4883 | c408 e90c | 0000 0048 | b8f0 4d29 | c3fb 7f00 
  0x00000159121ad280: 00ff d048 | 83c4 2049 | c787 a003 | 0000 0000 | 0000 49c7 | 87b0 0300 | 0000 0000 | 0049 c787 
  0x00000159121ad2a0: a803 0000 | 0000 0000 | c5f8 7749 | 837f 0800 | 0f84 0500 | 0000 e905 | 3cff ff4c | 8b6d c04c 
  0x00000159121ad2c0: 8b75 c84e | 8d74 f500 | c348 8b5d | e848 8b43 | 5849 8d8f | c003 0000 | c5f8 7749 | 89af b003 
  0x00000159121ad2e0: 0000 49ba | d8d2 1a12 | 5901 0000 | 4d89 97a8 | 0300 0049 | 89a7 a003 | 0000 41c7 | 8744 0400 
  0x00000159121ad300: 0004 0000 | 00ff d0c5 | f877 4883 | ec10 c5fb | 1104 2448 | 83ec 1048 | 8904 2448 | c744 2408 
  0x00000159121ad320: 0000 0000 | 41c7 8744 | 0400 0005 | 0000 00f0 | 8344 24c0 | 0049 3baf | 4804 0000 | 0f87 0e00 
  0x00000159121ad340: 0000 4183 | bf40 0400 | 0000 0f84 | 2000 0000 | 498b cf4c | 8be4 4883 | ec20 4883 | e4f0 48b8 
  0x00000159121ad360: 90a9 2ac3 | fb7f 0000 | ffd0 498b | e44d 33e4 | 41c7 8744 | 0400 0008 | 0000 0049 | c787 a003 
  0x00000159121ad380: 0000 0000 | 0000 49c7 | 87b0 0300 | 0000 0000 | 0049 c787 | a803 0000 | 0000 0000 | c5f8 774d 
  0x00000159121ad3a0: 8b9f 3004 | 0000 41c7 | 8300 0100 | 0000 0000 | 0049 bbda | a51a 1259 | 0100 004c | 3b5d 180f 
  0x00000159121ad3c0: 8524 0300 | 0048 8b04 | 2448 83c4 | 1048 85c0 | 0f84 fe02 | 0000 a803 | 0f85 0800 | 0000 488b 
  0x00000159121ad3e0: 00e9 ee02 | 0000 a801 | 0f85 0900 | 0000 488b | 40fe e9dd | 0200 0048 | 8b40 ff41 | 807f 3800 
  0x00000159121ad400: 0f84 ce02 | 0000 4883 | f800 0f84 | c402 0000 | 4d8b 5f28 | 4983 fb00 | 0f84 1400 | 0000 4983 
  0x00000159121ad420: eb08 4d89 | 5f28 4d03 | 5f30 4989 | 03e9 a202 | 0000 4881 | ec50 0100 | 0048 8904 | 2448 894c 
  0x00000159121ad440: 2408 4889 | 5424 1048 | 8974 2418 | 4889 7c24 | 204c 8944 | 2428 4c89 | 4c24 304c | 8954 2438 
  0x00000159121ad460: 4c89 5c24 | 40c5 fb11 | 4424 50c5 | fb11 4c24 | 58c5 fb11 | 5424 60c5 | fb11 5c24 | 68c5 fb11 
  0x00000159121ad480: 6424 70c5 | fb11 6c24 | 78c5 fb11 | b424 8000 | 0000 c5fb | 11bc 2488 | 0000 00c5 | 7b11 8424 
  0x00000159121ad4a0: 9000 0000 | c57b 118c | 2498 0000 | 00c5 7b11 | 9424 a000 | 0000 c57b | 119c 24a8 | 0000 00c5 
  0x00000159121ad4c0: 7b11 a424 | b000 0000 | c57b 11ac | 24b8 0000 | 00c5 7b11 | b424 c000 | 0000 c57b | 11bc 24c8 
  0x00000159121ad4e0: 0000 0062 | e1ff 0811 | 4424 1a62 | e1ff 0811 | 4c24 1b62 | e1ff 0811 | 5424 1c62 | e1ff 0811 
  0x00000159121ad500: 5c24 1d62 | e1ff 0811 | 6424 1e62 | e1ff 0811 | 6c24 1f62 | e1ff 0811 | 7424 2062 | e1ff 0811 
  0x00000159121ad520: 7c24 2162 | 61ff 0811 | 4424 2262 | 61ff 0811 | 4c24 2362 | 61ff 0811 | 5424 2462 | 61ff 0811 
  0x00000159121ad540: 5c24 2562 | 61ff 0811 | 6424 2662 | 61ff 0811 | 6c24 2762 | 61ff 0811 | 7424 2862 | 61ff 0811 
  0x00000159121ad560: 7c24 2949 | 8bd7 488b | c848 83ec | 2040 f6c4 | 0f0f 8419 | 0000 0048 | 83ec 0848 | b8e0 071e 
  0x00000159121ad580: c3fb 7f00 | 00ff d048 | 83c4 08e9 | 0c00 0000 | 48b8 e007 | 1ec3 fb7f | 0000 ffd0 | 4883 c420 
  0x00000159121ad5a0: 6261 ff08 | 107c 2429 | 6261 ff08 | 1074 2428 | 6261 ff08 | 106c 2427 | 6261 ff08 | 1064 2426 
  0x00000159121ad5c0: 6261 ff08 | 105c 2425 | 6261 ff08 | 1054 2424 | 6261 ff08 | 104c 2423 | 6261 ff08 | 1044 2422 
  0x00000159121ad5e0: 62e1 ff08 | 107c 2421 | 62e1 ff08 | 1074 2420 | 62e1 ff08 | 106c 241f | 62e1 ff08 | 1064 241e 
  0x00000159121ad600: 62e1 ff08 | 105c 241d | 62e1 ff08 | 1054 241c | 62e1 ff08 | 104c 241b | 62e1 ff08 | 1044 241a 
  0x00000159121ad620: c57b 10bc | 24c8 0000 | 00c5 7b10 | b424 c000 | 0000 c57b | 10ac 24b8 | 0000 00c5 | 7b10 a424 
  0x00000159121ad640: b000 0000 | c57b 109c | 24a8 0000 | 00c5 7b10 | 9424 a000 | 0000 c57b | 108c 2498 | 0000 00c5 
  0x00000159121ad660: 7b10 8424 | 9000 0000 | c5fb 10bc | 2488 0000 | 00c5 fb10 | b424 8000 | 0000 c5fb | 106c 2478 
  0x00000159121ad680: c5fb 1064 | 2470 c5fb | 105c 2468 | c5fb 1054 | 2460 c5fb | 104c 2458 | c5fb 1044 | 2450 4c8b 
  0x00000159121ad6a0: 5c24 404c | 8b54 2438 | 4c8b 4c24 | 304c 8b44 | 2428 488b | 7c24 2048 | 8b74 2418 | 488b 5424 
  0x00000159121ad6c0: 1048 8b4c | 2408 488b | 0424 4881 | c450 0100 | 00c5 f877 | 4889 4510 | 4883 ec10 | 4889 0424 
  0x00000159121ad6e0: 48c7 4424 | 0800 0000 | 0041 83bf | c804 0000 | 020f 85bf | 0000 0048 | 81ec 8000 | 0000 4889 
  0x00000159121ad700: 4424 7848 | 894c 2470 | 4889 5424 | 6848 895c | 2460 4889 | 6c24 5048 | 8974 2448 | 4889 7c24 
  0x00000159121ad720: 404c 8944 | 2438 4c89 | 4c24 304c | 8954 2428 | 4c89 5c24 | 204c 8964 | 2418 4c89 | 6c24 104c 
  0x00000159121ad740: 8974 2408 | 4c89 3c24 | 4c8b e448 | 83ec 2048 | 83e4 f048 | b8c0 2261 | c3fb 7f00 | 00ff d049 
  0x00000159121ad760: 8be4 4c8b | 3c24 4c8b | 7424 084c | 8b6c 2410 | 4c8b 6424 | 184c 8b5c | 2420 4c8b | 5424 284c 
  0x00000159121ad780: 8b4c 2430 | 4c8b 4424 | 3848 8b7c | 2440 488b | 7424 4848 | 8b6c 2450 | 488b 5c24 | 6048 8b54 
  0x00000159121ad7a0: 2468 488b | 4c24 7048 | 8b44 2478 | 4881 c480 | 0000 004d | 33e4 488b | 5de8 4c8b | 6b08 4d8d 
  0x00000159121ad7c0: 6d38 4983 | 7f08 000f | 84bb 0000 | 00e8 0500 | 0000 e996 | 0000 0048 | 8d44 2408 | 4c89 6dc0 
  0x00000159121ad7e0: 498b cfc5 | f877 4989 | afb0 0300 | 0049 8987 | a003 0000 | 4883 ec20 | 40f6 c40f | 0f84 1900 
  0x00000159121ad800: 0000 4883 | ec08 48b8 | 006c 29c3 | fb7f 0000 | ffd0 4883 | c408 e90c | 0000 0048 | b800 6c29 
  0x00000159121ad820: c3fb 7f00 | 00ff d048 | 83c4 2049 | c787 a003 | 0000 0000 | 0000 49c7 | 87b0 0300 | 0000 0000 
  0x00000159121ad840: 0049 c787 | a803 0000 | 0000 0000 | c5f8 7749 | 837f 0800 | 0f84 0500 | 0000 e961 | 36ff ff4c 
  0x00000159121ad860: 8b6d c04c | 8b75 c84e | 8d74 f500 | c348 b930 | d588 c3fb | 7f00 0048 | 83e4 f048 | b870 4a4f 
  0x00000159121ad880: c3fb 7f00 | 00ff d0f4 | 448b 5b28 | 41f6 c320 | 0f84 7901 | 0000 488d | 55a8 4c8b | 5a08 4d85 
  0x00000159121ad8a0: db0f 85bb | 0000 00e8 | 0500 0000 | e996 0000 | 0048 8d44 | 2408 4c89 | 6dc0 498b | cfc5 f877 
  0x00000159121ad8c0: 4989 afb0 | 0300 0049 | 8987 a003 | 0000 4883 | ec20 40f6 | c40f 0f84 | 1900 0000 | 4883 ec08 
  0x00000159121ad8e0: 48b8 306b | 29c3 fb7f | 0000 ffd0 | 4883 c408 | e90c 0000 | 0048 b830 | 6b29 c3fb | 7f00 00ff 
  0x00000159121ad900: d048 83c4 | 2049 c787 | a003 0000 | 0000 0000 | 49c7 87b0 | 0300 0000 | 0000 0049 | c787 a803 
  0x00000159121ad920: 0000 0000 | 0000 c5f8 | 7749 837f | 0800 0f84 | 0500 0000 | e987 35ff | ff4c 8b6d | c04c 8b75 
  0x00000159121ad940: c84e 8d74 | f500 c348 | b930 d588 | c3fb 7f00 | 0048 83e4 | f048 b870 | 4a4f c3fb | 7f00 00ff 
  0x00000159121ad960: d0f4 4c89 | 6dc0 4c8b | 4a08 48c7 | 4208 0000 | 0000 458b | 8718 0600 | 004f 3b4c | 07f8 0f85 
  0x00000159121ad980: 4900 0000 | 4183 af18 | 0600 0008 | 4f3b 4c07 | f00f 842a | 0000 0049 | 8b01 a802 | 0f85 1200 
  0x00000159121ad9a0: 0000 4c8b | c049 83c8 | 01f0 4d0f | b101 0f84 | 0d00 0000 | 4183 8718 | 0600 0008 | e90c 0000 
  0x00000159121ad9c0: 0049 ff8f | 5005 0000 | e93e 0000 | 004c 894a | 0848 8bca | 4883 ec20 | 40f6 c40f | 0f84 1900 
  0x00000159121ad9e0: 0000 4883 | ec08 48b8 | f03d 29c3 | fb7f 0000 | ffd0 4883 | c408 e90c | 0000 0048 | b8f0 3d29 
  0x00000159121ada00: c3fb 7f00 | 00ff d048 | 83c4 204c | 8b6d c049 | ba41 adb0 | c3fb 7f00 | 0041 803a | 000f 843e 
  0x00000159121ada20: 0000 0048 | 8b55 e849 | 8bcf 4883 | ec20 40f6 | c40f 0f84 | 1900 0000 | 4883 ec08 | 48b8 10ee 
  0x00000159121ada40: 60c3 fb7f | 0000 ffd0 | 4883 c408 | e90c 0000 | 0048 b810 | ee60 c3fb | 7f00 00ff | d048 83c4 
  0x00000159121ada60: 2048 8b04 | 2448 83c4 | 10c5 fb10 | 0424 4883 | c410 4c8b | 5d18 41ff | d34c 8b5d | f8c9 5f49 
  0x00000159121ada80: 8be3 ffe7 | ba00 0000 | 00e8 0500 | 0000 e996 | 0000 0048 | 8d44 2408 | 4c89 6dc0 | 498b cfc5 
  0x00000159121adaa0: f877 4989 | afb0 0300 | 0049 8987 | a003 0000 | 4883 ec20 | 40f6 c40f | 0f84 1900 | 0000 4883 
  0x00000159121adac0: ec08 48b8 | a031 29c3 | fb7f 0000 | ffd0 4883 | c408 e90c | 0000 0048 | b8a0 3129 | c3fb 7f00 
  0x00000159121adae0: 00ff d048 | 83c4 2049 | c787 a003 | 0000 0000 | 0000 49c7 | 87b0 0300 | 0000 0000 | 0049 c787 
  0x00000159121adb00: a803 0000 | 0000 0000 | c5f8 7749 | 837f 0800 | 0f84 0500 | 0000 e9a5 | 33ff ff4c | 8b6d c04c 
  0x00000159121adb20: 8b75 c84e | 8d74 f500 | c348 8b5d | e8e9 26f5 | ffff 660f | 1f44 0000 
[/MachCode]

---------------  P R O C E S S  ---------------

Threads class SMR info:
_java_thread_list=0x000001597b4f5710, length=15, elements={
0x00000159002ff780, 0x00000159271c14b0, 0x00000159271c2220, 0x00000159271c48c0,
0x00000159271c7680, 0x00000159271e8500, 0x00000159271eb720, 0x00000159271f1210,
0x00000159271f6a10, 0x00000159271f5c70, 0x00000159271f70e0, 0x0000015927359a50,
0x00000159273586a0, 0x00000159271f77b0, 0x00000159271f6340
}

Java Threads: ( => current thread )
=>0x00000159002ff780 JavaThread "main"                              [_thread_in_native, id=12036, stack(0x00000018fa700000,0x00000018fa800000) (1024K)]
  0x00000159271c14b0 JavaThread "Reference Handler"          daemon [_thread_blocked, id=512, stack(0x00000018faf00000,0x00000018fb000000) (1024K)]
  0x00000159271c2220 JavaThread "Finalizer"                  daemon [_thread_blocked, id=33656, stack(0x00000018fb000000,0x00000018fb100000) (1024K)]
  0x00000159271c48c0 JavaThread "Signal Dispatcher"          daemon [_thread_blocked, id=30952, stack(0x00000018fb100000,0x00000018fb200000) (1024K)]
  0x00000159271c7680 JavaThread "Attach Listener"            daemon [_thread_blocked, id=23760, stack(0x00000018fb200000,0x00000018fb300000) (1024K)]
  0x00000159271e8500 JavaThread "Service Thread"             daemon [_thread_blocked, id=31800, stack(0x00000018fb300000,0x00000018fb400000) (1024K)]
  0x00000159271eb720 JavaThread "Monitor Deflation Thread"   daemon [_thread_blocked, id=24336, stack(0x00000018fb400000,0x00000018fb500000) (1024K)]
  0x00000159271f1210 JavaThread "C2 CompilerThread0"         daemon [_thread_blocked, id=25584, stack(0x00000018fb500000,0x00000018fb600000) (1024K)]
  0x00000159271f6a10 JavaThread "C1 CompilerThread0"         daemon [_thread_blocked, id=27572, stack(0x00000018fb600000,0x00000018fb700000) (1024K)]
  0x00000159271f5c70 JavaThread "C1 CompilerThread1"         daemon [_thread_blocked, id=11964, stack(0x00000018fb700000,0x00000018fb800000) (1024K)]
  0x00000159271f70e0 JavaThread "C1 CompilerThread2"         daemon [_thread_blocked, id=22036, stack(0x00000018fb800000,0x00000018fb900000) (1024K)]
  0x0000015927359a50 JavaThread "Notification Thread"        daemon [_thread_blocked, id=14500, stack(0x00000018fb900000,0x00000018fba00000) (1024K)]
  0x00000159273586a0 JavaThread "Common-Cleaner"             daemon [_thread_blocked, id=9288, stack(0x00000018fba00000,0x00000018fbb00000) (1024K)]
  0x00000159271f77b0 JavaThread "C1 CompilerThread3"         daemon [_thread_blocked, id=35864, stack(0x00000018fbb00000,0x00000018fbc00000) (1024K)]
  0x00000159271f6340 JavaThread "C2 CompilerThread1"         daemon [_thread_blocked, id=1796, stack(0x00000018fc300000,0x00000018fc400000) (1024K)]
Total: 15

Other Threads:
  0x00000159267042a0 VMThread "VM Thread"                           [id=9380, stack(0x00000018fae00000,0x00000018faf00000) (1024K)]
  0x00000159266f35f0 WatcherThread "VM Periodic Task Thread"        [id=29180, stack(0x00000018fad00000,0x00000018fae00000) (1024K)]
  0x00000159026b7af0 WorkerThread "GC Thread#0"                     [id=38648, stack(0x00000018fa800000,0x00000018fa900000) (1024K)]
  0x00000159026ce810 ConcurrentGCThread "G1 Main Marker"            [id=36852, stack(0x00000018fa900000,0x00000018faa00000) (1024K)]
  0x00000159026cf9d0 WorkerThread "G1 Conc#0"                       [id=36660, stack(0x00000018faa00000,0x00000018fab00000) (1024K)]
  0x00000159265beb20 ConcurrentGCThread "G1 Refine#0"               [id=32796, stack(0x00000018fab00000,0x00000018fac00000) (1024K)]
  0x00000159265bf4b0 ConcurrentGCThread "G1 Service"                [id=28436, stack(0x00000018fac00000,0x00000018fad00000) (1024K)]
Total: 7

Threads with active compile tasks:
Total: 0

VM state: not at safepoint (normal execution)

VM Mutex/Monitor currently owned by a thread: None

Heap address: 0x000000060cc00000, size: 7988 MB, Compressed Oops mode: Zero based, Oop shift amount: 3

CDS archive(s) mapped at: [0x0000015928000000-0x0000015928d70000-0x0000015928d70000), size 14090240, SharedBaseAddress: 0x0000015928000000, ArchiveRelocationMode: 1.
Compressed class space mapped at: 0x0000015929000000-0x0000015969000000, reserved size: 1073741824
Narrow klass base: 0x0000015928000000, Narrow klass shift: 0, Narrow klass range: 0x41000000

GC Precious Log:
 CardTable entry size: 512
 Card Set container configuration: InlinePtr #cards 4 size 8 Array Of Cards #cards 32 size 80 Howl #buckets 8 coarsen threshold 7372 Howl Bitmap #cards 1024 size 144 coarsen threshold 921 Card regions per heap region 1 cards per card region 8192
 CPUs: 16 total, 16 available
 Memory: 31937M
 Large Page Support: Disabled
 NUMA Support: Disabled
 Compressed Oops: Enabled (Zero based)
 Heap Region Size: 4M
 Heap Min Capacity: 8M
 Heap Initial Capacity: 500M
 Heap Max Capacity: 7988M
 Pre-touch: Disabled
 Parallel Workers: 13
 Concurrent Workers: 3
 Concurrent Refinement Workers: 13
 Periodic GC: Disabled

Heap:
 garbage-first heap   total reserved 8179712K, committed 512000K, used 12288K [0x000000060cc00000, 0x0000000800000000)
  region size 4096K, 4 young (16384K), 0 survivors (0K)
 Metaspace       used 6792K, committed 6976K, reserved 1114112K
  class space    used 346K, committed 448K, reserved 1048576K

Heap Regions: E=young(eden), S=young(survivor), O=old, HS=humongous(starts), HC=humongous(continues), CS=collection set, F=free, TAMS=top-at-mark-start, PB=parsable bottom
|   0|0x000000060cc00000, 0x000000060cc00000, 0x000000060d000000|  0%| F|  |TAMS 0x000000060cc00000| PB 0x000000060cc00000| Untracked |  0
|   1|0x000000060d000000, 0x000000060d000000, 0x000000060d400000|  0%| F|  |TAMS 0x000000060d000000| PB 0x000000060d000000| Untracked |  0
|   2|0x000000060d400000, 0x000000060d400000, 0x000000060d800000|  0%| F|  |TAMS 0x000000060d400000| PB 0x000000060d400000| Untracked |  0
|   3|0x000000060d800000, 0x000000060d800000, 0x000000060dc00000|  0%| F|  |TAMS 0x000000060d800000| PB 0x000000060d800000| Untracked |  0
|   4|0x000000060dc00000, 0x000000060dc00000, 0x000000060e000000|  0%| F|  |TAMS 0x000000060dc00000| PB 0x000000060dc00000| Untracked |  0
|   5|0x000000060e000000, 0x000000060e000000, 0x000000060e400000|  0%| F|  |TAMS 0x000000060e000000| PB 0x000000060e000000| Untracked |  0
|   6|0x000000060e400000, 0x000000060e400000, 0x000000060e800000|  0%| F|  |TAMS 0x000000060e400000| PB 0x000000060e400000| Untracked |  0
|   7|0x000000060e800000, 0x000000060e800000, 0x000000060ec00000|  0%| F|  |TAMS 0x000000060e800000| PB 0x000000060e800000| Untracked |  0
|   8|0x000000060ec00000, 0x000000060ec00000, 0x000000060f000000|  0%| F|  |TAMS 0x000000060ec00000| PB 0x000000060ec00000| Untracked |  0
|   9|0x000000060f000000, 0x000000060f000000, 0x000000060f400000|  0%| F|  |TAMS 0x000000060f000000| PB 0x000000060f000000| Untracked |  0
|  10|0x000000060f400000, 0x000000060f400000, 0x000000060f800000|  0%| F|  |TAMS 0x000000060f400000| PB 0x000000060f400000| Untracked |  0
|  11|0x000000060f800000, 0x000000060f800000, 0x000000060fc00000|  0%| F|  |TAMS 0x000000060f800000| PB 0x000000060f800000| Untracked |  0
|  12|0x000000060fc00000, 0x000000060fc00000, 0x0000000610000000|  0%| F|  |TAMS 0x000000060fc00000| PB 0x000000060fc00000| Untracked |  0
|  13|0x0000000610000000, 0x0000000610000000, 0x0000000610400000|  0%| F|  |TAMS 0x0000000610000000| PB 0x0000000610000000| Untracked |  0
|  14|0x0000000610400000, 0x0000000610400000, 0x0000000610800000|  0%| F|  |TAMS 0x0000000610400000| PB 0x0000000610400000| Untracked |  0
|  15|0x0000000610800000, 0x0000000610800000, 0x0000000610c00000|  0%| F|  |TAMS 0x0000000610800000| PB 0x0000000610800000| Untracked |  0
|  16|0x0000000610c00000, 0x0000000610c00000, 0x0000000611000000|  0%| F|  |TAMS 0x0000000610c00000| PB 0x0000000610c00000| Untracked |  0
|  17|0x0000000611000000, 0x0000000611000000, 0x0000000611400000|  0%| F|  |TAMS 0x0000000611000000| PB 0x0000000611000000| Untracked |  0
|  18|0x0000000611400000, 0x0000000611400000, 0x0000000611800000|  0%| F|  |TAMS 0x0000000611400000| PB 0x0000000611400000| Untracked |  0
|  19|0x0000000611800000, 0x0000000611800000, 0x0000000611c00000|  0%| F|  |TAMS 0x0000000611800000| PB 0x0000000611800000| Untracked |  0
|  20|0x0000000611c00000, 0x0000000611c00000, 0x0000000612000000|  0%| F|  |TAMS 0x0000000611c00000| PB 0x0000000611c00000| Untracked |  0
|  21|0x0000000612000000, 0x0000000612000000, 0x0000000612400000|  0%| F|  |TAMS 0x0000000612000000| PB 0x0000000612000000| Untracked |  0
|  22|0x0000000612400000, 0x0000000612400000, 0x0000000612800000|  0%| F|  |TAMS 0x0000000612400000| PB 0x0000000612400000| Untracked |  0
|  23|0x0000000612800000, 0x0000000612800000, 0x0000000612c00000|  0%| F|  |TAMS 0x0000000612800000| PB 0x0000000612800000| Untracked |  0
|  24|0x0000000612c00000, 0x0000000612c00000, 0x0000000613000000|  0%| F|  |TAMS 0x0000000612c00000| PB 0x0000000612c00000| Untracked |  0
|  25|0x0000000613000000, 0x0000000613000000, 0x0000000613400000|  0%| F|  |TAMS 0x0000000613000000| PB 0x0000000613000000| Untracked |  0
|  26|0x0000000613400000, 0x0000000613400000, 0x0000000613800000|  0%| F|  |TAMS 0x0000000613400000| PB 0x0000000613400000| Untracked |  0
|  27|0x0000000613800000, 0x0000000613800000, 0x0000000613c00000|  0%| F|  |TAMS 0x0000000613800000| PB 0x0000000613800000| Untracked |  0
|  28|0x0000000613c00000, 0x0000000613c00000, 0x0000000614000000|  0%| F|  |TAMS 0x0000000613c00000| PB 0x0000000613c00000| Untracked |  0
|  29|0x0000000614000000, 0x0000000614000000, 0x0000000614400000|  0%| F|  |TAMS 0x0000000614000000| PB 0x0000000614000000| Untracked |  0
|  30|0x0000000614400000, 0x0000000614400000, 0x0000000614800000|  0%| F|  |TAMS 0x0000000614400000| PB 0x0000000614400000| Untracked |  0
|  31|0x0000000614800000, 0x0000000614800000, 0x0000000614c00000|  0%| F|  |TAMS 0x0000000614800000| PB 0x0000000614800000| Untracked |  0
|  32|0x0000000614c00000, 0x0000000614c00000, 0x0000000615000000|  0%| F|  |TAMS 0x0000000614c00000| PB 0x0000000614c00000| Untracked |  0
|  33|0x0000000615000000, 0x0000000615000000, 0x0000000615400000|  0%| F|  |TAMS 0x0000000615000000| PB 0x0000000615000000| Untracked |  0
|  34|0x0000000615400000, 0x0000000615400000, 0x0000000615800000|  0%| F|  |TAMS 0x0000000615400000| PB 0x0000000615400000| Untracked |  0
|  35|0x0000000615800000, 0x0000000615800000, 0x0000000615c00000|  0%| F|  |TAMS 0x0000000615800000| PB 0x0000000615800000| Untracked |  0
|  36|0x0000000615c00000, 0x0000000615c00000, 0x0000000616000000|  0%| F|  |TAMS 0x0000000615c00000| PB 0x0000000615c00000| Untracked |  0
|  37|0x0000000616000000, 0x0000000616000000, 0x0000000616400000|  0%| F|  |TAMS 0x0000000616000000| PB 0x0000000616000000| Untracked |  0
|  38|0x0000000616400000, 0x0000000616400000, 0x0000000616800000|  0%| F|  |TAMS 0x0000000616400000| PB 0x0000000616400000| Untracked |  0
|  39|0x0000000616800000, 0x0000000616800000, 0x0000000616c00000|  0%| F|  |TAMS 0x0000000616800000| PB 0x0000000616800000| Untracked |  0
|  40|0x0000000616c00000, 0x0000000616c00000, 0x0000000617000000|  0%| F|  |TAMS 0x0000000616c00000| PB 0x0000000616c00000| Untracked |  0
|  41|0x0000000617000000, 0x0000000617000000, 0x0000000617400000|  0%| F|  |TAMS 0x0000000617000000| PB 0x0000000617000000| Untracked |  0
|  42|0x0000000617400000, 0x0000000617400000, 0x0000000617800000|  0%| F|  |TAMS 0x0000000617400000| PB 0x0000000617400000| Untracked |  0
|  43|0x0000000617800000, 0x0000000617800000, 0x0000000617c00000|  0%| F|  |TAMS 0x0000000617800000| PB 0x0000000617800000| Untracked |  0
|  44|0x0000000617c00000, 0x0000000617c00000, 0x0000000618000000|  0%| F|  |TAMS 0x0000000617c00000| PB 0x0000000617c00000| Untracked |  0
|  45|0x0000000618000000, 0x0000000618000000, 0x0000000618400000|  0%| F|  |TAMS 0x0000000618000000| PB 0x0000000618000000| Untracked |  0
|  46|0x0000000618400000, 0x0000000618400000, 0x0000000618800000|  0%| F|  |TAMS 0x0000000618400000| PB 0x0000000618400000| Untracked |  0
|  47|0x0000000618800000, 0x0000000618800000, 0x0000000618c00000|  0%| F|  |TAMS 0x0000000618800000| PB 0x0000000618800000| Untracked |  0
|  48|0x0000000618c00000, 0x0000000618c00000, 0x0000000619000000|  0%| F|  |TAMS 0x0000000618c00000| PB 0x0000000618c00000| Untracked |  0
|  49|0x0000000619000000, 0x0000000619000000, 0x0000000619400000|  0%| F|  |TAMS 0x0000000619000000| PB 0x0000000619000000| Untracked |  0
|  50|0x0000000619400000, 0x0000000619400000, 0x0000000619800000|  0%| F|  |TAMS 0x0000000619400000| PB 0x0000000619400000| Untracked |  0
|  51|0x0000000619800000, 0x0000000619800000, 0x0000000619c00000|  0%| F|  |TAMS 0x0000000619800000| PB 0x0000000619800000| Untracked |  0
|  52|0x0000000619c00000, 0x0000000619c00000, 0x000000061a000000|  0%| F|  |TAMS 0x0000000619c00000| PB 0x0000000619c00000| Untracked |  0
|  53|0x000000061a000000, 0x000000061a000000, 0x000000061a400000|  0%| F|  |TAMS 0x000000061a000000| PB 0x000000061a000000| Untracked |  0
|  54|0x000000061a400000, 0x000000061a400000, 0x000000061a800000|  0%| F|  |TAMS 0x000000061a400000| PB 0x000000061a400000| Untracked |  0
|  55|0x000000061a800000, 0x000000061a800000, 0x000000061ac00000|  0%| F|  |TAMS 0x000000061a800000| PB 0x000000061a800000| Untracked |  0
|  56|0x000000061ac00000, 0x000000061ac00000, 0x000000061b000000|  0%| F|  |TAMS 0x000000061ac00000| PB 0x000000061ac00000| Untracked |  0
|  57|0x000000061b000000, 0x000000061b000000, 0x000000061b400000|  0%| F|  |TAMS 0x000000061b000000| PB 0x000000061b000000| Untracked |  0
|  58|0x000000061b400000, 0x000000061b400000, 0x000000061b800000|  0%| F|  |TAMS 0x000000061b400000| PB 0x000000061b400000| Untracked |  0
|  59|0x000000061b800000, 0x000000061b800000, 0x000000061bc00000|  0%| F|  |TAMS 0x000000061b800000| PB 0x000000061b800000| Untracked |  0
|  60|0x000000061bc00000, 0x000000061bc00000, 0x000000061c000000|  0%| F|  |TAMS 0x000000061bc00000| PB 0x000000061bc00000| Untracked |  0
|  61|0x000000061c000000, 0x000000061c000000, 0x000000061c400000|  0%| F|  |TAMS 0x000000061c000000| PB 0x000000061c000000| Untracked |  0
|  62|0x000000061c400000, 0x000000061c400000, 0x000000061c800000|  0%| F|  |TAMS 0x000000061c400000| PB 0x000000061c400000| Untracked |  0
|  63|0x000000061c800000, 0x000000061c800000, 0x000000061cc00000|  0%| F|  |TAMS 0x000000061c800000| PB 0x000000061c800000| Untracked |  0
|  64|0x000000061cc00000, 0x000000061cc00000, 0x000000061d000000|  0%| F|  |TAMS 0x000000061cc00000| PB 0x000000061cc00000| Untracked |  0
|  65|0x000000061d000000, 0x000000061d000000, 0x000000061d400000|  0%| F|  |TAMS 0x000000061d000000| PB 0x000000061d000000| Untracked |  0
|  66|0x000000061d400000, 0x000000061d400000, 0x000000061d800000|  0%| F|  |TAMS 0x000000061d400000| PB 0x000000061d400000| Untracked |  0
|  67|0x000000061d800000, 0x000000061d800000, 0x000000061dc00000|  0%| F|  |TAMS 0x000000061d800000| PB 0x000000061d800000| Untracked |  0
|  68|0x000000061dc00000, 0x000000061dc00000, 0x000000061e000000|  0%| F|  |TAMS 0x000000061dc00000| PB 0x000000061dc00000| Untracked |  0
|  69|0x000000061e000000, 0x000000061e000000, 0x000000061e400000|  0%| F|  |TAMS 0x000000061e000000| PB 0x000000061e000000| Untracked |  0
|  70|0x000000061e400000, 0x000000061e400000, 0x000000061e800000|  0%| F|  |TAMS 0x000000061e400000| PB 0x000000061e400000| Untracked |  0
|  71|0x000000061e800000, 0x000000061e800000, 0x000000061ec00000|  0%| F|  |TAMS 0x000000061e800000| PB 0x000000061e800000| Untracked |  0
|  72|0x000000061ec00000, 0x000000061ec00000, 0x000000061f000000|  0%| F|  |TAMS 0x000000061ec00000| PB 0x000000061ec00000| Untracked |  0
|  73|0x000000061f000000, 0x000000061f000000, 0x000000061f400000|  0%| F|  |TAMS 0x000000061f000000| PB 0x000000061f000000| Untracked |  0
|  74|0x000000061f400000, 0x000000061f400000, 0x000000061f800000|  0%| F|  |TAMS 0x000000061f400000| PB 0x000000061f400000| Untracked |  0
|  75|0x000000061f800000, 0x000000061f800000, 0x000000061fc00000|  0%| F|  |TAMS 0x000000061f800000| PB 0x000000061f800000| Untracked |  0
|  76|0x000000061fc00000, 0x000000061fc00000, 0x0000000620000000|  0%| F|  |TAMS 0x000000061fc00000| PB 0x000000061fc00000| Untracked |  0
|  77|0x0000000620000000, 0x0000000620000000, 0x0000000620400000|  0%| F|  |TAMS 0x0000000620000000| PB 0x0000000620000000| Untracked |  0
|  78|0x0000000620400000, 0x0000000620400000, 0x0000000620800000|  0%| F|  |TAMS 0x0000000620400000| PB 0x0000000620400000| Untracked |  0
|  79|0x0000000620800000, 0x0000000620800000, 0x0000000620c00000|  0%| F|  |TAMS 0x0000000620800000| PB 0x0000000620800000| Untracked |  0
|  80|0x0000000620c00000, 0x0000000620c00000, 0x0000000621000000|  0%| F|  |TAMS 0x0000000620c00000| PB 0x0000000620c00000| Untracked |  0
|  81|0x0000000621000000, 0x0000000621000000, 0x0000000621400000|  0%| F|  |TAMS 0x0000000621000000| PB 0x0000000621000000| Untracked |  0
|  82|0x0000000621400000, 0x0000000621400000, 0x0000000621800000|  0%| F|  |TAMS 0x0000000621400000| PB 0x0000000621400000| Untracked |  0
|  83|0x0000000621800000, 0x0000000621800000, 0x0000000621c00000|  0%| F|  |TAMS 0x0000000621800000| PB 0x0000000621800000| Untracked |  0
|  84|0x0000000621c00000, 0x0000000621c00000, 0x0000000622000000|  0%| F|  |TAMS 0x0000000621c00000| PB 0x0000000621c00000| Untracked |  0
|  85|0x0000000622000000, 0x0000000622000000, 0x0000000622400000|  0%| F|  |TAMS 0x0000000622000000| PB 0x0000000622000000| Untracked |  0
|  86|0x0000000622400000, 0x0000000622400000, 0x0000000622800000|  0%| F|  |TAMS 0x0000000622400000| PB 0x0000000622400000| Untracked |  0
|  87|0x0000000622800000, 0x0000000622800000, 0x0000000622c00000|  0%| F|  |TAMS 0x0000000622800000| PB 0x0000000622800000| Untracked |  0
|  88|0x0000000622c00000, 0x0000000622c00000, 0x0000000623000000|  0%| F|  |TAMS 0x0000000622c00000| PB 0x0000000622c00000| Untracked |  0
|  89|0x0000000623000000, 0x0000000623000000, 0x0000000623400000|  0%| F|  |TAMS 0x0000000623000000| PB 0x0000000623000000| Untracked |  0
|  90|0x0000000623400000, 0x0000000623400000, 0x0000000623800000|  0%| F|  |TAMS 0x0000000623400000| PB 0x0000000623400000| Untracked |  0
|  91|0x0000000623800000, 0x0000000623800000, 0x0000000623c00000|  0%| F|  |TAMS 0x0000000623800000| PB 0x0000000623800000| Untracked |  0
|  92|0x0000000623c00000, 0x0000000623c00000, 0x0000000624000000|  0%| F|  |TAMS 0x0000000623c00000| PB 0x0000000623c00000| Untracked |  0
|  93|0x0000000624000000, 0x0000000624000000, 0x0000000624400000|  0%| F|  |TAMS 0x0000000624000000| PB 0x0000000624000000| Untracked |  0
|  94|0x0000000624400000, 0x0000000624400000, 0x0000000624800000|  0%| F|  |TAMS 0x0000000624400000| PB 0x0000000624400000| Untracked |  0
|  95|0x0000000624800000, 0x0000000624800000, 0x0000000624c00000|  0%| F|  |TAMS 0x0000000624800000| PB 0x0000000624800000| Untracked |  0
|  96|0x0000000624c00000, 0x0000000624c00000, 0x0000000625000000|  0%| F|  |TAMS 0x0000000624c00000| PB 0x0000000624c00000| Untracked |  0
|  97|0x0000000625000000, 0x0000000625000000, 0x0000000625400000|  0%| F|  |TAMS 0x0000000625000000| PB 0x0000000625000000| Untracked |  0
|  98|0x0000000625400000, 0x0000000625400000, 0x0000000625800000|  0%| F|  |TAMS 0x0000000625400000| PB 0x0000000625400000| Untracked |  0
|  99|0x0000000625800000, 0x0000000625800000, 0x0000000625c00000|  0%| F|  |TAMS 0x0000000625800000| PB 0x0000000625800000| Untracked |  0
| 100|0x0000000625c00000, 0x0000000625c00000, 0x0000000626000000|  0%| F|  |TAMS 0x0000000625c00000| PB 0x0000000625c00000| Untracked |  0
| 101|0x0000000626000000, 0x0000000626000000, 0x0000000626400000|  0%| F|  |TAMS 0x0000000626000000| PB 0x0000000626000000| Untracked |  0
| 102|0x0000000626400000, 0x0000000626400000, 0x0000000626800000|  0%| F|  |TAMS 0x0000000626400000| PB 0x0000000626400000| Untracked |  0
| 103|0x0000000626800000, 0x0000000626800000, 0x0000000626c00000|  0%| F|  |TAMS 0x0000000626800000| PB 0x0000000626800000| Untracked |  0
| 104|0x0000000626c00000, 0x0000000626c00000, 0x0000000627000000|  0%| F|  |TAMS 0x0000000626c00000| PB 0x0000000626c00000| Untracked |  0
| 105|0x0000000627000000, 0x0000000627000000, 0x0000000627400000|  0%| F|  |TAMS 0x0000000627000000| PB 0x0000000627000000| Untracked |  0
| 106|0x0000000627400000, 0x0000000627400000, 0x0000000627800000|  0%| F|  |TAMS 0x0000000627400000| PB 0x0000000627400000| Untracked |  0
| 107|0x0000000627800000, 0x0000000627800000, 0x0000000627c00000|  0%| F|  |TAMS 0x0000000627800000| PB 0x0000000627800000| Untracked |  0
| 108|0x0000000627c00000, 0x0000000627c00000, 0x0000000628000000|  0%| F|  |TAMS 0x0000000627c00000| PB 0x0000000627c00000| Untracked |  0
| 109|0x0000000628000000, 0x0000000628000000, 0x0000000628400000|  0%| F|  |TAMS 0x0000000628000000| PB 0x0000000628000000| Untracked |  0
| 110|0x0000000628400000, 0x0000000628400000, 0x0000000628800000|  0%| F|  |TAMS 0x0000000628400000| PB 0x0000000628400000| Untracked |  0
| 111|0x0000000628800000, 0x0000000628800000, 0x0000000628c00000|  0%| F|  |TAMS 0x0000000628800000| PB 0x0000000628800000| Untracked |  0
| 112|0x0000000628c00000, 0x0000000628c00000, 0x0000000629000000|  0%| F|  |TAMS 0x0000000628c00000| PB 0x0000000628c00000| Untracked |  0
| 113|0x0000000629000000, 0x0000000629000000, 0x0000000629400000|  0%| F|  |TAMS 0x0000000629000000| PB 0x0000000629000000| Untracked |  0
| 114|0x0000000629400000, 0x0000000629400000, 0x0000000629800000|  0%| F|  |TAMS 0x0000000629400000| PB 0x0000000629400000| Untracked |  0
| 115|0x0000000629800000, 0x0000000629800000, 0x0000000629c00000|  0%| F|  |TAMS 0x0000000629800000| PB 0x0000000629800000| Untracked |  0
| 116|0x0000000629c00000, 0x0000000629c00000, 0x000000062a000000|  0%| F|  |TAMS 0x0000000629c00000| PB 0x0000000629c00000| Untracked |  0
| 117|0x000000062a000000, 0x000000062a000000, 0x000000062a400000|  0%| F|  |TAMS 0x000000062a000000| PB 0x000000062a000000| Untracked |  0
| 118|0x000000062a400000, 0x000000062a400000, 0x000000062a800000|  0%| F|  |TAMS 0x000000062a400000| PB 0x000000062a400000| Untracked |  0
| 119|0x000000062a800000, 0x000000062a800000, 0x000000062ac00000|  0%| F|  |TAMS 0x000000062a800000| PB 0x000000062a800000| Untracked |  0
| 120|0x000000062ac00000, 0x000000062ac00000, 0x000000062b000000|  0%| F|  |TAMS 0x000000062ac00000| PB 0x000000062ac00000| Untracked |  0
| 121|0x000000062b000000, 0x000000062b3d1538, 0x000000062b400000| 95%| E|  |TAMS 0x000000062b000000| PB 0x000000062b000000| Complete |  0
| 122|0x000000062b400000, 0x000000062b800000, 0x000000062b800000|100%| E|CS|TAMS 0x000000062b400000| PB 0x000000062b400000| Complete |  0
| 123|0x000000062b800000, 0x000000062bc00000, 0x000000062bc00000|100%| E|CS|TAMS 0x000000062b800000| PB 0x000000062b800000| Complete |  0
| 124|0x000000062bc00000, 0x000000062c000000, 0x000000062c000000|100%| E|CS|TAMS 0x000000062bc00000| PB 0x000000062bc00000| Complete |  0

Card table byte_map: [0x000001591b580000,0x000001591c520000] _byte_map_base: 0x000001591851a000

Marking Bits: (CMBitMap*) 0x00000159026b9120
 Bits: [0x000001591c520000, 0x00000159241f0000)

Polling page: 0x00000159004c0000

Metaspace:

Usage:
  Non-class:      6.30 MB used.
      Class:    346.52 KB used.
       Both:      6.63 MB used.

Virtual space:
  Non-class space:       64.00 MB reserved,       6.38 MB ( 10%) committed,  1 nodes.
      Class space:        1.00 GB reserved,     448.00 KB ( <1%) committed,  1 nodes.
             Both:        1.06 GB reserved,       6.81 MB ( <1%) committed. 

Chunk freelists:
   Non-Class:  7.57 MB
       Class:  15.54 MB
        Both:  23.11 MB

MaxMetaspaceSize: unlimited
CompressedClassSpaceSize: 1.00 GB
Initial GC threshold: 21.00 MB
Current GC threshold: 21.00 MB
CDS: on
 - commit_granule_bytes: 65536.
 - commit_granule_words: 8192.
 - virtual_space_node_default_size: 8388608.
 - enlarge_chunks_in_place: 1.
 - use_allocation_guard: 0.


Internal statistics:

num_allocs_failed_limit: 0.
num_arena_births: 106.
num_arena_deaths: 0.
num_vsnodes_births: 2.
num_vsnodes_deaths: 0.
num_space_committed: 108.
num_space_uncommitted: 0.
num_chunks_returned_to_freelist: 0.
num_chunks_taken_from_freelist: 292.
num_chunk_merges: 0.
num_chunk_splits: 212.
num_chunks_enlarged: 167.
num_inconsistent_stats: 0.

CodeHeap 'non-profiled nmethods': size=119232Kb used=284Kb max_used=284Kb free=118948Kb
 bounds [0x00000159128e0000, 0x0000015912b50000, 0x0000015919d50000]
CodeHeap 'profiled nmethods': size=119104Kb used=1496Kb max_used=1496Kb free=117607Kb
 bounds [0x000001590ad50000, 0x000001590afc0000, 0x00000159121a0000]
CodeHeap 'non-nmethods': size=7424Kb used=4167Kb max_used=4167Kb free=3256Kb
 bounds [0x00000159121a0000, 0x00000159125c0000, 0x00000159128e0000]
CodeCache: size=245760Kb, used=5947Kb, max_used=5947Kb, free=239811Kb
 total_blobs=2346, nmethods=1159, adapters=1090, full_count=0
Compilation: enabled, stopped_count=0, restarted_count=0

Compilation events (20 events):
Event: 0.590 Thread 0x00000159271f5c70 1146   !   3       java.util.zip.ZipFile$ZipFileInputStream::close (59 bytes)
Event: 0.590 Thread 0x00000159271f5c70 nmethod 1146 0x000001590aec0908 code [0x000001590aec0a40, 0x000001590aec0e70]
Event: 0.590 Thread 0x00000159271f77b0 1147       1       java.lang.reflect.Method::getName (5 bytes)
Event: 0.591 Thread 0x00000159271f77b0 nmethod 1147 0x0000015912926108 code [0x0000015912926220, 0x00000159129262f0]
Event: 0.591 Thread 0x00000159271f70e0 1148       3       jdk.internal.loader.NativeLibraries$NativeLibraryImpl::find (9 bytes)
Event: 0.591 Thread 0x00000159271f70e0 nmethod 1148 0x000001590aec0e88 code [0x000001590aec0fa0, 0x000001590aec10e0]
Event: 0.592 Thread 0x00000159271f5c70 1149   !   3       java.util.concurrent.ConcurrentHashMap::computeIfAbsent (576 bytes)
Event: 0.592 Thread 0x00000159271f6a10 1150       3       java.lang.invoke.MethodType::insertParameterTypes (121 bytes)
Event: 0.592 Thread 0x00000159271f77b0 1152       3       java.lang.invoke.MemberName::getInvocationType (56 bytes)
Event: 0.593 Thread 0x00000159271f77b0 nmethod 1152 0x000001590aec1188 code [0x000001590aec1340, 0x000001590aec1b80]
Event: 0.593 Thread 0x00000159271f77b0 1153       3       jdk.internal.org.objectweb.asm.ByteVector::put11 (52 bytes)
Event: 0.593 Thread 0x00000159271f6a10 nmethod 1150 0x000001590aec1c08 code [0x000001590aec1e80, 0x000001590aec2dc0]
Event: 0.593 Thread 0x00000159271f77b0 nmethod 1153 0x000001590aec2e88 code [0x000001590aec2fc0, 0x000001590aec31d0]
Event: 0.593 Thread 0x00000159271f6a10 1154       3       java.lang.ref.Reference::clear (5 bytes)
Event: 0.593 Thread 0x00000159271f6a10 nmethod 1154 0x000001590aec3208 code [0x000001590aec3320, 0x000001590aec3458]
Event: 0.593 Thread 0x00000159271f5c70 nmethod 1149 0x000001590aec3508 code [0x000001590aec38c0, 0x000001590aec5c68]
Event: 0.595 Thread 0x00000159271f5c70 1156       3       java.lang.Class::getComponentType (14 bytes)
Event: 0.595 Thread 0x00000159271f5c70 nmethod 1156 0x000001590aec5d08 code [0x000001590aec5e40, 0x000001590aec5ff0]
Event: 0.595 Thread 0x00000159271f6a10 1159       3       java.lang.invoke.MethodType::toMethodDescriptorString (28 bytes)
Event: 0.595 Thread 0x00000159271f6a10 nmethod 1159 0x000001590aec6008 code [0x000001590aec6140, 0x000001590aec6328]

GC Heap History (0 events):
No events

Dll operation events (9 events):
Event: 0.004 Loaded shared library C:\Users\Dash\.jdks\openjdk-23.0.1\bin\java.dll
Event: 0.018 Loaded shared library C:\Users\Dash\.jdks\openjdk-23.0.1\bin\jsvml.dll
Event: 0.036 Loaded shared library C:\Users\Dash\.jdks\openjdk-23.0.1\bin\net.dll
Event: 0.037 Loaded shared library C:\Users\Dash\.jdks\openjdk-23.0.1\bin\nio.dll
Event: 0.038 Loaded shared library C:\Users\Dash\.jdks\openjdk-23.0.1\bin\zip.dll
Event: 0.071 Loaded shared library C:\Users\Dash\.jdks\openjdk-23.0.1\bin\jimage.dll
Event: 0.081 Loaded shared library C:\Users\Dash\AppData\Local\Temp\lwjgl_Dash\3.3.5+5\x64\lwjgl.dll
Event: 0.275 Loaded shared library C:\Users\Dash\AppData\Local\Temp\lwjgl_Dash\3.3.5+5\x64\lwjgl_opengl.dll
Event: 0.455 Loaded shared library C:\Users\Dash\.jdks\openjdk-23.0.1\bin\verify.dll

Deoptimization events (14 events):
Event: 0.050 Thread 0x00000159002ff780 Uncommon trap: trap_request=0xffffff45 fr.pc=0x00000159128e90b4 relative=0x0000000000000274
Event: 0.050 Thread 0x00000159002ff780 Uncommon trap: reason=unstable_if action=reinterpret pc=0x00000159128e90b4 method=jdk.internal.util.ArraysSupport.hashCodeOfUnsigned([BIII)I @ 1 c2
Event: 0.050 Thread 0x00000159002ff780 DEOPT PACKING pc=0x00000159128e90b4 sp=0x00000018fa7fda80
Event: 0.050 Thread 0x00000159002ff780 DEOPT UNPACKING pc=0x00000159121f7982 sp=0x00000018fa7fd940 mode 2
Event: 0.507 Thread 0x00000159002ff780 DEOPT PACKING pc=0x000001590ae45e2f sp=0x00000018fa7fe520
Event: 0.507 Thread 0x00000159002ff780 DEOPT UNPACKING pc=0x00000159121f84c2 sp=0x00000018fa7fd940 mode 0
Event: 0.507 Thread 0x00000159002ff780 DEOPT PACKING pc=0x000001590adf3653 sp=0x00000018fa7fe4f0
Event: 0.507 Thread 0x00000159002ff780 DEOPT UNPACKING pc=0x00000159121f84c2 sp=0x00000018fa7fd988 mode 0
Event: 0.508 Thread 0x00000159002ff780 DEOPT PACKING pc=0x000001590adf3653 sp=0x00000018fa7fe4f0
Event: 0.508 Thread 0x00000159002ff780 DEOPT UNPACKING pc=0x00000159121f84c2 sp=0x00000018fa7fd988 mode 0
Event: 0.508 Thread 0x00000159002ff780 DEOPT PACKING pc=0x000001590adf3653 sp=0x00000018fa7fe4f0
Event: 0.508 Thread 0x00000159002ff780 DEOPT UNPACKING pc=0x00000159121f84c2 sp=0x00000018fa7fd988 mode 0
Event: 0.519 Thread 0x00000159002ff780 DEOPT PACKING pc=0x000001590ad8148d sp=0x00000018fa7fdf30
Event: 0.519 Thread 0x00000159002ff780 DEOPT UNPACKING pc=0x00000159121f84c2 sp=0x00000018fa7fd380 mode 0

Classes loaded (20 events):
Event: 0.473 Loading class sun/security/provider/SHA2$SHA256
Event: 0.473 Loading class sun/security/provider/SHA2
Event: 0.473 Loading class sun/security/provider/SHA2 done
Event: 0.473 Loading class sun/security/provider/SHA2$SHA256 done
Event: 0.474 Loading class java/io/DeleteOnExitHook
Event: 0.474 Loading class java/io/DeleteOnExitHook done
Event: 0.474 Loading class java/io/DeleteOnExitHook$1
Event: 0.474 Loading class java/io/DeleteOnExitHook$1 done
Event: 0.475 Loading class java/io/FileOutputStream$1
Event: 0.475 Loading class java/io/FileOutputStream$1 done
Event: 0.546 Loading class jdk/internal/module/ModulePatcher$PatchedModuleReader
Event: 0.546 Loading class jdk/internal/module/ModulePatcher$PatchedModuleReader done
Event: 0.546 Loading class sun/net/www/protocol/jrt/Handler
Event: 0.546 Loading class sun/net/www/protocol/jrt/Handler done
Event: 0.549 Loading class sun/text/resources/cldr/FormatData_en
Event: 0.549 Loading class sun/text/resources/cldr/FormatData_en done
Event: 0.549 Loading class sun/text/resources/cldr/FormatData_en_US
Event: 0.549 Loading class sun/text/resources/cldr/FormatData_en_US done
Event: 0.557 Loading class java/lang/SecurityException
Event: 0.557 Loading class java/lang/SecurityException done

Classes unloaded (0 events):
No events

Classes redefined (0 events):
No events

Internal exceptions (20 events):
Event: 0.116 Thread 0x00000159002ff780 Exception <a 'java/lang/NoSuchMethodError'{0x000000062b991e70}: 'java.lang.Object java.lang.invoke.Invokers$Holder.linkToTargetMethod(java.lang.Object, long, java.lang.Object)'> (0x000000062b991e70) 
thrown [s\open\src\hotspot\share\interpreter\linkResolver.cpp, line 796]
Event: 0.116 Thread 0x00000159002ff780 Exception <a 'java/lang/NoSuchMethodError'{0x000000062b9990c8}: 'int java.lang.invoke.DirectMethodHandle$Holder.invokeStaticInit(java.lang.Object, java.lang.Object, java.lang.Object, long)'> (0x000000062b9990c8) 
thrown [s\open\src\hotspot\share\interpreter\linkResolver.cpp, line 796]
Event: 0.128 Thread 0x00000159002ff780 Exception <a 'sun/nio/fs/WindowsException'{0x000000062ba526d8}> (0x000000062ba526d8) 
thrown [s\open\src\hotspot\share\prims\jni.cpp, line 520]
Event: 0.128 Thread 0x00000159002ff780 Exception <a 'sun/nio/fs/WindowsException'{0x000000062ba52a30}> (0x000000062ba52a30) 
thrown [s\open\src\hotspot\share\prims\jni.cpp, line 520]
Event: 0.131 Thread 0x00000159002ff780 Exception <a 'java/lang/NoSuchMethodError'{0x000000062ba6a588}: 'int java.lang.invoke.Invokers$Holder.invokeExact_MT(java.lang.Object, java.lang.Object)'> (0x000000062ba6a588) 
thrown [s\open\src\hotspot\share\interpreter\linkResolver.cpp, line 796]
Event: 0.254 Thread 0x00000159002ff780 Exception <a 'java/lang/NoSuchMethodError'{0x000000062bac49a0}: 'void java.lang.invoke.DirectMethodHandle$Holder.invokeStaticInit(java.lang.Object, long, double, double)'> (0x000000062bac49a0) 
thrown [s\open\src\hotspot\share\interpreter\linkResolver.cpp, line 796]
Event: 0.255 Thread 0x00000159002ff780 Exception <a 'java/lang/NoSuchMethodError'{0x000000062bad4318}: 'void java.lang.invoke.DirectMethodHandle$Holder.invokeStaticInit(java.lang.Object, long, int, int, int)'> (0x000000062bad4318) 
thrown [s\open\src\hotspot\share\interpreter\linkResolver.cpp, line 796]
Event: 0.258 Thread 0x00000159002ff780 Exception <a 'java/lang/NoSuchMethodError'{0x000000062baee0b8}: 'void java.lang.invoke.DirectMethodHandle$Holder.invokeStaticInit(java.lang.Object, long, int, int, int, int)'> (0x000000062baee0b8) 
thrown [s\open\src\hotspot\share\interpreter\linkResolver.cpp, line 796]
Event: 0.272 Thread 0x00000159002ff780 Exception <a 'java/lang/NoSuchMethodError'{0x000000062bb11f78}: 'void java.lang.System.load(java.lang.String, java.lang.Class)'> (0x000000062bb11f78) 
thrown [s\open\src\hotspot\share\interpreter\linkResolver.cpp, line 796]
Event: 0.272 Thread 0x00000159002ff780 Exception <a 'java/lang/NoSuchMethodError'{0x000000062bb14a08}: 'void java.lang.System.loadLibrary(java.lang.String, java.lang.Class)'> (0x000000062bb14a08) 
thrown [s\open\src\hotspot\share\interpreter\linkResolver.cpp, line 796]
Event: 0.274 Thread 0x00000159002ff780 Exception <a 'sun/nio/fs/WindowsException'{0x000000062bb245a8}> (0x000000062bb245a8) 
thrown [s\open\src\hotspot\share\prims\jni.cpp, line 520]
Event: 0.274 Thread 0x00000159002ff780 Exception <a 'sun/nio/fs/WindowsException'{0x000000062bb24938}> (0x000000062bb24938) 
thrown [s\open\src\hotspot\share\prims\jni.cpp, line 520]
Event: 0.278 Thread 0x00000159002ff780 Exception <a 'sun/nio/fs/WindowsException'{0x000000062bb31d60}> (0x000000062bb31d60) 
thrown [s\open\src\hotspot\share\prims\jni.cpp, line 520]
Event: 0.278 Thread 0x00000159002ff780 Exception <a 'sun/nio/fs/WindowsException'{0x000000062bb32030}> (0x000000062bb32030) 
thrown [s\open\src\hotspot\share\prims\jni.cpp, line 520]
Event: 0.466 Thread 0x00000159002ff780 Exception <a 'java/lang/NoSuchMethodError'{0x000000062b551078}: 'java.lang.Object java.lang.invoke.DirectMethodHandle$Holder.invokeStaticInit(java.lang.Object, int, int, int, int)'> (0x000000062b551078) 
thrown [s\open\src\hotspot\share\interpreter\linkResolver.cpp, line 796]
Event: 0.473 Thread 0x00000159002ff780 Exception <a 'java/lang/NoSuchMethodError'{0x000000062b6468a0}: 'java.lang.Object java.lang.invoke.DirectMethodHandle$Holder.invokeStaticInit(java.lang.Object, java.lang.Object, int, int, int, int)'> (0x000000062b6468a0) 
thrown [s\open\src\hotspot\share\interpreter\linkResolver.cpp, line 796]
Event: 0.481 Thread 0x00000159002ff780 Exception <a 'sun/nio/fs/WindowsException'{0x000000062b69be50}> (0x000000062b69be50) 
thrown [s\open\src\hotspot\share\prims\jni.cpp, line 520]
Event: 0.481 Thread 0x00000159002ff780 Exception <a 'sun/nio/fs/WindowsException'{0x000000062b69c1b0}> (0x000000062b69c1b0) 
thrown [s\open\src\hotspot\share\prims\jni.cpp, line 520]
Event: 0.504 Thread 0x00000159002ff780 Exception <a 'sun/nio/fs/WindowsException'{0x000000062b6ab338}> (0x000000062b6ab338) 
thrown [s\open\src\hotspot\share\prims\jni.cpp, line 520]
Event: 0.504 Thread 0x00000159002ff780 Exception <a 'sun/nio/fs/WindowsException'{0x000000062b6ab6a8}> (0x000000062b6ab6a8) 
thrown [s\open\src\hotspot\share\prims\jni.cpp, line 520]

VM Operations (6 events):
Event: 0.039 Executing VM operation: HandshakeAllThreads (Deoptimize)
Event: 0.039 Executing VM operation: HandshakeAllThreads (Deoptimize) done
Event: 0.077 Executing VM operation: HandshakeAllThreads (Deoptimize)
Event: 0.077 Executing VM operation: HandshakeAllThreads (Deoptimize) done
Event: 0.545 Executing VM operation: HandshakeAllThreads (Deoptimize)
Event: 0.545 Executing VM operation: HandshakeAllThreads (Deoptimize) done

Memory protections (0 events):
No events

Nmethod flushes (0 events):
No events

Events (17 events):
Event: 0.011 Thread 0x00000159002ff780 Thread added: 0x00000159002ff780
Event: 0.017 Thread 0x00000159002ff780 Thread added: 0x00000159271c14b0
Event: 0.017 Thread 0x00000159002ff780 Thread added: 0x00000159271c2220
Event: 0.018 Thread 0x00000159002ff780 Thread added: 0x00000159271c48c0
Event: 0.018 Thread 0x00000159002ff780 Thread added: 0x00000159271c7680
Event: 0.018 Thread 0x00000159002ff780 Thread added: 0x00000159271e8500
Event: 0.018 Thread 0x00000159002ff780 Thread added: 0x00000159271eb720
Event: 0.018 Thread 0x00000159002ff780 Thread added: 0x00000159271f1210
Event: 0.018 Thread 0x00000159002ff780 Thread added: 0x00000159271f6a10
Event: 0.030 Thread 0x00000159271f6a10 Thread added: 0x00000159271f5c70
Event: 0.031 Thread 0x00000159271f6a10 Thread added: 0x00000159271f70e0
Event: 0.031 Thread 0x00000159002ff780 Thread added: 0x0000015927359a50
Event: 0.032 Thread 0x00000159002ff780 Thread added: 0x00000159273586a0
Event: 0.111 Thread 0x00000159271f70e0 Thread added: 0x00000159271f4130
Event: 0.254 Thread 0x00000159271f4130 Thread exited: 0x00000159271f4130
Event: 0.277 Thread 0x00000159271f70e0 Thread added: 0x00000159271f77b0
Event: 0.529 Thread 0x00000159271f70e0 Thread added: 0x00000159271f6340


Dynamic libraries:
0x00007ff77ecb0000 - 0x00007ff77ecbe000 	C:\Users\Dash\.jdks\openjdk-23.0.1\bin\java.exe
0x00007ffc21690000 - 0x00007ffc21888000 	C:\Windows\SYSTEM32\ntdll.dll
0x00007ffc20050000 - 0x00007ffc20112000 	C:\Windows\System32\KERNEL32.DLL
0x00007ffc1efe0000 - 0x00007ffc1f2de000 	C:\Windows\System32\KERNELBASE.dll
0x00007ffc1f5b0000 - 0x00007ffc1f6b0000 	C:\Windows\System32\ucrtbase.dll
0x00007ffc125e0000 - 0x00007ffc125fb000 	C:\Users\Dash\.jdks\openjdk-23.0.1\bin\VCRUNTIME140.dll
0x00007ffc19c90000 - 0x00007ffc19ca7000 	C:\Users\Dash\.jdks\openjdk-23.0.1\bin\jli.dll
0x00007ffc213d0000 - 0x00007ffc2156d000 	C:\Windows\System32\USER32.dll
0x00007ffc1f390000 - 0x00007ffc1f3b2000 	C:\Windows\System32\win32u.dll
0x00007ffc21570000 - 0x00007ffc2159b000 	C:\Windows\System32\GDI32.dll
0x00007ffc131e0000 - 0x00007ffc1347a000 	C:\Windows\WinSxS\amd64_microsoft.windows.common-controls_6595b64144ccf1df_6.0.19041.4355_none_60b8b9eb71f62e16\COMCTL32.dll
0x00007ffc1f460000 - 0x00007ffc1f577000 	C:\Windows\System32\gdi32full.dll
0x00007ffc201d0000 - 0x00007ffc2026e000 	C:\Windows\System32\msvcrt.dll
0x00007ffc1f3c0000 - 0x00007ffc1f45d000 	C:\Windows\System32\msvcp_win.dll
0x00007ffc213a0000 - 0x00007ffc213cf000 	C:\Windows\System32\IMM32.DLL
0x00007ffc1bbb0000 - 0x00007ffc1bbbc000 	C:\Users\Dash\.jdks\openjdk-23.0.1\bin\vcruntime140_1.dll
0x00007ffbf7740000 - 0x00007ffbf77ce000 	C:\Users\Dash\.jdks\openjdk-23.0.1\bin\msvcp140.dll
0x00007ffbc2ec0000 - 0x00007ffbc3c0f000 	C:\Users\Dash\.jdks\openjdk-23.0.1\bin\server\jvm.dll
0x00007ffc20a70000 - 0x00007ffc20b21000 	C:\Windows\System32\ADVAPI32.dll
0x00007ffc215a0000 - 0x00007ffc2163f000 	C:\Windows\System32\sechost.dll
0x00007ffc1fd20000 - 0x00007ffc1fe43000 	C:\Windows\System32\RPCRT4.dll
0x00007ffc1f580000 - 0x00007ffc1f5a7000 	C:\Windows\System32\bcrypt.dll
0x00007ffc203e0000 - 0x00007ffc2044b000 	C:\Windows\System32\WS2_32.dll
0x00007ffc1e270000 - 0x00007ffc1e2bb000 	C:\Windows\SYSTEM32\POWRPROF.dll
0x00007ffc19dd0000 - 0x00007ffc19dda000 	C:\Windows\SYSTEM32\VERSION.dll
0x00007ffc111e0000 - 0x00007ffc11207000 	C:\Windows\SYSTEM32\WINMM.dll
0x00007ffc1e130000 - 0x00007ffc1e142000 	C:\Windows\SYSTEM32\UMPDC.dll
0x00007ffc1d570000 - 0x00007ffc1d582000 	C:\Windows\SYSTEM32\kernel.appcore.dll
0x00007ffc13090000 - 0x00007ffc1309a000 	C:\Users\Dash\.jdks\openjdk-23.0.1\bin\jimage.dll
0x00007ffc1ca10000 - 0x00007ffc1cbf4000 	C:\Windows\SYSTEM32\DBGHELP.DLL
0x00007ffbfe8f0000 - 0x00007ffbfe924000 	C:\Windows\SYSTEM32\dbgcore.DLL
0x00007ffc1eee0000 - 0x00007ffc1ef62000 	C:\Windows\System32\bcryptPrimitives.dll
0x00007ffc122e0000 - 0x00007ffc122fe000 	C:\Users\Dash\.jdks\openjdk-23.0.1\bin\java.dll
0x00007ffc1feb0000 - 0x00007ffc1ffdb000 	C:\Windows\System32\ole32.dll
0x00007ffc1f710000 - 0x00007ffc1fa63000 	C:\Windows\System32\combase.dll
0x00007ffc20b30000 - 0x00007ffc2129d000 	C:\Windows\System32\SHELL32.dll
0x00007ffc1cdb0000 - 0x00007ffc1d554000 	C:\Windows\SYSTEM32\windows.storage.dll
0x00007ffc1e760000 - 0x00007ffc1e78e000 	C:\Windows\SYSTEM32\Wldp.dll
0x00007ffc1fc50000 - 0x00007ffc1fd1d000 	C:\Windows\System32\OLEAUT32.dll
0x00007ffc20120000 - 0x00007ffc201cd000 	C:\Windows\System32\SHCORE.dll
0x00007ffc1fe50000 - 0x00007ffc1fea5000 	C:\Windows\System32\shlwapi.dll
0x00007ffc1ec60000 - 0x00007ffc1ec84000 	C:\Windows\SYSTEM32\profapi.dll
0x00007ffbc9f00000 - 0x00007ffbc9fd7000 	C:\Users\Dash\.jdks\openjdk-23.0.1\bin\jsvml.dll
0x00007ffc122d0000 - 0x00007ffc122e0000 	C:\Users\Dash\.jdks\openjdk-23.0.1\bin\net.dll
0x00007ffc1e4c0000 - 0x00007ffc1e52a000 	C:\Windows\system32\mswsock.dll
0x00007ffc0c2f0000 - 0x00007ffc0c306000 	C:\Users\Dash\.jdks\openjdk-23.0.1\bin\nio.dll
0x00007ffc0cd10000 - 0x00007ffc0cd27000 	C:\Users\Dash\.jdks\openjdk-23.0.1\bin\zip.dll
0x00007ffc0e290000 - 0x00007ffc0e30c000 	C:\Users\Dash\AppData\Local\Temp\lwjgl_Dash\3.3.5+5\x64\lwjgl.dll
0x00007ffc0e200000 - 0x00007ffc0e288000 	C:\Users\Dash\AppData\Local\Temp\lwjgl_Dash\3.3.5+5\x64\glfw.dll
0x00007ffbef100000 - 0x00007ffbef145000 	C:\Windows\SYSTEM32\dinput8.dll
0x00007ffc0e1e0000 - 0x00007ffc0e1f1000 	C:\Windows\SYSTEM32\xinput1_4.dll
0x00007ffc1ed30000 - 0x00007ffc1ed7e000 	C:\Windows\System32\cfgmgr32.dll
0x00007ffc1eac0000 - 0x00007ffc1eaf3000 	C:\Windows\SYSTEM32\DEVOBJ.dll
0x00007ffc1c600000 - 0x00007ffc1c62f000 	C:\Windows\SYSTEM32\dwmapi.dll
0x00007ffc0d810000 - 0x00007ffc0d962000 	C:\Windows\SYSTEM32\inputhost.dll
0x00007ffc199e0000 - 0x00007ffc19ad2000 	C:\Windows\SYSTEM32\CoreMessaging.dll
0x00007ffc1b520000 - 0x00007ffc1b677000 	C:\Windows\SYSTEM32\wintypes.dll
0x00007ffc19560000 - 0x00007ffc198bb000 	C:\Windows\SYSTEM32\CoreUIComponents.dll
0x00007ffc1b390000 - 0x00007ffc1b486000 	C:\Windows\SYSTEM32\PROPSYS.dll
0x00007ffc1dfc0000 - 0x00007ffc1dff3000 	C:\Windows\SYSTEM32\ntmarta.dll
0x00007ffc1c1c0000 - 0x00007ffc1c25e000 	C:\Windows\system32\uxtheme.dll
0x00007ffc1fa80000 - 0x00007ffc1fb95000 	C:\Windows\System32\MSCTF.dll
0x00007ffbb1380000 - 0x00007ffbb14a8000 	C:\Windows\SYSTEM32\opengl32.dll
0x00007ffbb1350000 - 0x00007ffbb137c000 	C:\Windows\SYSTEM32\GLU32.dll
0x00007ffc1fba0000 - 0x00007ffc1fc49000 	C:\Windows\System32\clbcatq.dll
0x00007ffbada20000 - 0x00007ffbb0008000 	C:\Windows\System32\DriverStore\FileRepository\nv_dispig.inf_amd64_0afec3f2050014a0\nvoglv64.dll
0x00007ffc20450000 - 0x00007ffc208be000 	C:\Windows\System32\SETUPAPI.dll
0x00007ffc1aac0000 - 0x00007ffc1aad4000 	C:\Windows\SYSTEM32\WTSAPI32.dll
0x00007ffc1e8f0000 - 0x00007ffc1e902000 	C:\Windows\SYSTEM32\msasn1.dll
0x00007ffc164c0000 - 0x00007ffc164f1000 	C:\Windows\SYSTEM32\cryptnet.dll
0x00007ffc1ed80000 - 0x00007ffc1eedc000 	C:\Windows\System32\CRYPT32.dll
0x00007ffc1e6d0000 - 0x00007ffc1e6dc000 	C:\Windows\SYSTEM32\cryptbase.dll
0x00007ffc16f70000 - 0x00007ffc170b7000 	C:\Windows\SYSTEM32\drvstore.dll
0x00007ffc1ef70000 - 0x00007ffc1efd9000 	C:\Windows\System32\WINTRUST.dll
0x00007ffc21380000 - 0x00007ffc2139d000 	C:\Windows\System32\imagehlp.dll
0x00007ffc1e6b0000 - 0x00007ffc1e6c8000 	C:\Windows\SYSTEM32\CRYPTSP.dll
0x00007ffc1dd70000 - 0x00007ffc1dda4000 	C:\Windows\system32\rsaenh.dll
0x00007ffc0ea60000 - 0x00007ffc10a4e000 	C:\Windows\System32\DriverStore\FileRepository\nv_dispig.inf_amd64_0afec3f2050014a0\nvgpucomp64.dll
0x00007ffc14450000 - 0x00007ffc1448b000 	C:\Windows\SYSTEM32\dxcore.dll
0x00007ffbf0650000 - 0x00007ffbf094b000 	C:\Windows\system32\nvspcap64.dll
0x00007ffc1d9f0000 - 0x00007ffc1da4b000 	C:\Windows\SYSTEM32\WINSTA.dll
0x00007ffc12690000 - 0x00007ffc12789000 	C:\Windows\SYSTEM32\textinputframework.dll
0x00007ffc0e180000 - 0x00007ffc0e1df000 	C:\Users\Dash\AppData\Local\Temp\lwjgl_Dash\3.3.5+5\x64\lwjgl_opengl.dll
0x00007ffc0e050000 - 0x00007ffc0e060000 	C:\Users\Dash\.jdks\openjdk-23.0.1\bin\verify.dll
0x00007ffc1ec20000 - 0x00007ffc1ec4e000 	C:\Windows\SYSTEM32\USERENV.dll
0x00007ffc1e150000 - 0x00007ffc1e18b000 	C:\Windows\SYSTEM32\IPHLPAPI.DLL
0x00007ffc21640000 - 0x00007ffc21648000 	C:\Windows\System32\NSI.dll
0x00007ffbc8330000 - 0x00007ffbc8457000 	C:\Users\Dash\AppData\Local\Temp\lwjgl_Dash\3.3.5+5\x64\draco.dll
0x00007ffbc5600000 - 0x00007ffbc5cb6000 	C:\Users\Dash\AppData\Local\Temp\lwjgl_Dash\3.3.5+5\x64\assimp.dll

dbghelp: loaded successfully - version: 4.0.5 - missing functions: none
symbol engine: initialized successfully - sym options: 0x614 - pdb path: .;C:\Users\Dash\.jdks\openjdk-23.0.1\bin;C:\Windows\SYSTEM32;C:\Windows\WinSxS\amd64_microsoft.windows.common-controls_6595b64144ccf1df_6.0.19041.4355_none_60b8b9eb71f62e16;C:\Users\Dash\.jdks\openjdk-23.0.1\bin\server;C:\Users\Dash\AppData\Local\Temp\lwjgl_Dash\3.3.5+5\x64;C:\Windows\System32\DriverStore\FileRepository\nv_dispig.inf_amd64_0afec3f2050014a0

VM Arguments:
jvm_args: -Dfile.encoding=UTF-8 -Duser.country=US -Duser.language=en -Duser.variant 
java_command: SimpleSimulation.Main
java_class_path (initial): C:\Users\Dash\IdeaProjects\SimpleSimulation\build\classes\java\main;C:\Users\Dash\IdeaProjects\SimpleSimulation\build\classes\kotlin\main;C:\Users\Dash\IdeaProjects\SimpleSimulation\build\resources\main;C:\Users\Dash\.gradle\caches\modules-2\files-2.1\org.joml\joml\1.10.7\f8c3f2e7db281bde099342dd36133de4bbba390c\joml-1.10.7.jar;C:\Users\Dash\.gradle\caches\modules-2\files-2.1\org.jetbrains.kotlin\kotlin-stdlib-jdk8\1.8.20\73576ddf378c5b4f1f6b449fe6b119b8183fc078\kotlin-stdlib-jdk8-1.8.20.jar;C:\Users\Dash\.gradle\caches\modules-2\files-2.1\org.jetbrains.kotlin\kotlin-stdlib-jdk7\1.8.20\3aa51faf20aae8b31e1a4bc54f8370673d7b7df4\kotlin-stdlib-jdk7-1.8.20.jar;C:\Users\Dash\.gradle\caches\modules-2\files-2.1\org.jetbrains.kotlin\kotlin-stdlib\2.1.0\85f8b81009cda5890e54ba67d64b5e599c645020\kotlin-stdlib-2.1.0.jar;C:\Users\Dash\.gradle\caches\modules-2\files-2.1\org.jfree\jfreechart\1.5.5\4147651ba863c28090a585a6f1e91c7a9bcc1f12\jfreechart-1.5.5.jar;C:\Users\Dash\.gradle\caches\modules-2\files-2.1\org.lwjgl\lwjgl-assimp\3.3.5\d4d01769f70f3411ebf222d0572a0345ff053573\lwjgl-assimp-3.3.5.jar;C:\Users\Dash\.gradle\caches\modules-2\files-2.1\org.lwjgl\lwjgl-assimp\3.3.5\db3ec3c9d5a8ec9e7b1c1b3d6ed9f6786d86db5b\lwjgl-assimp-3.3.5-natives-windows.jar;C:\Users\Dash\.gradle\caches\modules-2\files-2.1\org.lwjgl\lwjgl-glfw\3.3.5\8e5cb628322a9485f44abee091a1b7354e310aaa\lwjgl-glfw-3.3.5.jar;C:\Users\Dash\.gradle\caches\modules-2\files-2.1\org.lwjgl\lwjgl-glfw\3.3.5\ec71ad4814b27850ac73580f593763e72dc5cbcc\lwjgl-glfw-3.3.5-natives-windows.jar;C:\Users\Dash\.gradle\caches\modules-2\files-2.1\org.lwjgl\lwjgl-openal\3.3.5\4d6cba81b906dbe3e51cd2bec632f292ec5c3106\lwjgl-openal-3.3.5.jar;C:\Users\Dash\.gradle\caches\modules-2\files-2.1\org.lwjgl\lwjgl-openal\3.3.5\3f68307286b25d28f9eba20fbc0ef281466b72b0\lwjgl-openal-3.3.5-natives-windows.jar;C:\Users\Dash\.gradle\caches\modules-2\files-2.1\org.lwjgl\lwjgl-opengl\3.3.5\49abf45c8aa02b0d2d72193c3ec4a67169f9647f\lwjgl-opengl-3.3.5.jar;C:\Users\Dash\.gradle\caches\modules-2\files-2.1\org.lwjgl\lwjgl-opengl\3.3.5\70ef32dea2b32172e765c758a12201b195123ca\lwjgl-opengl-3.3.5-natives-windows.jar;C:\Users\Dash\.gradle\caches\modules-2\files-2.1\org.lwjgl\lwjgl-stb\3.3.5\e65dc8f8733cc019f72d92a27ac35db406c2aa1c\lwjgl-stb-3.3.5.jar;C:\Users\Dash\.gradle\caches\modules-2\files-2.1\org.lwjgl\lwjgl-stb\3.3.5\25f5de195819632b3abeb4d1d5a5f2b094dee7ca\lwjgl-stb-3.3.5-natives-windows.jar;C:\Users\Dash\.gradle\caches\modules-2\files-2.1\org.lwjgl\lwjgl\3.3.5\1d4d9c56e41dc3c04f6a44c4cb6ba6fdeb7010d8\lwjgl-3.3.5.jar;C:\Users\Dash\.gradle\caches\modules-2\files-2.1\org.lwjgl\lwjgl\3.3.5\c41b13feb6b9a492c7f6c19448b2354b467ea337\lwjgl-3.3.5-natives-windows.jar;C:\Users\Dash\.gradle\caches\modules-2\files-2.1\org.jetbrains\annotations\13.0\919f0dfe192fb4e063e7dacadee7f8bb9a2672a9\annotations-13.0.jar
Launcher Type: SUN_STANDARD

[Global flags]
     intx CICompilerCount                          = 12                                        {product} {ergonomic}
     uint ConcGCThreads                            = 3                                         {product} {ergonomic}
     uint G1ConcRefinementThreads                  = 13                                        {product} {ergonomic}
   size_t G1HeapRegionSize                         = 4194304                                   {product} {ergonomic}
   size_t InitialHeapSize                          = 524288000                                 {product} {ergonomic}
   size_t MarkStackSize                            = 4194304                                   {product} {ergonomic}
   size_t MarkStackSizeMax                         = 536870912                                 {product} {ergonomic}
   size_t MaxHeapSize                              = 8376025088                                {product} {ergonomic}
   size_t MaxNewSize                               = 5024776192                                {product} {ergonomic}
   size_t MinHeapDeltaBytes                        = 4194304                                   {product} {ergonomic}
   size_t MinHeapSize                              = 8388608                                   {product} {ergonomic}
    uintx NonNMethodCodeHeapSize                   = 7602176                                {pd product} {ergonomic}
    uintx NonProfiledCodeHeapSize                  = 122093568                              {pd product} {ergonomic}
    uintx ProfiledCodeHeapSize                     = 121962496                              {pd product} {ergonomic}
    uintx ReservedCodeCacheSize                    = 251658240                              {pd product} {ergonomic}
     bool SegmentedCodeCache                       = true                                      {product} {ergonomic}
   size_t SoftMaxHeapSize                          = 8376025088                             {manageable} {ergonomic}
     bool UseCompressedOops                        = true                           {product lp64_product} {ergonomic}
     bool UseG1GC                                  = true                                      {product} {ergonomic}
     bool UseLargePagesIndividualAllocation        = false                                  {pd product} {ergonomic}

Logging:
Log output configuration:
 #0: stdout all=warning uptime,level,tags foldmultilines=false
 #1: stderr all=off uptime,level,tags foldmultilines=false

Environment Variables:
PATH=C:\Program Files\Common Files\Oracle\Java\javapath;C:\Program Files (x86)\Common Files\Oracle\Java\java8path;C:\Program Files (x86)\Common Files\Oracle\Java\javapath;C:\Program Files\Eclipse Adoptium\jdk-17.0.10.7-hotspot\bin;C:\Windows\system32;C:\Windows;C:\Windows\System32\Wbem;C:\Windows\System32\WindowsPowerShell\v1.0\;C:\Windows\System32\OpenSSH\;C:\Program Files (x86)\NVIDIA Corporation\PhysX\Common;C:\Program Files\dotnet\;C:\Program Files\NVIDIA Corporation\NVIDIA app\NvDLISR;C:\Program Files\Git\cmd;C:\Users\Dash\AppData\Local\Programs\Python\Launcher\;C:\Users\Dash\AppData\Local\Microsoft\WindowsApps;C:\Users\Dash\AppData\Local\Programs\Microsoft VS Code\bin;C:\Users\Dash\.dotnet\tools;C:\Tools\Gradle\gradle-8.12\bin;
USERNAME=Dash
OS=Windows_NT
PROCESSOR_IDENTIFIER=AMD64 Family 25 Model 97 Stepping 2, AuthenticAMD
TMP=C:\Users\Dash\AppData\Local\Temp
TEMP=C:\Users\Dash\AppData\Local\Temp




Periodic native trim disabled

---------------  S Y S T E M  ---------------

OS:
 Windows 10 , 64 bit Build 19041 (10.0.19041.5198)
OS uptime: 4 days 1:46 hours

CPU: total 16 (initial active 16) (16 cores per cpu, 2 threads per core) family 25 model 97 stepping 2 microcode 0x0, cx8, cmov, fxsr, ht, mmx, 3dnowpref, sse, sse2, sse3, ssse3, sse4a, sse4.1, sse4.2, popcnt, lzcnt, tsc, tscinvbit, avx, avx2, aes, erms, clmul, bmi1, bmi2, adx, avx512f, avx512dq, avx512cd, avx512bw, avx512vl, sha, fma, vzeroupper, avx512_vpopcntdq, avx512_vpclmulqdq, avx512_vaes, avx512_vnni, clflush, clflushopt, avx512_vbmi2, avx512_vbmi, rdtscp, rdpid, fsrm, gfni, avx512_bitalg, f16c, pku, cet_ss, avx512_ifma
Processor Information for the first 16 processors :
  Max Mhz: 4201, Current Mhz: 4201, Mhz Limit: 4201

Memory: 4k page, system-wide physical 31937M (18762M free)
TotalPageFile size 36545M (AvailPageFile size 21194M)
current process WorkingSet (physical memory assigned to process): 126M, peak: 126M
current process commit charge ("private bytes"): 885M, peak: 886M

vm_info: OpenJDK 64-Bit Server VM (23.0.1+11-39) for windows-amd64 JRE (23.0.1+11-39), built on 2024-09-30T07:20:43Z with MS VC++ 17.6 (VS2022)

END.
